{"target": -2.6986756549977455, "params": {"colsample_bytree": 0.3025087773648923, "learning_rate": 0.26734367159454125, "max_bin": 279.56023589200794, "max_depth": 7.162540282262212, "min_child_samples": 341.54502278245883, "min_child_weight": 2.5546915345195926, "num_leaves": 495.91818729540023, "reg_alpha": 5.213970120615461, "reg_lambda": 3.151139084842747}, "datetime": {"datetime": "2019-11-19 07:47:12", "elapsed": 2027.172712, "delta": 26.843528}}
{"target": -2.704828986847116, "params": {"colsample_bytree": 0.488894928457466, "learning_rate": 0.7988022615843479, "max_bin": 247.43876867283845, "max_depth": 4.8894174648694, "min_child_samples": 66.2137702647257, "min_child_weight": 11.857555856536344, "num_leaves": 22.580010193798, "reg_alpha": 24.05036454789817, "reg_lambda": 24.41417899847699}, "datetime": {"datetime": "2019-11-19 07:47:39", "elapsed": 2054.763399, "delta": 27.590687}}
{"target": -2.694986959955872, "params": {"colsample_bytree": 0.22468378098989888, "learning_rate": 0.03157863454815501, "max_bin": 498.3449998958383, "max_depth": 3.5284529711779755, "min_child_samples": 1474.6458778970803, "min_child_weight": 417.8824367976749, "num_leaves": 21.638778926872803, "reg_alpha": 25.06439555015448, "reg_lambda": 23.447409717750908}, "datetime": {"datetime": "2019-11-19 07:48:13", "elapsed": 2088.855981, "delta": 34.092582}}
{"target": -2.7130727682420614, "params": {"colsample_bytree": 0.5897865539998749, "learning_rate": 0.6314655505654929, "max_bin": 14.897979467312924, "max_depth": 8.496956504410182, "min_child_samples": 1027.730531910377, "min_child_weight": 7.18999027955108, "num_leaves": 23.52524480328911, "reg_alpha": 24.771837353632574, "reg_lambda": 28.308481356268153}, "datetime": {"datetime": "2019-11-19 07:48:39", "elapsed": 2114.474659, "delta": 25.618678}}
{"target": -2.724814931706588, "params": {"colsample_bytree": 0.38268246069579326, "learning_rate": 0.6387588627439146, "max_bin": 212.70997134461516, "max_depth": 5.383775110713777, "min_child_samples": 1495.4877963004392, "min_child_weight": 311.93146539369474, "num_leaves": 6.109711645375704, "reg_alpha": 5.775893262065298, "reg_lambda": 7.592330497547549}, "datetime": {"datetime": "2019-11-19 07:49:04", "elapsed": 2139.16427, "delta": 24.689611}}
{"target": -2.7376528633826096, "params": {"colsample_bytree": 0.11259178796496572, "learning_rate": 0.8530712796845645, "max_bin": 498.2288631850045, "max_depth": 3.42348795354436, "min_child_samples": 1172.4022637231851, "min_child_weight": 990.5168121874145, "num_leaves": 454.42385349152875, "reg_alpha": 22.785952327133927, "reg_lambda": 23.080860093224707}, "datetime": {"datetime": "2019-11-19 07:49:28", "elapsed": 2163.820901, "delta": 24.656631}}
{"target": -2.6966336765441348, "params": {"colsample_bytree": 0.4026484109804667, "learning_rate": 0.30920000772810996, "max_bin": 268.06954835493804, "max_depth": 9.676908730442584, "min_child_samples": 78.59393649141374, "min_child_weight": 581.5914082747229, "num_leaves": 8.322517236318905, "reg_alpha": 29.331955906590455, "reg_lambda": 27.117892090126798}, "datetime": {"datetime": "2019-11-19 07:49:55", "elapsed": 2190.602852, "delta": 26.781951}}
{"target": -2.6985206336375254, "params": {"colsample_bytree": 0.37489727202766243, "learning_rate": 0.31365480264222906, "max_bin": 5.992460615958102, "max_depth": 6.084562660754074, "min_child_samples": 267.863863923804, "min_child_weight": 998.0163941352425, "num_leaves": 34.94252769450142, "reg_alpha": 13.051084316534942, "reg_lambda": 27.9850912357742}, "datetime": {"datetime": "2019-11-19 07:50:20", "elapsed": 2215.599963, "delta": 24.997111}}
{"target": -2.7079582589307853, "params": {"colsample_bytree": 0.07741947753916248, "learning_rate": 0.16145260580433943, "max_bin": 6.026469372834448, "max_depth": 7.442228770292451, "min_child_samples": 768.5243757892524, "min_child_weight": 810.4935456746684, "num_leaves": 481.5161402773065, "reg_alpha": 1.8709064161941538, "reg_lambda": 0.6586732830909858}, "datetime": {"datetime": "2019-11-19 07:50:45", "elapsed": 2240.549926, "delta": 24.949963}}
{"target": -2.7063686876211066, "params": {"colsample_bytree": 0.33239787561512796, "learning_rate": 0.30444202576578255, "max_bin": 7.520199707031151, "max_depth": 7.14569270500098, "min_child_samples": 968.4399854983184, "min_child_weight": 151.74823119922195, "num_leaves": 304.03170932401565, "reg_alpha": 11.419609657880065, "reg_lambda": 27.972073152669143}, "datetime": {"datetime": "2019-11-19 07:51:10", "elapsed": 2265.813734, "delta": 25.263808}}
{"target": -2.6957097856339622, "params": {"colsample_bytree": 0.17820446657438482, "learning_rate": 0.2812819228739, "max_bin": 492.1072963089818, "max_depth": 4.503837323961825, "min_child_samples": 389.347122797277, "min_child_weight": 999.2681882390742, "num_leaves": 14.650812007021813, "reg_alpha": 21.287748295483564, "reg_lambda": 7.181211724723451}, "datetime": {"datetime": "2019-11-19 07:51:37", "elapsed": 2292.278131, "delta": 26.464397}}
{"target": -2.688241254039922, "params": {"colsample_bytree": 0.4163571506519543, "learning_rate": 0.027028373684003043, "max_bin": 498.37728602687565, "max_depth": 7.982347213508836, "min_child_samples": 362.53809339983894, "min_child_weight": 996.1942557626105, "num_leaves": 286.8422355433494, "reg_alpha": 27.97280548374981, "reg_lambda": 7.215114487725711}, "datetime": {"datetime": "2019-11-19 07:52:23", "elapsed": 2339.099923, "delta": 46.821792}}
{"target": -2.7149394536646407, "params": {"colsample_bytree": 0.05241617665201012, "learning_rate": 0.3230947373424763, "max_bin": 11.920248874075892, "max_depth": 6.8883709746353095, "min_child_samples": 1486.7761479016008, "min_child_weight": 827.3066563064638, "num_leaves": 498.41467871475186, "reg_alpha": 2.9042431221449374, "reg_lambda": 2.833982699607094}, "datetime": {"datetime": "2019-11-19 07:52:48", "elapsed": 2363.842711, "delta": 24.742788}}
{"target": -2.7164524465492366, "params": {"colsample_bytree": 0.5070398852198121, "learning_rate": 0.5444993489296458, "max_bin": 3.9487223625176187, "max_depth": 7.006095375498896, "min_child_samples": 1253.846360761593, "min_child_weight": 382.30802611899543, "num_leaves": 62.9457785059744, "reg_alpha": 6.288008649007193, "reg_lambda": 1.031965901311911}, "datetime": {"datetime": "2019-11-19 07:53:13", "elapsed": 2388.735136, "delta": 24.892425}}
{"target": -2.74155841584415, "params": {"colsample_bytree": 0.28097882831452825, "learning_rate": 0.8580066476638416, "max_bin": 252.27899267999587, "max_depth": 3.7223282975842213, "min_child_samples": 1487.6835307058413, "min_child_weight": 808.3241575641122, "num_leaves": 14.025879224219837, "reg_alpha": 14.729027272141433, "reg_lambda": 6.30414567283755}, "datetime": {"datetime": "2019-11-19 07:53:38", "elapsed": 2413.700786, "delta": 24.96565}}
{"target": -2.6984342374143053, "params": {"colsample_bytree": 0.39998462701449, "learning_rate": 0.3249227362658004, "max_bin": 286.87173767802835, "max_depth": 4.608626098877348, "min_child_samples": 238.15736477450275, "min_child_weight": 214.5660852291763, "num_leaves": 494.72981087160423, "reg_alpha": 18.22678579463684, "reg_lambda": 28.003208540190506}, "datetime": {"datetime": "2019-11-19 07:54:05", "elapsed": 2440.155438, "delta": 26.454652}}
{"target": -2.7216579293384475, "params": {"colsample_bytree": 0.37085949501551496, "learning_rate": 0.8018641092628684, "max_bin": 8.941175000120253, "max_depth": 3.265090596744951, "min_child_samples": 1435.6900969648252, "min_child_weight": 905.0716048011101, "num_leaves": 236.9132975475141, "reg_alpha": 8.967113176104135, "reg_lambda": 26.863913316604844}, "datetime": {"datetime": "2019-11-19 07:54:29", "elapsed": 2464.637892, "delta": 24.482454}}
{"target": -2.702292667775137, "params": {"colsample_bytree": 0.47910975651284043, "learning_rate": 0.2502697083282481, "max_bin": 3.728062319803017, "max_depth": 4.335844757564143, "min_child_samples": 348.34959714360514, "min_child_weight": 0.8523153385117269, "num_leaves": 23.475106317844467, "reg_alpha": 23.254460052183514, "reg_lambda": 2.2606784248193286}, "datetime": {"datetime": "2019-11-19 07:54:54", "elapsed": 2490.095903, "delta": 25.458011}}
{"target": -2.742974623274239, "params": {"colsample_bytree": 0.23621459434669506, "learning_rate": 0.6601151115823893, "max_bin": 198.21433156854096, "max_depth": 8.588691026861515, "min_child_samples": 136.4413141070442, "min_child_weight": 0.5713224247575035, "num_leaves": 315.48899928622245, "reg_alpha": 24.96833053647193, "reg_lambda": 29.863925093482393}, "datetime": {"datetime": "2019-11-19 07:55:23", "elapsed": 2518.515487, "delta": 28.419584}}
{"target": -2.7173423580889837, "params": {"colsample_bytree": 0.38639178116760237, "learning_rate": 0.46982737285285353, "max_bin": 488.13835341229475, "max_depth": 8.591616233956938, "min_child_samples": 1496.6727703614404, "min_child_weight": 516.2604906988722, "num_leaves": 483.2545020649414, "reg_alpha": 28.803381579073992, "reg_lambda": 10.034704689470313}, "datetime": {"datetime": "2019-11-19 07:55:52", "elapsed": 2547.900613, "delta": 29.385126}}
{"target": -2.7426443674090493, "params": {"colsample_bytree": 0.2561884465220478, "learning_rate": 0.9701466027013459, "max_bin": 4.7993738562037525, "max_depth": 3.211467914532953, "min_child_samples": 1245.2149513065813, "min_child_weight": 319.9192891078501, "num_leaves": 493.13229797562786, "reg_alpha": 3.213302522609936, "reg_lambda": 26.57179987717895}, "datetime": {"datetime": "2019-11-19 07:56:16", "elapsed": 2571.898337, "delta": 23.997724}}
{"target": -2.740096579072561, "params": {"colsample_bytree": 0.36269294761650034, "learning_rate": 0.8584161888852723, "max_bin": 5.06091932126245, "max_depth": 9.351695577356757, "min_child_samples": 1458.3780582694942, "min_child_weight": 3.76929376257463, "num_leaves": 273.0861365107989, "reg_alpha": 22.13537276530289, "reg_lambda": 11.982211582096639}, "datetime": {"datetime": "2019-11-19 07:56:41", "elapsed": 2596.266294, "delta": 24.367957}}
{"target": -2.691504034466427, "params": {"colsample_bytree": 0.5985317187121869, "learning_rate": 0.15539038732632096, "max_bin": 287.88572202835803, "max_depth": 3.585057537127784, "min_child_samples": 847.2875704394842, "min_child_weight": 997.9839139753299, "num_leaves": 5.151338803581585, "reg_alpha": 25.303746889481918, "reg_lambda": 2.181667489112695}, "datetime": {"datetime": "2019-11-19 07:57:09", "elapsed": 2624.443315, "delta": 28.177021}}
{"target": -2.7017087063888203, "params": {"colsample_bytree": 0.5579249480963834, "learning_rate": 0.41234451239428893, "max_bin": 356.7358401887578, "max_depth": 5.734161827258079, "min_child_samples": 916.6840560679001, "min_child_weight": 233.87446345419906, "num_leaves": 416.22213853551364, "reg_alpha": 29.27491381242727, "reg_lambda": 1.9832022373780096}, "datetime": {"datetime": "2019-11-19 07:57:37", "elapsed": 2652.422111, "delta": 27.978796}}
{"target": -2.7565678660235418, "params": {"colsample_bytree": 0.09401202940890033, "learning_rate": 0.840457927522722, "max_bin": 18.490428464349975, "max_depth": 9.240795413521674, "min_child_samples": 483.2000190224913, "min_child_weight": 744.1352038167931, "num_leaves": 499.4247629975339, "reg_alpha": 6.48773231090463, "reg_lambda": 29.515986280666947}, "datetime": {"datetime": "2019-11-19 07:58:01", "elapsed": 2677.084514, "delta": 24.662403}}
{"target": -2.687913042553229, "params": {"colsample_bytree": 0.31713195031144664, "learning_rate": 0.037448818624905365, "max_bin": 271.2593473776636, "max_depth": 8.85732884422314, "min_child_samples": 745.0042654708814, "min_child_weight": 993.6193869283107, "num_leaves": 496.3398704340288, "reg_alpha": 18.626194793272816, "reg_lambda": 4.294287461221033}, "datetime": {"datetime": "2019-11-19 07:58:40", "elapsed": 2715.447764, "delta": 38.36325}}
{"target": -2.6940874494304285, "params": {"colsample_bytree": 0.4128063425583054, "learning_rate": 0.18505576463631562, "max_bin": 51.50265040033437, "max_depth": 8.227863949505453, "min_child_samples": 72.80691165612716, "min_child_weight": 986.0592574068928, "num_leaves": 199.70155771166512, "reg_alpha": 27.432635289223757, "reg_lambda": 8.633827658906498}, "datetime": {"datetime": "2019-11-19 07:59:08", "elapsed": 2743.614075, "delta": 28.166311}}
{"target": -2.6979263880490474, "params": {"colsample_bytree": 0.5676488258913145, "learning_rate": 0.35600634361364863, "max_bin": 217.63029103803322, "max_depth": 3.2743511021394474, "min_child_samples": 508.6101210030208, "min_child_weight": 987.431326533186, "num_leaves": 242.76128588002868, "reg_alpha": 22.242073924083734, "reg_lambda": 1.223056411360526}, "datetime": {"datetime": "2019-11-19 07:59:34", "elapsed": 2769.529194, "delta": 25.915119}}
{"target": -2.7453575806625294, "params": {"colsample_bytree": 0.5416114735268769, "learning_rate": 0.9746519903876885, "max_bin": 412.51999186518606, "max_depth": 7.433273542007548, "min_child_samples": 644.1599258116972, "min_child_weight": 28.09062113675228, "num_leaves": 495.1234274272058, "reg_alpha": 26.24183342565474, "reg_lambda": 27.54682554709209}, "datetime": {"datetime": "2019-11-19 08:00:02", "elapsed": 2798.108425, "delta": 28.579231}}
{"target": -2.7160481965401955, "params": {"colsample_bytree": 0.41960277171662813, "learning_rate": 0.6126542837192378, "max_bin": 474.18491269789934, "max_depth": 8.688653837335716, "min_child_samples": 228.79596642392295, "min_child_weight": 987.1173495669591, "num_leaves": 499.9873848519813, "reg_alpha": 29.004960395509993, "reg_lambda": 22.138868112811604}, "datetime": {"datetime": "2019-11-19 08:00:33", "elapsed": 2828.327072, "delta": 30.218647}}
{"target": -2.8113883803614863, "params": {"colsample_bytree": 0.05000000167846542, "learning_rate": 0.01, "max_bin": 2.0000000410185743, "max_depth": 3.000000005065059, "min_child_samples": 50.0, "min_child_weight": 1000.0, "num_leaves": 5.000000011363343, "reg_alpha": 0.1000000057813385, "reg_lambda": 0.10000001591919332}, "datetime": {"datetime": "2019-11-19 08:01:13", "elapsed": 2868.31025, "delta": 39.983178}}
{"target": -2.719144161607372, "params": {"colsample_bytree": 0.07077732231223818, "learning_rate": 0.43925368358589595, "max_bin": 17.482999724114496, "max_depth": 5.4804721658902515, "min_child_samples": 206.35563074129078, "min_child_weight": 770.5277872410805, "num_leaves": 9.006255423423337, "reg_alpha": 27.48517930290397, "reg_lambda": 2.2234761967747234}, "datetime": {"datetime": "2019-11-19 08:01:37", "elapsed": 2892.849679, "delta": 24.539429}}
{"target": -2.6935259061126997, "params": {"colsample_bytree": 0.44284784839572755, "learning_rate": 0.13625747323739867, "max_bin": 37.825525466207665, "max_depth": 4.613732491046226, "min_child_samples": 57.89600701210751, "min_child_weight": 778.2123560377617, "num_leaves": 206.8842824715966, "reg_alpha": 14.693986360351834, "reg_lambda": 29.892081226362066}, "datetime": {"datetime": "2019-11-19 08:02:06", "elapsed": 2921.242311, "delta": 28.392632}}
{"target": -2.6933338384906778, "params": {"colsample_bytree": 0.3673629354635361, "learning_rate": 0.18580825084947725, "max_bin": 489.3749965432145, "max_depth": 3.803006400553012, "min_child_samples": 778.3484729709962, "min_child_weight": 3.6308993399884786, "num_leaves": 15.555579058769498, "reg_alpha": 4.3933684012673, "reg_lambda": 6.1334720326210395}, "datetime": {"datetime": "2019-11-19 08:02:33", "elapsed": 2949.079985, "delta": 27.837674}}
{"target": -2.712366794289742, "params": {"colsample_bytree": 0.09264346522648664, "learning_rate": 0.33664438997326174, "max_bin": 469.74930140410567, "max_depth": 5.306609224921702, "min_child_samples": 350.1750568434169, "min_child_weight": 2.6858285779153372, "num_leaves": 12.968500103163137, "reg_alpha": 0.47822352855219896, "reg_lambda": 16.481967032702283}, "datetime": {"datetime": "2019-11-19 08:03:00", "elapsed": 2975.492557, "delta": 26.412572}}
{"target": -2.710274066910943, "params": {"colsample_bytree": 0.2120516238283367, "learning_rate": 0.5893507357184661, "max_bin": 31.235991821250362, "max_depth": 4.60458280593056, "min_child_samples": 691.2343568649937, "min_child_weight": 988.592939884404, "num_leaves": 337.44368983543177, "reg_alpha": 29.516734256921925, "reg_lambda": 27.529867524933678}, "datetime": {"datetime": "2019-11-19 08:03:25", "elapsed": 3000.65388, "delta": 25.161323}}
{"target": -2.697593744537964, "params": {"colsample_bytree": 0.3215205706059044, "learning_rate": 0.22783229767492016, "max_bin": 188.59693893361577, "max_depth": 8.200044982018703, "min_child_samples": 216.0236093063266, "min_child_weight": 993.2991811997483, "num_leaves": 43.05219547220608, "reg_alpha": 27.051974533072478, "reg_lambda": 27.21595910840438}, "datetime": {"datetime": "2019-11-19 08:03:53", "elapsed": 3028.325574, "delta": 27.671694}}
{"target": -2.8296510958863363, "params": {"colsample_bytree": 0.05708673365186723, "learning_rate": 0.874883591642194, "max_bin": 2.101885095131479, "max_depth": 4.268741951851921, "min_child_samples": 249.85246835217106, "min_child_weight": 960.9716237093179, "num_leaves": 189.33053435391713, "reg_alpha": 28.602785053234214, "reg_lambda": 29.522484825385106}, "datetime": {"datetime": "2019-11-19 08:04:17", "elapsed": 3052.516928, "delta": 24.191354}}
{"target": -2.7315667283076075, "params": {"colsample_bytree": 0.3758096044264383, "learning_rate": 0.8485607759393872, "max_bin": 278.70326115651824, "max_depth": 3.0753553622539127, "min_child_samples": 56.284340050069424, "min_child_weight": 906.0309079573597, "num_leaves": 475.3283774672767, "reg_alpha": 29.333213994188238, "reg_lambda": 18.67398210546582}, "datetime": {"datetime": "2019-11-19 08:04:43", "elapsed": 3078.953292, "delta": 26.436364}}
{"target": -2.6954709539995916, "params": {"colsample_bytree": 0.06331403230160301, "learning_rate": 0.12451735378904809, "max_bin": 250.48695917939258, "max_depth": 4.787814827761974, "min_child_samples": 520.3101989528884, "min_child_weight": 975.8008414370537, "num_leaves": 10.310627861128317, "reg_alpha": 11.786393333581826, "reg_lambda": 27.728797969072833}, "datetime": {"datetime": "2019-11-19 08:05:11", "elapsed": 3107.068374, "delta": 28.115082}}
{"target": -2.721219176086695, "params": {"colsample_bytree": 0.3866500972675794, "learning_rate": 0.7559165228980268, "max_bin": 12.728496263268232, "max_depth": 6.01932526135502, "min_child_samples": 1281.0623412301532, "min_child_weight": 989.6785831107559, "num_leaves": 19.372606855785484, "reg_alpha": 24.623062034641293, "reg_lambda": 10.373292501525745}, "datetime": {"datetime": "2019-11-19 08:05:37", "elapsed": 3133.010922, "delta": 25.942548}}
{"target": -2.700373607844985, "params": {"colsample_bytree": 0.42599048792655964, "learning_rate": 0.3112144033619054, "max_bin": 279.32686814697485, "max_depth": 9.163827193109261, "min_child_samples": 506.8429426245563, "min_child_weight": 997.8724678409313, "num_leaves": 466.8501528499863, "reg_alpha": 3.3825200300360154, "reg_lambda": 25.33168230201282}, "datetime": {"datetime": "2019-11-19 08:06:08", "elapsed": 3163.5324, "delta": 30.521478}}
{"target": -2.778460731063917, "params": {"colsample_bytree": 0.09671841625085384, "learning_rate": 0.8807391489847328, "max_bin": 32.52065147434708, "max_depth": 8.477639641337952, "min_child_samples": 547.2112958526648, "min_child_weight": 998.2841315149205, "num_leaves": 15.80816484854645, "reg_alpha": 1.1381543353434318, "reg_lambda": 18.745701754613485}, "datetime": {"datetime": "2019-11-19 08:06:34", "elapsed": 3189.272733, "delta": 25.740333}}
{"target": -2.8223090377293913, "params": {"colsample_bytree": 0.2754983709185418, "learning_rate": 0.6925684748639941, "max_bin": 2.4296078874663274, "max_depth": 8.504710457307874, "min_child_samples": 1483.6536344914657, "min_child_weight": 222.78415360272055, "num_leaves": 245.4917241789028, "reg_alpha": 4.421518034177214, "reg_lambda": 28.1309170156314}, "datetime": {"datetime": "2019-11-19 08:06:58", "elapsed": 3213.959162, "delta": 24.686429}}
{"target": -2.7165738239816433, "params": {"colsample_bytree": 0.3211835088813714, "learning_rate": 0.7283834393310524, "max_bin": 5.215716608256999, "max_depth": 8.728778730182935, "min_child_samples": 1310.157209782246, "min_child_weight": 721.2732562221103, "num_leaves": 11.657514292795533, "reg_alpha": 0.5660402970107955, "reg_lambda": 4.203745031596658}, "datetime": {"datetime": "2019-11-19 08:07:24", "elapsed": 3239.299048, "delta": 25.339886}}
{"target": -2.710444101414774, "params": {"colsample_bytree": 0.13706431789540124, "learning_rate": 0.41728861006397466, "max_bin": 216.19990607300517, "max_depth": 7.678691142670871, "min_child_samples": 1494.3985514993506, "min_child_weight": 31.024014072987693, "num_leaves": 457.1610221966593, "reg_alpha": 28.866855804338833, "reg_lambda": 29.512775071790735}, "datetime": {"datetime": "2019-11-19 08:07:50", "elapsed": 3265.735629, "delta": 26.436581}}
{"target": -2.702215423667721, "params": {"colsample_bytree": 0.26163060217608386, "learning_rate": 0.2825769743214984, "max_bin": 300.2009043756743, "max_depth": 5.838176371762444, "min_child_samples": 56.27019358851599, "min_child_weight": 987.6460291275155, "num_leaves": 283.38517210890996, "reg_alpha": 9.610460174894028, "reg_lambda": 28.580121527944126}, "datetime": {"datetime": "2019-11-19 08:08:19", "elapsed": 3294.534456, "delta": 28.798827}}
{"target": -2.6984358495716423, "params": {"colsample_bytree": 0.38339886607912615, "learning_rate": 0.17703836615763896, "max_bin": 358.35969627976516, "max_depth": 7.244526374254241, "min_child_samples": 1392.9447148019904, "min_child_weight": 971.179801390079, "num_leaves": 259.83315515173, "reg_alpha": 28.197271205549043, "reg_lambda": 0.8617531109784126}, "datetime": {"datetime": "2019-11-19 08:08:48", "elapsed": 3323.781182, "delta": 29.246726}}
