{"target": 0.5417612907797066, "params": {"colsample_bytree": 0.43773052018248043, "learning_rate": 0.49973039951807635, "max_bin": 481.492375101633, "max_depth": 9.34335735211203, "min_child_samples": 93.88423148067449, "min_child_weight": 609.6491917873775, "num_leaves": 8.779008798384144, "reg_alpha": 24.21772360737241, "reg_lambda": 5.393535667057034}, "datetime": {"datetime": "2019-11-19 09:17:53", "elapsed": 3555.46672, "delta": 49.213861}}
{"target": 0.5451555756435761, "params": {"colsample_bytree": 0.5064256327497842, "learning_rate": 0.16123950097339038, "max_bin": 5.909918204879451, "max_depth": 9.928488411056547, "min_child_samples": 78.70602392294565, "min_child_weight": 431.3474666912408, "num_leaves": 486.16360951330165, "reg_alpha": 0.2232663048914924, "reg_lambda": 19.19788555747461}, "datetime": {"datetime": "2019-11-19 09:18:51", "elapsed": 3612.872483, "delta": 57.405763}}
{"target": 0.5380978269921302, "params": {"colsample_bytree": 0.21085440414213563, "learning_rate": 0.2209033508014472, "max_bin": 357.2599953859443, "max_depth": 7.576076050366151, "min_child_samples": 50.688141968666635, "min_child_weight": 1.227617621897694, "num_leaves": 494.113348890033, "reg_alpha": 18.564240405473306, "reg_lambda": 16.77450041378052}, "datetime": {"datetime": "2019-11-19 09:19:51", "elapsed": 3673.214943, "delta": 60.34246}}
{"target": 0.5430281504340224, "params": {"colsample_bytree": 0.15528893182747572, "learning_rate": 0.2794606621349276, "max_bin": 496.81834683918436, "max_depth": 8.234868102318138, "min_child_samples": 522.9179978277956, "min_child_weight": 12.64587470820155, "num_leaves": 227.38679266041083, "reg_alpha": 0.4952004489860954, "reg_lambda": 25.48289155893592}, "datetime": {"datetime": "2019-11-19 09:20:46", "elapsed": 3728.087901, "delta": 54.872958}}
{"target": 0.5371726623783599, "params": {"colsample_bytree": 0.5065187218547278, "learning_rate": 0.884803553062818, "max_bin": 20.558358928095675, "max_depth": 8.960773331160432, "min_child_samples": 52.51639453304101, "min_child_weight": 0.10829645465423626, "num_leaves": 19.60572614476783, "reg_alpha": 27.00509568275486, "reg_lambda": 11.783757240104581}, "datetime": {"datetime": "2019-11-19 09:21:30", "elapsed": 3771.923677, "delta": 43.835776}}
{"target": 0.5454233364393003, "params": {"colsample_bytree": 0.30559749650651374, "learning_rate": 0.5376758411921629, "max_bin": 79.69629138197716, "max_depth": 8.709269401145477, "min_child_samples": 1283.1350148873355, "min_child_weight": 27.09526195926135, "num_leaves": 7.323139998385216, "reg_alpha": 7.67948799320635, "reg_lambda": 28.06273047783248}, "datetime": {"datetime": "2019-11-19 09:22:15", "elapsed": 3816.49879, "delta": 44.575113}}
{"target": 0.5411329115360163, "params": {"colsample_bytree": 0.11997741167914738, "learning_rate": 0.6233325570344348, "max_bin": 496.4007548231044, "max_depth": 7.7107353105127, "min_child_samples": 60.055053608938564, "min_child_weight": 598.5405373935932, "num_leaves": 499.4954077119329, "reg_alpha": 24.360126729045646, "reg_lambda": 26.619200566734644}, "datetime": {"datetime": "2019-11-19 09:23:00", "elapsed": 3861.669787, "delta": 45.170997}}
{"target": 0.5417381540139674, "params": {"colsample_bytree": 0.20393309381382319, "learning_rate": 0.11039313334158377, "max_bin": 495.4483103562053, "max_depth": 6.379998414807131, "min_child_samples": 272.93381777813715, "min_child_weight": 997.7686389841042, "num_leaves": 13.3106648648054, "reg_alpha": 0.9478335660923924, "reg_lambda": 13.470611364654594}, "datetime": {"datetime": "2019-11-19 09:23:59", "elapsed": 3921.359354, "delta": 59.689567}}
{"target": 0.5394916548051827, "params": {"colsample_bytree": 0.16662009684786028, "learning_rate": 0.1585801087907024, "max_bin": 493.8151364018349, "max_depth": 7.4278450953267035, "min_child_samples": 877.2451186464968, "min_child_weight": 985.3023663709062, "num_leaves": 495.5144531782013, "reg_alpha": 7.333888532598012, "reg_lambda": 2.7305149388811603}, "datetime": {"datetime": "2019-11-19 09:24:53", "elapsed": 3975.291198, "delta": 53.931844}}
{"target": 0.5405789270137547, "params": {"colsample_bytree": 0.5643854953484752, "learning_rate": 0.6640178222983262, "max_bin": 495.17941497701895, "max_depth": 3.4038019921052216, "min_child_samples": 1322.4804288223681, "min_child_weight": 403.4034326828618, "num_leaves": 9.406528886566864, "reg_alpha": 20.957576703469964, "reg_lambda": 0.19810895682704796}, "datetime": {"datetime": "2019-11-19 09:25:40", "elapsed": 4022.379991, "delta": 47.088793}}
{"target": 0.5471874836095616, "params": {"colsample_bytree": 0.5232466467140663, "learning_rate": 0.2655672880002457, "max_bin": 493.9270529691072, "max_depth": 6.220165313504944, "min_child_samples": 1496.3416521685904, "min_child_weight": 0.2108529361026802, "num_leaves": 112.81863247857625, "reg_alpha": 0.24279751500375152, "reg_lambda": 17.64342918680774}, "datetime": {"datetime": "2019-11-19 09:26:37", "elapsed": 4078.509874, "delta": 56.129883}}
{"target": 0.5447403772030973, "params": {"colsample_bytree": 0.48458343576853236, "learning_rate": 0.3866946516446906, "max_bin": 241.44676914598233, "max_depth": 9.238140319109684, "min_child_samples": 824.2165984969058, "min_child_weight": 5.191890371930262, "num_leaves": 240.41923384756848, "reg_alpha": 26.572779294593293, "reg_lambda": 26.975897040222996}, "datetime": {"datetime": "2019-11-19 09:27:25", "elapsed": 4126.665946, "delta": 48.156072}}
{"target": 0.5435544079504273, "params": {"colsample_bytree": 0.05929193952340745, "learning_rate": 0.4581723701644926, "max_bin": 496.611197188581, "max_depth": 4.627907375993146, "min_child_samples": 938.2453316498966, "min_child_weight": 798.8620527412249, "num_leaves": 13.937468718771946, "reg_alpha": 28.27259647272326, "reg_lambda": 0.7886398620552304}, "datetime": {"datetime": "2019-11-19 09:28:08", "elapsed": 4170.094946, "delta": 43.429}}
{"target": 0.4395685072675093, "params": {"colsample_bytree": 0.4839538898528999, "learning_rate": 0.7516619026790664, "max_bin": 2.0675427613781396, "max_depth": 6.61991751823969, "min_child_samples": 1218.4375648254777, "min_child_weight": 294.8746727423541, "num_leaves": 116.92141181427428, "reg_alpha": 29.127816728434837, "reg_lambda": 29.211393674107622}, "datetime": {"datetime": "2019-11-19 09:28:46", "elapsed": 4207.611654, "delta": 37.516708}}
{"target": 0.5445695761753178, "params": {"colsample_bytree": 0.5464056618831825, "learning_rate": 0.4499930382682391, "max_bin": 85.16431728801585, "max_depth": 4.546623039886253, "min_child_samples": 1050.6874299506212, "min_child_weight": 28.388711398060703, "num_leaves": 20.74636607043752, "reg_alpha": 1.386786465297896, "reg_lambda": 4.701795585342728}, "datetime": {"datetime": "2019-11-19 09:29:24", "elapsed": 4246.285377, "delta": 38.673723}}
{"target": 0.5428524650007022, "params": {"colsample_bytree": 0.5301445871171181, "learning_rate": 0.49195073617235785, "max_bin": 175.02878299251608, "max_depth": 4.29773637118745, "min_child_samples": 1493.9489656610685, "min_child_weight": 708.2520967807413, "num_leaves": 6.293938409148595, "reg_alpha": 1.6348998591520236, "reg_lambda": 8.398000041282979}, "datetime": {"datetime": "2019-11-19 09:30:03", "elapsed": 4285.229004, "delta": 38.943627}}
{"target": 0.5405527977636807, "params": {"colsample_bytree": 0.27912789553395584, "learning_rate": 0.46237574921244623, "max_bin": 136.38309172934717, "max_depth": 8.689064165756788, "min_child_samples": 1410.4860078484028, "min_child_weight": 978.8328535816646, "num_leaves": 333.25140080663266, "reg_alpha": 7.553939216247628, "reg_lambda": 0.14728552205589635}, "datetime": {"datetime": "2019-11-19 09:30:38", "elapsed": 4320.131644, "delta": 34.90264}}
{"target": 0.441234471778664, "params": {"colsample_bytree": 0.40598506604322065, "learning_rate": 0.5534488825198879, "max_bin": 2.022465382689668, "max_depth": 7.387410309525344, "min_child_samples": 689.7313336869988, "min_child_weight": 11.818987279770235, "num_leaves": 8.551787893634128, "reg_alpha": 16.770282689743407, "reg_lambda": 13.097296933270092}, "datetime": {"datetime": "2019-11-19 09:31:06", "elapsed": 4347.729902, "delta": 27.598258}}
{"target": 0.5398929251607888, "params": {"colsample_bytree": 0.5452746262454117, "learning_rate": 0.3942677330519484, "max_bin": 52.58818451917242, "max_depth": 8.329714416199057, "min_child_samples": 213.07056300978059, "min_child_weight": 172.50459953440136, "num_leaves": 6.802766021074897, "reg_alpha": 22.706314004082426, "reg_lambda": 29.68378284038683}, "datetime": {"datetime": "2019-11-19 09:31:40", "elapsed": 4382.208488, "delta": 34.478586}}
{"target": 0.5430234607263335, "params": {"colsample_bytree": 0.24583600641622505, "learning_rate": 0.1158308908621774, "max_bin": 238.054155545318, "max_depth": 8.922156444487252, "min_child_samples": 231.36229909299382, "min_child_weight": 5.58930975832796, "num_leaves": 111.8393691992514, "reg_alpha": 1.1571344777368788, "reg_lambda": 27.7970577456045}, "datetime": {"datetime": "2019-11-19 09:32:37", "elapsed": 4438.807197, "delta": 56.598709}}
{"target": 0.541940504983881, "params": {"colsample_bytree": 0.5636157808480597, "learning_rate": 0.657312852754777, "max_bin": 499.96757592095844, "max_depth": 3.530292964173931, "min_child_samples": 1488.2026811066178, "min_child_weight": 641.3213652111706, "num_leaves": 168.53823316611675, "reg_alpha": 1.0914617929022126, "reg_lambda": 2.97688431390851}, "datetime": {"datetime": "2019-11-19 09:33:14", "elapsed": 4475.58944, "delta": 36.782243}}
{"target": 0.541222489168885, "params": {"colsample_bytree": 0.0747474734371509, "learning_rate": 0.69474375369411, "max_bin": 216.15996433257908, "max_depth": 9.678627530613579, "min_child_samples": 994.2937646009009, "min_child_weight": 441.13091999669365, "num_leaves": 5.542240085988094, "reg_alpha": 8.159118264371862, "reg_lambda": 3.355643329405791}, "datetime": {"datetime": "2019-11-19 09:33:42", "elapsed": 4504.180417, "delta": 28.590977}}
{"target": 0.5455643300291645, "params": {"colsample_bytree": 0.42807293943459174, "learning_rate": 0.27017319161321474, "max_bin": 90.2469905118963, "max_depth": 6.608575693859356, "min_child_samples": 1482.2416967187635, "min_child_weight": 3.11546784119105, "num_leaves": 267.0372212008598, "reg_alpha": 0.4185877489391975, "reg_lambda": 29.93255943331019}, "datetime": {"datetime": "2019-11-19 09:34:18", "elapsed": 4539.769674, "delta": 35.589257}}
{"target": 0.5478789703820481, "params": {"colsample_bytree": 0.2818459657659059, "learning_rate": 0.7722773986450662, "max_bin": 191.823500370247, "max_depth": 8.765880529763429, "min_child_samples": 1496.80898844296, "min_child_weight": 259.37301788630367, "num_leaves": 496.9817295163698, "reg_alpha": 3.7411236808602255, "reg_lambda": 0.7017717531080178}, "datetime": {"datetime": "2019-11-19 09:34:49", "elapsed": 4571.176718, "delta": 31.407044}}
{"target": 0.5379037180349726, "params": {"colsample_bytree": 0.535153633067239, "learning_rate": 0.6515099886979532, "max_bin": 3.957638714695862, "max_depth": 7.380777916211996, "min_child_samples": 256.2854802638316, "min_child_weight": 849.8655275349677, "num_leaves": 388.1887553019137, "reg_alpha": 2.490617272191799, "reg_lambda": 7.235892901351928}, "datetime": {"datetime": "2019-11-19 09:35:26", "elapsed": 4608.47058, "delta": 37.293862}}
{"target": 0.5466513655718399, "params": {"colsample_bytree": 0.08837691813964765, "learning_rate": 0.05157270705863769, "max_bin": 470.39877215239153, "max_depth": 3.9779113566502318, "min_child_samples": 1465.6010041478733, "min_child_weight": 16.028892243649224, "num_leaves": 41.450408672035174, "reg_alpha": 10.716362700579268, "reg_lambda": 17.52022196938918}, "datetime": {"datetime": "2019-11-19 09:36:15", "elapsed": 4656.834073, "delta": 48.363493}}
{"target": 0.5370275490968688, "params": {"colsample_bytree": 0.17457754172652204, "learning_rate": 0.7535654497465398, "max_bin": 180.55898600533405, "max_depth": 5.981561096894675, "min_child_samples": 952.4282809151034, "min_child_weight": 796.9718964882757, "num_leaves": 497.0329949481794, "reg_alpha": 3.3152846197700288, "reg_lambda": 1.4609435910931974}, "datetime": {"datetime": "2019-11-19 09:36:44", "elapsed": 4685.701187, "delta": 28.867114}}
{"target": 0.5397366257185834, "params": {"colsample_bytree": 0.4298623954829582, "learning_rate": 0.42596241759874187, "max_bin": 492.01853622006746, "max_depth": 7.0193075389229, "min_child_samples": 1162.05559537793, "min_child_weight": 983.9418294858737, "num_leaves": 11.765175268020032, "reg_alpha": 2.283407832528454, "reg_lambda": 1.3093466519348285}, "datetime": {"datetime": "2019-11-19 09:37:21", "elapsed": 4723.245443, "delta": 37.544256}}
{"target": 0.5396095940411957, "params": {"colsample_bytree": 0.4765019677378897, "learning_rate": 0.8820422493330953, "max_bin": 493.68514205679315, "max_depth": 7.447310510812387, "min_child_samples": 1272.0627999607575, "min_child_weight": 3.817181092760065, "num_leaves": 397.9128682576675, "reg_alpha": 1.578881362071125, "reg_lambda": 1.4961249465940991}, "datetime": {"datetime": "2019-11-19 09:38:00", "elapsed": 4762.144504, "delta": 38.899061}}
{"target": 0.5476408606335115, "params": {"colsample_bytree": 0.11515364191305368, "learning_rate": 0.38620126426019613, "max_bin": 496.5136432607267, "max_depth": 5.073557894391225, "min_child_samples": 1483.3152108339282, "min_child_weight": 243.6280753796372, "num_leaves": 11.517853212681565, "reg_alpha": 4.205427702257921, "reg_lambda": 22.97323675835175}, "datetime": {"datetime": "2019-11-19 09:38:33", "elapsed": 4794.692076, "delta": 32.547572}}
{"target": 0.5435986621173757, "params": {"colsample_bytree": 0.2785887973201528, "learning_rate": 0.48249777442992337, "max_bin": 275.6129047483556, "max_depth": 4.4110011064042105, "min_child_samples": 67.9782344430084, "min_child_weight": 593.7795810261238, "num_leaves": 21.3084776435781, "reg_alpha": 2.7186274437339937, "reg_lambda": 29.44217146085677}, "datetime": {"datetime": "2019-11-19 09:39:06", "elapsed": 4828.265418, "delta": 33.573342}}
{"target": 0.539932968993446, "params": {"colsample_bytree": 0.5839105412739912, "learning_rate": 0.7915634206048229, "max_bin": 11.701704396253607, "max_depth": 9.441758098230991, "min_child_samples": 1490.80983018967, "min_child_weight": 996.1275579222342, "num_leaves": 112.07115929541172, "reg_alpha": 1.3620303635665132, "reg_lambda": 1.22985490297439}, "datetime": {"datetime": "2019-11-19 09:39:40", "elapsed": 4861.704649, "delta": 33.439231}}
{"target": 0.541084318129615, "params": {"colsample_bytree": 0.36431905955764954, "learning_rate": 0.294905941190963, "max_bin": 493.08711532386764, "max_depth": 9.344652516894993, "min_child_samples": 554.6257624435459, "min_child_weight": 576.1449599972403, "num_leaves": 257.6864786200674, "reg_alpha": 25.42910860253218, "reg_lambda": 25.636005983257277}, "datetime": {"datetime": "2019-11-19 09:40:20", "elapsed": 4901.671518, "delta": 39.966869}}
{"target": 0.5393900671989991, "params": {"colsample_bytree": 0.5902397756907906, "learning_rate": 0.7740036702377464, "max_bin": 8.2839183124689, "max_depth": 6.9523302177714, "min_child_samples": 1067.1293452200225, "min_child_weight": 614.1421023568929, "num_leaves": 497.1584851857772, "reg_alpha": 0.33789703347985833, "reg_lambda": 2.6016083568492236}, "datetime": {"datetime": "2019-11-19 09:40:55", "elapsed": 4936.695955, "delta": 35.024437}}
{"target": 0.5431286962448855, "params": {"colsample_bytree": 0.24458980286209808, "learning_rate": 0.46607986963966846, "max_bin": 498.12298562525586, "max_depth": 5.40210893939138, "min_child_samples": 1244.0587849358192, "min_child_weight": 987.9684146142924, "num_leaves": 495.6896113946702, "reg_alpha": 27.40060303573085, "reg_lambda": 16.924786524375524}, "datetime": {"datetime": "2019-11-19 09:41:29", "elapsed": 4971.408583, "delta": 34.712628}}
{"target": 0.5289105897868626, "params": {"colsample_bytree": 0.4175178211955947, "learning_rate": 0.9976035250077696, "max_bin": 259.5761798573227, "max_depth": 9.58254525291063, "min_child_samples": 405.7083296822905, "min_child_weight": 141.93542257778728, "num_leaves": 9.777298952325395, "reg_alpha": 3.58290083293734, "reg_lambda": 29.76219992935851}, "datetime": {"datetime": "2019-11-19 09:42:07", "elapsed": 5008.696832, "delta": 37.288249}}
{"target": 0.5383425120957845, "params": {"colsample_bytree": 0.18693048305723897, "learning_rate": 0.881737271981718, "max_bin": 498.82484123502655, "max_depth": 9.059010911684943, "min_child_samples": 785.6376215937757, "min_child_weight": 248.4888492030465, "num_leaves": 70.17002820244045, "reg_alpha": 6.644870515663371, "reg_lambda": 27.361381283096943}, "datetime": {"datetime": "2019-11-19 09:42:41", "elapsed": 5042.555629, "delta": 33.858797}}
{"target": 0.5412961119973547, "params": {"colsample_bytree": 0.5882584243064926, "learning_rate": 0.742716530536534, "max_bin": 485.91869588903023, "max_depth": 7.531683757028313, "min_child_samples": 467.13146817372484, "min_child_weight": 658.8009278196223, "num_leaves": 5.6376210152984765, "reg_alpha": 5.923602417127029, "reg_lambda": 4.274443822536287}, "datetime": {"datetime": "2019-11-19 09:43:19", "elapsed": 5081.029346, "delta": 38.473717}}
{"target": 0.5408842638260938, "params": {"colsample_bytree": 0.20043078341973253, "learning_rate": 0.5595518551119439, "max_bin": 493.60151138508263, "max_depth": 4.275403333727962, "min_child_samples": 213.7195680510003, "min_child_weight": 11.677487939490566, "num_leaves": 287.49438047766273, "reg_alpha": 29.24529252137133, "reg_lambda": 20.99678694260895}, "datetime": {"datetime": "2019-11-19 09:43:50", "elapsed": 5112.274798, "delta": 31.245452}}
{"target": 0.5125034930850649, "params": {"colsample_bytree": 0.38427835119635473, "learning_rate": 0.9449528483547823, "max_bin": 3.148406510436188, "max_depth": 6.540455439681716, "min_child_samples": 54.142335933199135, "min_child_weight": 80.53932087573114, "num_leaves": 258.8961592383836, "reg_alpha": 3.918598930979389, "reg_lambda": 29.858404867418987}, "datetime": {"datetime": "2019-11-19 09:44:25", "elapsed": 5147.108061, "delta": 34.833263}}
{"target": 0.5430991642979907, "params": {"colsample_bytree": 0.1788956566044667, "learning_rate": 0.4762701360179008, "max_bin": 466.7577759562367, "max_depth": 6.910145052012002, "min_child_samples": 575.1676316179779, "min_child_weight": 22.456304480631314, "num_leaves": 499.9425851889162, "reg_alpha": 21.717580157156707, "reg_lambda": 2.5268813991445755}, "datetime": {"datetime": "2019-11-19 09:44:59", "elapsed": 5180.797325, "delta": 33.689264}}
{"target": 0.5419925190335739, "params": {"colsample_bytree": 0.3067145661542046, "learning_rate": 0.871834838538172, "max_bin": 258.06740912220766, "max_depth": 5.275164124166608, "min_child_samples": 380.187429469326, "min_child_weight": 999.5840826669013, "num_leaves": 5.924322549407072, "reg_alpha": 27.815957711500992, "reg_lambda": 9.999761708685778}, "datetime": {"datetime": "2019-11-19 09:45:31", "elapsed": 5212.5931, "delta": 31.795775}}
{"target": 0.5417626561070549, "params": {"colsample_bytree": 0.40986058949895793, "learning_rate": 0.31103816913073806, "max_bin": 224.45407177663722, "max_depth": 3.7437642556346455, "min_child_samples": 70.41268145751646, "min_child_weight": 612.744958325584, "num_leaves": 495.24009685974363, "reg_alpha": 1.1751749401215925, "reg_lambda": 2.7968050410589624}, "datetime": {"datetime": "2019-11-19 09:46:10", "elapsed": 5251.678686, "delta": 39.085586}}
{"target": 0.5426924233272518, "params": {"colsample_bytree": 0.5950480829511504, "learning_rate": 0.34800000638208106, "max_bin": 12.989058260885017, "max_depth": 3.795497295408407, "min_child_samples": 602.4802523280954, "min_child_weight": 695.0349734465908, "num_leaves": 487.51515480379436, "reg_alpha": 2.6911787989352876, "reg_lambda": 29.90994715700869}, "datetime": {"datetime": "2019-11-19 09:46:50", "elapsed": 5292.213511, "delta": 40.534825}}
{"target": 0.5426218452676592, "params": {"colsample_bytree": 0.07085013022376588, "learning_rate": 0.33982981195557266, "max_bin": 335.94196579039004, "max_depth": 8.445035437520964, "min_child_samples": 1480.659536673311, "min_child_weight": 979.7531032416842, "num_leaves": 11.701516513504592, "reg_alpha": 6.185859839241023, "reg_lambda": 29.41751554509708}, "datetime": {"datetime": "2019-11-19 09:47:22", "elapsed": 5323.81521, "delta": 31.601699}}
{"target": 0.5468004419942099, "params": {"colsample_bytree": 0.47477491962681967, "learning_rate": 0.25361001519851806, "max_bin": 171.9375243280197, "max_depth": 9.981951712569625, "min_child_samples": 1101.7894381828216, "min_child_weight": 426.1858066468439, "num_leaves": 277.61306477840316, "reg_alpha": 2.4911894076818495, "reg_lambda": 1.9074211638369591}, "datetime": {"datetime": "2019-11-19 09:48:02", "elapsed": 5363.860627, "delta": 40.045417}}
{"target": 0.5415940708200673, "params": {"colsample_bytree": 0.05945293903461406, "learning_rate": 0.13015258323717993, "max_bin": 165.4609340283393, "max_depth": 4.6471349040822005, "min_child_samples": 1498.1756666946947, "min_child_weight": 24.357477057912636, "num_leaves": 20.065751663583804, "reg_alpha": 8.05658866651976, "reg_lambda": 21.49527872981416}, "datetime": {"datetime": "2019-11-19 09:48:39", "elapsed": 5400.666579, "delta": 36.805952}}
{"target": 0.5438430946377549, "params": {"colsample_bytree": 0.2723951064414545, "learning_rate": 0.2897607121750778, "max_bin": 22.909184721641328, "max_depth": 5.080091100388217, "min_child_samples": 869.9325343953005, "min_child_weight": 822.1655745758759, "num_leaves": 189.6149490969444, "reg_alpha": 0.7446403139682608, "reg_lambda": 1.9137481220753982}, "datetime": {"datetime": "2019-11-19 09:49:14", "elapsed": 5436.444328, "delta": 35.777749}}
