{"target": 0.7263253181708853, "params": {"colsample_bytree": 0.44420168358602746, "learning_rate": 0.21980669253636312, "max_bin": 40.541655098916216, "max_depth": 8.396281106270212, "min_child_samples": 62.69306672696762, "min_child_weight": 6.895993310689118, "num_leaves": 497.61212120540335, "reg_alpha": 0.1457918249254632, "reg_lambda": 29.189819076540427}, "datetime": {"datetime": "2019-11-19 06:22:24", "elapsed": 2876.125284, "delta": 46.668144}}
{"target": 0.7146496905335503, "params": {"colsample_bytree": 0.4414358814192321, "learning_rate": 0.3730511754987869, "max_bin": 354.1292407558365, "max_depth": 8.775462566357943, "min_child_samples": 726.8157614010044, "min_child_weight": 654.4186597994338, "num_leaves": 7.373725715034395, "reg_alpha": 1.4197495431783431, "reg_lambda": 29.454100143346224}, "datetime": {"datetime": "2019-11-19 06:23:08", "elapsed": 2920.096027, "delta": 43.970743}}
{"target": 0.725832059536142, "params": {"colsample_bytree": 0.5422599460161014, "learning_rate": 0.5214441743010572, "max_bin": 65.42801355062333, "max_depth": 6.294328018529329, "min_child_samples": 53.64528064343534, "min_child_weight": 109.52241730914484, "num_leaves": 5.70550550970771, "reg_alpha": 1.5335119066735425, "reg_lambda": 8.713988366699652}, "datetime": {"datetime": "2019-11-19 06:23:51", "elapsed": 2963.044961, "delta": 42.948934}}
{"target": 0.7248935348239681, "params": {"colsample_bytree": 0.5346095656070524, "learning_rate": 0.9083347976982131, "max_bin": 5.762617836259086, "max_depth": 7.066530756283695, "min_child_samples": 1497.9096102045125, "min_child_weight": 3.69531667517305, "num_leaves": 382.3796940509559, "reg_alpha": 7.0863453307726525, "reg_lambda": 29.553497070500168}, "datetime": {"datetime": "2019-11-19 06:24:34", "elapsed": 3005.996595, "delta": 42.951634}}
{"target": 0.7254177122656297, "params": {"colsample_bytree": 0.29272418170874237, "learning_rate": 0.5200330340081274, "max_bin": 320.9058598977337, "max_depth": 6.469688097545054, "min_child_samples": 1344.2957525260226, "min_child_weight": 33.57008532643019, "num_leaves": 498.04512331731064, "reg_alpha": 2.460216012923771, "reg_lambda": 16.334145231202147}, "datetime": {"datetime": "2019-11-19 06:25:17", "elapsed": 3048.94714, "delta": 42.950545}}
{"target": 0.7258409546865445, "params": {"colsample_bytree": 0.21354352076807487, "learning_rate": 0.1576252319878783, "max_bin": 3.020245234247718, "max_depth": 5.428476272037653, "min_child_samples": 737.294881379941, "min_child_weight": 10.069492979482641, "num_leaves": 226.65426653013543, "reg_alpha": 29.981333118596883, "reg_lambda": 1.2612760251813748}, "datetime": {"datetime": "2019-11-19 06:25:59", "elapsed": 3091.10832, "delta": 42.16118}}
{"target": 0.7321826240459486, "params": {"colsample_bytree": 0.4547838746359774, "learning_rate": 0.018454579145413937, "max_bin": 355.39537668541817, "max_depth": 4.453677114738225, "min_child_samples": 1425.5396493373908, "min_child_weight": 207.52255628016596, "num_leaves": 106.17248307739705, "reg_alpha": 2.4957592281983514, "reg_lambda": 26.689248431731563}, "datetime": {"datetime": "2019-11-19 06:27:05", "elapsed": 3157.068899, "delta": 65.960579}}
{"target": 0.7301814179096068, "params": {"colsample_bytree": 0.4389894289495075, "learning_rate": 0.24805052669606428, "max_bin": 161.71074302345684, "max_depth": 5.357148673874017, "min_child_samples": 1443.0069413250274, "min_child_weight": 345.77756640892477, "num_leaves": 488.55761060343673, "reg_alpha": 2.5696607312902073, "reg_lambda": 28.319126297294137}, "datetime": {"datetime": "2019-11-19 06:27:48", "elapsed": 3200.14447, "delta": 43.075571}}
{"target": 0.7289295516711756, "params": {"colsample_bytree": 0.22492773302222258, "learning_rate": 0.5034763241711989, "max_bin": 496.83550332529984, "max_depth": 3.79559054354737, "min_child_samples": 58.228947225182665, "min_child_weight": 221.59841813628663, "num_leaves": 9.846546317609189, "reg_alpha": 0.28213924812636226, "reg_lambda": 29.590484386627818}, "datetime": {"datetime": "2019-11-19 06:28:31", "elapsed": 3243.283882, "delta": 43.139412}}
{"target": 0.7250169559157327, "params": {"colsample_bytree": 0.16256894156235008, "learning_rate": 0.19205649813205378, "max_bin": 482.71802743732576, "max_depth": 9.683216789741028, "min_child_samples": 263.2842083619581, "min_child_weight": 484.24737782951763, "num_leaves": 14.04506864802907, "reg_alpha": 3.3440153490584246, "reg_lambda": 29.280091330912178}, "datetime": {"datetime": "2019-11-19 06:29:16", "elapsed": 3288.043158, "delta": 44.759276}}
{"target": 0.7226980389741839, "params": {"colsample_bytree": 0.06556208484118346, "learning_rate": 0.7412796327818825, "max_bin": 214.64253262131817, "max_depth": 8.924275367522387, "min_child_samples": 1322.787004075977, "min_child_weight": 306.76705363978965, "num_leaves": 194.03093261909257, "reg_alpha": 0.2599030343233223, "reg_lambda": 3.3855076655753256}, "datetime": {"datetime": "2019-11-19 06:29:56", "elapsed": 3327.64707, "delta": 39.603912}}
{"target": 0.7279057894359996, "params": {"colsample_bytree": 0.17410777904636915, "learning_rate": 0.8264953824385524, "max_bin": 492.4043760596232, "max_depth": 6.411055934154378, "min_child_samples": 190.71301104158385, "min_child_weight": 8.689130249116747, "num_leaves": 29.1912423747059, "reg_alpha": 24.551831212468716, "reg_lambda": 26.508935410478884}, "datetime": {"datetime": "2019-11-19 06:30:37", "elapsed": 3369.049804, "delta": 41.402734}}
{"target": 0.7300704835506541, "params": {"colsample_bytree": 0.10198450427689518, "learning_rate": 0.12244307129059841, "max_bin": 498.91578423515193, "max_depth": 7.395517966856395, "min_child_samples": 716.125343267472, "min_child_weight": 5.237085529426041, "num_leaves": 5.3362568719484695, "reg_alpha": 28.71762153003742, "reg_lambda": 15.82562080021034}, "datetime": {"datetime": "2019-11-19 06:31:20", "elapsed": 3412.478769, "delta": 43.428965}}
{"target": 0.7269753781971475, "params": {"colsample_bytree": 0.23853152230897307, "learning_rate": 0.31979904306356244, "max_bin": 492.307808431799, "max_depth": 7.567264540084902, "min_child_samples": 1354.352816929541, "min_child_weight": 414.11422285742543, "num_leaves": 6.604220655005774, "reg_alpha": 16.276543071756958, "reg_lambda": 26.639694524036855}, "datetime": {"datetime": "2019-11-19 06:32:04", "elapsed": 3456.219734, "delta": 43.740965}}
{"target": 0.713112825608179, "params": {"colsample_bytree": 0.5285668160589678, "learning_rate": 0.1013616109866806, "max_bin": 149.83443930037768, "max_depth": 7.293542151321883, "min_child_samples": 1015.6108684720665, "min_child_weight": 676.5879152538295, "num_leaves": 268.38615200384095, "reg_alpha": 29.553638627368283, "reg_lambda": 26.395771717647577}, "datetime": {"datetime": "2019-11-19 06:33:29", "elapsed": 3541.198528, "delta": 84.978794}}
{"target": 0.7206950603648388, "params": {"colsample_bytree": 0.19947898957677218, "learning_rate": 0.9377952587546274, "max_bin": 4.508363479519469, "max_depth": 7.101989633825784, "min_child_samples": 1261.553475463461, "min_child_weight": 485.66587360752743, "num_leaves": 497.2549969454927, "reg_alpha": 5.553700593213107, "reg_lambda": 19.734966938035324}, "datetime": {"datetime": "2019-11-19 06:34:11", "elapsed": 3582.976963, "delta": 41.778435}}
{"target": 0.7301490708594995, "params": {"colsample_bytree": 0.2219437372183241, "learning_rate": 0.1109496451717509, "max_bin": 498.07251634438876, "max_depth": 4.391881911113014, "min_child_samples": 1464.0373280108113, "min_child_weight": 169.04605135711728, "num_leaves": 285.73209873281064, "reg_alpha": 2.2416728647188395, "reg_lambda": 29.66577166522713}, "datetime": {"datetime": "2019-11-19 06:34:58", "elapsed": 3629.659121, "delta": 46.682158}}
{"target": 0.7290035934332691, "params": {"colsample_bytree": 0.4223087630682246, "learning_rate": 0.23025624697347807, "max_bin": 103.20540707235857, "max_depth": 5.723968895606355, "min_child_samples": 1136.9571336868735, "min_child_weight": 62.87641289618846, "num_leaves": 7.248072791723852, "reg_alpha": 18.856167752769792, "reg_lambda": 1.1983982623894471}, "datetime": {"datetime": "2019-11-19 06:35:41", "elapsed": 3673.465746, "delta": 43.806625}}
{"target": 0.7323005749536905, "params": {"colsample_bytree": 0.44803624525726277, "learning_rate": 0.18736185876753636, "max_bin": 296.18519132242767, "max_depth": 3.6490349893182064, "min_child_samples": 1474.4204020815623, "min_child_weight": 121.11185733559293, "num_leaves": 9.35389400660581, "reg_alpha": 22.995448212267416, "reg_lambda": 29.919522259121404}, "datetime": {"datetime": "2019-11-19 06:36:25", "elapsed": 3717.562292, "delta": 44.096546}}
{"target": 0.7129336471689165, "params": {"colsample_bytree": 0.4442321262458375, "learning_rate": 0.5629639407170692, "max_bin": 308.93933170746647, "max_depth": 8.800637201934116, "min_child_samples": 986.4521231695065, "min_child_weight": 669.8584649243361, "num_leaves": 8.782077284000316, "reg_alpha": 29.172568039789184, "reg_lambda": 21.927210080198353}, "datetime": {"datetime": "2019-11-19 06:37:30", "elapsed": 3781.67412, "delta": 64.111828}}
{"target": 0.6453767655305456, "params": {"colsample_bytree": 0.4163388205794111, "learning_rate": 0.2573753457127639, "max_bin": 2.1069890452760003, "max_depth": 8.57699760425703, "min_child_samples": 639.907248662259, "min_child_weight": 369.33436221878236, "num_leaves": 9.429151011751737, "reg_alpha": 3.494364242589472, "reg_lambda": 3.7621521735210264}, "datetime": {"datetime": "2019-11-19 06:38:13", "elapsed": 3824.740197, "delta": 43.066077}}
{"target": 0.7268992764643661, "params": {"colsample_bytree": 0.2698348967186427, "learning_rate": 0.14422544960799874, "max_bin": 24.241459955271885, "max_depth": 3.3102129674666934, "min_child_samples": 673.4230513602457, "min_child_weight": 146.68000700839409, "num_leaves": 28.962851887187032, "reg_alpha": 29.671997199218417, "reg_lambda": 28.632952433770562}, "datetime": {"datetime": "2019-11-19 06:38:55", "elapsed": 3867.114146, "delta": 42.373949}}
{"target": 0.7179740917094348, "params": {"colsample_bytree": 0.080999691893304, "learning_rate": 0.9245223891114022, "max_bin": 218.74267219277652, "max_depth": 9.360534023493862, "min_child_samples": 308.68290586763135, "min_child_weight": 575.8974746138475, "num_leaves": 12.760294493483093, "reg_alpha": 3.136401253918711, "reg_lambda": 27.954267654944836}, "datetime": {"datetime": "2019-11-19 06:39:34", "elapsed": 3906.226501, "delta": 39.112355}}
{"target": 0.7247315108132181, "params": {"colsample_bytree": 0.1655860765788163, "learning_rate": 0.24606620617000788, "max_bin": 3.80783880881334, "max_depth": 4.142163152495493, "min_child_samples": 468.1019109292077, "min_child_weight": 162.43074296610078, "num_leaves": 101.88993719045189, "reg_alpha": 28.62501124728946, "reg_lambda": 2.073116992107863}, "datetime": {"datetime": "2019-11-19 06:40:14", "elapsed": 3945.885012, "delta": 39.658511}}
{"target": 0.6370669601299355, "params": {"colsample_bytree": 0.12331921290107244, "learning_rate": 0.6276601162549589, "max_bin": 7.72129465029133, "max_depth": 8.078082815635884, "min_child_samples": 1449.3864386873972, "min_child_weight": 999.8661466054895, "num_leaves": 499.7706499159587, "reg_alpha": 10.759573095152428, "reg_lambda": 2.0699333504168367}, "datetime": {"datetime": "2019-11-19 06:40:58", "elapsed": 3990.406253, "delta": 44.521241}}
{"target": 0.7224994204660742, "params": {"colsample_bytree": 0.5274277950139536, "learning_rate": 0.08243293114692384, "max_bin": 241.30403953487985, "max_depth": 5.336707061277934, "min_child_samples": 583.5320466169103, "min_child_weight": 535.8326393706808, "num_leaves": 170.2946667419372, "reg_alpha": 28.510406038606966, "reg_lambda": 28.965787349101188}, "datetime": {"datetime": "2019-11-19 06:41:51", "elapsed": 4042.994693, "delta": 52.58844}}
{"target": 0.6831994133086964, "params": {"colsample_bytree": 0.509355288733185, "learning_rate": 0.5770143421237505, "max_bin": 493.6161659445846, "max_depth": 8.962871981990283, "min_child_samples": 693.0670380283312, "min_child_weight": 931.3596997659885, "num_leaves": 494.69548730983826, "reg_alpha": 21.432832386835354, "reg_lambda": 4.8633649117088975}, "datetime": {"datetime": "2019-11-19 06:42:49", "elapsed": 4101.224044, "delta": 58.229351}}
{"target": 0.7265195372063692, "params": {"colsample_bytree": 0.36008748391084555, "learning_rate": 0.4694793618053975, "max_bin": 134.39083941087165, "max_depth": 9.70010222992496, "min_child_samples": 861.3390928511908, "min_child_weight": 236.4727696641477, "num_leaves": 72.27485275899528, "reg_alpha": 28.307036232903265, "reg_lambda": 26.88260311963553}, "datetime": {"datetime": "2019-11-19 06:43:31", "elapsed": 4143.107927, "delta": 41.883883}}
{"target": 0.7225306700081541, "params": {"colsample_bytree": 0.4215797998093299, "learning_rate": 0.2790418905820202, "max_bin": 498.0672803282927, "max_depth": 5.265901121456109, "min_child_samples": 571.2059612210311, "min_child_weight": 497.3621092791369, "num_leaves": 493.7656389757844, "reg_alpha": 27.623819606999735, "reg_lambda": 0.6035146395835069}, "datetime": {"datetime": "2019-11-19 06:44:14", "elapsed": 4186.196441, "delta": 43.088514}}
{"target": 0.7246714097075408, "params": {"colsample_bytree": 0.44277004143183907, "learning_rate": 0.833693656995553, "max_bin": 3.379089461170186, "max_depth": 7.35600956124957, "min_child_samples": 475.3412918350149, "min_child_weight": 257.2996176300359, "num_leaves": 265.80143449863095, "reg_alpha": 5.359835992153525, "reg_lambda": 22.92846732345517}, "datetime": {"datetime": "2019-11-19 06:44:56", "elapsed": 4228.209549, "delta": 42.013108}}
{"target": 0.7321755661256812, "params": {"colsample_bytree": 0.22246944018045273, "learning_rate": 0.023484829275150644, "max_bin": 4.873722667146155, "max_depth": 9.859896960885528, "min_child_samples": 799.160616685619, "min_child_weight": 151.4821835857292, "num_leaves": 166.3142887804036, "reg_alpha": 2.1396321736542645, "reg_lambda": 2.5278326482534634}, "datetime": {"datetime": "2019-11-19 06:45:47", "elapsed": 4279.334474, "delta": 51.124925}}
{"target": 0.7231127366678611, "params": {"colsample_bytree": 0.30932333274610324, "learning_rate": 0.9746343992020914, "max_bin": 11.210156769727773, "max_depth": 3.6750580891609106, "min_child_samples": 469.0682003180722, "min_child_weight": 108.24216398277292, "num_leaves": 11.728884988644374, "reg_alpha": 4.008761469731115, "reg_lambda": 28.732444260019513}, "datetime": {"datetime": "2019-11-19 06:46:27", "elapsed": 4319.02153, "delta": 39.687056}}
{"target": 0.7152680282911977, "params": {"colsample_bytree": 0.5565476016470388, "learning_rate": 0.8385281169932903, "max_bin": 6.535235627035906, "max_depth": 6.726582902098963, "min_child_samples": 368.10249837633705, "min_child_weight": 557.3031855026969, "num_leaves": 492.4967303465661, "reg_alpha": 2.427636361581734, "reg_lambda": 0.14898595736173198}, "datetime": {"datetime": "2019-11-19 06:47:09", "elapsed": 4361.135754, "delta": 42.114224}}
{"target": 0.7282284154434444, "params": {"colsample_bytree": 0.46979599532686656, "learning_rate": 0.11098897035273239, "max_bin": 257.3638229404894, "max_depth": 9.580075366473627, "min_child_samples": 512.7628907920009, "min_child_weight": 366.0043598907262, "num_leaves": 16.93833422249572, "reg_alpha": 25.263248724097412, "reg_lambda": 28.522496460714496}, "datetime": {"datetime": "2019-11-19 06:47:57", "elapsed": 4409.334854, "delta": 48.1991}}
{"target": 0.7233734798632735, "params": {"colsample_bytree": 0.19187763910039823, "learning_rate": 0.6449719503976018, "max_bin": 127.19144642518138, "max_depth": 9.715685501545229, "min_child_samples": 1482.6460889757723, "min_child_weight": 502.3147988330104, "num_leaves": 486.0943842975477, "reg_alpha": 27.841829690794896, "reg_lambda": 1.1470270911642815}, "datetime": {"datetime": "2019-11-19 06:48:37", "elapsed": 4448.765609, "delta": 39.430755}}
{"target": 0.7284619887695614, "params": {"colsample_bytree": 0.5036596076487667, "learning_rate": 0.11512502530561385, "max_bin": 158.05974802559084, "max_depth": 7.645697081162117, "min_child_samples": 602.9436963656357, "min_child_weight": 0.9514966324083602, "num_leaves": 379.00626573586055, "reg_alpha": 29.480149472802964, "reg_lambda": 29.64977810387446}, "datetime": {"datetime": "2019-11-19 06:49:22", "elapsed": 4493.750037, "delta": 44.984428}}
{"target": 0.7214004956540324, "params": {"colsample_bytree": 0.5703940332199723, "learning_rate": 0.32327213298896385, "max_bin": 106.4909499832238, "max_depth": 7.471763311487617, "min_child_samples": 51.74527845818705, "min_child_weight": 522.8680465048207, "num_leaves": 5.949071627938542, "reg_alpha": 1.354100875171572, "reg_lambda": 24.272893950877773}, "datetime": {"datetime": "2019-11-19 06:50:05", "elapsed": 4537.463696, "delta": 43.713659}}
{"target": 0.7236184845402168, "params": {"colsample_bytree": 0.12117394698083245, "learning_rate": 0.8137119422707414, "max_bin": 4.064327164324206, "max_depth": 6.845451175738359, "min_child_samples": 702.5449910752961, "min_child_weight": 371.2061652142988, "num_leaves": 495.5619962670053, "reg_alpha": 29.69547885646319, "reg_lambda": 0.7692572393763536}, "datetime": {"datetime": "2019-11-19 06:50:46", "elapsed": 4578.313551, "delta": 40.849855}}
{"target": 0.7040730727804, "params": {"colsample_bytree": 0.5691843409131958, "learning_rate": 0.36443348785453045, "max_bin": 497.5671574999749, "max_depth": 5.087192356536117, "min_child_samples": 1156.9345738681955, "min_child_weight": 760.4780144384008, "num_leaves": 287.7338269583358, "reg_alpha": 26.61690268680364, "reg_lambda": 29.86812133132585}, "datetime": {"datetime": "2019-11-19 06:51:53", "elapsed": 4645.267271, "delta": 66.95372}}
{"target": 0.7276179260909874, "params": {"colsample_bytree": 0.5815714537142801, "learning_rate": 0.28416567535968196, "max_bin": 324.71832997882734, "max_depth": 8.32544144562221, "min_child_samples": 946.8969692070054, "min_child_weight": 353.65377600558674, "num_leaves": 492.2408934247569, "reg_alpha": 28.332120950067246, "reg_lambda": 29.728388800199564}, "datetime": {"datetime": "2019-11-19 06:52:38", "elapsed": 4690.401288, "delta": 45.134017}}
{"target": 0.7177998801838459, "params": {"colsample_bytree": 0.5138841705783398, "learning_rate": 0.8753336128834154, "max_bin": 78.24012052092078, "max_depth": 3.746621397016929, "min_child_samples": 948.005597192926, "min_child_weight": 37.77847810280248, "num_leaves": 240.46760475448815, "reg_alpha": 0.22239829730136754, "reg_lambda": 0.5222842220675059}, "datetime": {"datetime": "2019-11-19 06:53:20", "elapsed": 4732.028505, "delta": 41.627217}}
{"target": 0.7256137446872504, "params": {"colsample_bytree": 0.5744896833171994, "learning_rate": 0.7438764583343053, "max_bin": 157.87553796904737, "max_depth": 3.0004960607890294, "min_child_samples": 1490.959702702235, "min_child_weight": 110.72857873420085, "num_leaves": 473.61026595260677, "reg_alpha": 2.837018531275903, "reg_lambda": 29.64251184550589}, "datetime": {"datetime": "2019-11-19 06:54:03", "elapsed": 4775.172731, "delta": 43.144226}}
{"target": 0.7230078916445934, "params": {"colsample_bytree": 0.3900146384394233, "learning_rate": 0.8650326546665728, "max_bin": 496.2592124555939, "max_depth": 7.176026372404379, "min_child_samples": 899.4192395079001, "min_child_weight": 298.7381563184571, "num_leaves": 9.513871510730347, "reg_alpha": 9.80631632978325, "reg_lambda": 0.6412652087976727}, "datetime": {"datetime": "2019-11-19 06:54:45", "elapsed": 4817.009027, "delta": 41.836296}}
{"target": 0.7278459998079636, "params": {"colsample_bytree": 0.09370193887033101, "learning_rate": 0.2820960108052441, "max_bin": 11.36750369253363, "max_depth": 8.505974613532082, "min_child_samples": 959.2733983161712, "min_child_weight": 211.39370387441468, "num_leaves": 74.01545058198349, "reg_alpha": 25.232356455617968, "reg_lambda": 10.458729604530166}, "datetime": {"datetime": "2019-11-19 06:55:24", "elapsed": 4856.102542, "delta": 39.093515}}
{"target": 0.7124573897605845, "params": {"colsample_bytree": 0.397344580754329, "learning_rate": 0.21659568245534536, "max_bin": 496.20804466231243, "max_depth": 8.212607097396557, "min_child_samples": 595.9914841802334, "min_child_weight": 679.9174042109219, "num_leaves": 499.7919680437916, "reg_alpha": 4.984525183936221, "reg_lambda": 29.716375161607473}, "datetime": {"datetime": "2019-11-19 06:56:10", "elapsed": 4902.268625, "delta": 46.166083}}
{"target": 0.7241466255010739, "params": {"colsample_bytree": 0.21704272707224442, "learning_rate": 0.35794238578000825, "max_bin": 17.505655282400795, "max_depth": 7.8823785783431, "min_child_samples": 702.0105875506898, "min_child_weight": 41.965149885106804, "num_leaves": 495.6804907608279, "reg_alpha": 3.8046077114676136, "reg_lambda": 29.02188612698552}, "datetime": {"datetime": "2019-11-19 06:56:53", "elapsed": 4944.876236, "delta": 42.607611}}
{"target": 0.7243172245482531, "params": {"colsample_bytree": 0.06903888325882443, "learning_rate": 0.4402987802647785, "max_bin": 172.28442667378826, "max_depth": 6.597645906701118, "min_child_samples": 1154.9285608616724, "min_child_weight": 18.370112919172463, "num_leaves": 491.19003752662735, "reg_alpha": 0.20530563937739282, "reg_lambda": 29.115908439655296}, "datetime": {"datetime": "2019-11-19 06:57:33", "elapsed": 4984.639882, "delta": 39.763646}}
{"target": 0.7323016086332321, "params": {"colsample_bytree": 0.20986250848983823, "learning_rate": 0.39374329839816447, "max_bin": 390.1071310442249, "max_depth": 4.9749392575544995, "min_child_samples": 57.57996957983847, "min_child_weight": 106.87485760075458, "num_leaves": 405.782090853462, "reg_alpha": 0.16418974733624506, "reg_lambda": 29.860832466424768}, "datetime": {"datetime": "2019-11-19 06:58:17", "elapsed": 5028.736377, "delta": 44.096495}}
