{"target": 0.5430078256661321, "params": {"colsample_bytree": 0.2265418195564901, "learning_rate": 0.0855634242732109, "max_bin": 64.6793746640432, "max_depth": 4.1884065060329965, "min_child_samples": 1427.3376906372887, "min_child_weight": 894.4508664523584, "num_leaves": 317.28339178479786, "reg_alpha": 27.16856704560787, "reg_lambda": 25.739355382549984}, "datetime": {"datetime": "2019-11-19 08:18:38", "elapsed": 0.0, "delta": 0.0}}
{"target": 0.5416445731552356, "params": {"colsample_bytree": 0.12277513836900934, "learning_rate": 0.6013514502454244, "max_bin": 318.92985492786516, "max_depth": 7.662685611305894, "min_child_samples": 1056.6578637673229, "min_child_weight": 217.31174450564222, "num_leaves": 108.64222014364647, "reg_alpha": 23.75388054833188, "reg_lambda": 8.61793971272395}, "datetime": {"datetime": "2019-11-19 08:18:59", "elapsed": 20.955316, "delta": 20.955316}}
{"target": 0.5460943642400439, "params": {"colsample_bytree": 0.47979745389738065, "learning_rate": 0.7064195232175821, "max_bin": 298.4655742439127, "max_depth": 7.008338330593638, "min_child_samples": 738.6042653134034, "min_child_weight": 859.9277124916224, "num_leaves": 255.1467478587575, "reg_alpha": 25.890122583011667, "reg_lambda": 18.980942387335162}, "datetime": {"datetime": "2019-11-19 08:19:25", "elapsed": 47.304046, "delta": 26.34873}}
{"target": 0.5402059564403885, "params": {"colsample_bytree": 0.05832153157305217, "learning_rate": 0.21367276084176856, "max_bin": 40.79534533389236, "max_depth": 6.665175083230514, "min_child_samples": 162.29986057429844, "min_child_weight": 525.9975335088685, "num_leaves": 172.81686265850945, "reg_alpha": 29.33783672986255, "reg_lambda": 23.27029647131626}, "datetime": {"datetime": "2019-11-19 08:19:52", "elapsed": 74.131658, "delta": 26.827612}}
{"target": 0.5483733336831456, "params": {"colsample_bytree": 0.5624159100873259, "learning_rate": 0.11900345243951033, "max_bin": 361.84960977411225, "max_depth": 8.786573711217542, "min_child_samples": 822.276674470916, "min_child_weight": 95.68466056609077, "num_leaves": 76.19013931321267, "reg_alpha": 1.5244562509593313, "reg_lambda": 17.340501530771462}, "datetime": {"datetime": "2019-11-19 08:20:42", "elapsed": 124.178695, "delta": 50.047037}}
{"target": 0.5459001080668895, "params": {"colsample_bytree": 0.3395591622519522, "learning_rate": 0.11277428800965945, "max_bin": 402.50837097352564, "max_depth": 4.012194380979588, "min_child_samples": 1208.1287967251126, "min_child_weight": 728.4932258225851, "num_leaves": 49.40870674526207, "reg_alpha": 9.58344356210658, "reg_lambda": 21.237285809523}, "datetime": {"datetime": "2019-11-19 08:21:26", "elapsed": 168.090486, "delta": 43.911791}}
{"target": 0.5394123343950669, "params": {"colsample_bytree": 0.13394702522210664, "learning_rate": 0.9718865780851218, "max_bin": 465.5817190678867, "max_depth": 4.326628125019948, "min_child_samples": 902.8838203610883, "min_child_weight": 675.5088561944547, "num_leaves": 458.68667934431096, "reg_alpha": 12.528292659476488, "reg_lambda": 9.952259123340191}, "datetime": {"datetime": "2019-11-19 08:21:47", "elapsed": 188.721693, "delta": 20.631207}}
{"target": 0.5430851023861536, "params": {"colsample_bytree": 0.4567221796266581, "learning_rate": 0.32962499867341977, "max_bin": 224.11202047869247, "max_depth": 3.7069045182295035, "min_child_samples": 196.19525195607088, "min_child_weight": 712.3179681163454, "num_leaves": 274.46565642424, "reg_alpha": 26.65260229625285, "reg_lambda": 21.597064945549235}, "datetime": {"datetime": "2019-11-19 08:22:17", "elapsed": 218.774168, "delta": 30.052475}}
{"target": 0.5374197486953778, "params": {"colsample_bytree": 0.07646746090537111, "learning_rate": 0.9574033420450275, "max_bin": 73.84585580390983, "max_depth": 8.981818988940965, "min_child_samples": 555.4865942910176, "min_child_weight": 342.54942622015955, "num_leaves": 485.61067391406124, "reg_alpha": 18.99254831105421, "reg_lambda": 20.55061238558316}, "datetime": {"datetime": "2019-11-19 08:22:38", "elapsed": 239.515617, "delta": 20.741449}}
{"target": 0.5436219313190964, "params": {"colsample_bytree": 0.565696483878083, "learning_rate": 0.41981656590219557, "max_bin": 204.90841773178798, "max_depth": 5.465399365151183, "min_child_samples": 955.7005736918478, "min_child_weight": 352.3762161376625, "num_leaves": 357.881279852103, "reg_alpha": 16.889157181781346, "reg_lambda": 29.912928248104784}, "datetime": {"datetime": "2019-11-19 08:23:06", "elapsed": 267.726729, "delta": 28.211112}}
{"target": 0.5464272396440968, "params": {"colsample_bytree": 0.18940281887534333, "learning_rate": 0.21000286563294018, "max_bin": 157.36860713723854, "max_depth": 9.260737865284245, "min_child_samples": 756.0363487495011, "min_child_weight": 573.6563920888831, "num_leaves": 235.51926650257977, "reg_alpha": 0.4756994570578843, "reg_lambda": 27.87806551245313}, "datetime": {"datetime": "2019-11-19 08:23:32", "elapsed": 293.766312, "delta": 26.039583}}
{"target": 0.5351671595826963, "params": {"colsample_bytree": 0.10860830002827919, "learning_rate": 0.9893391627355133, "max_bin": 285.95834831421826, "max_depth": 7.455716555525083, "min_child_samples": 1460.8441774176742, "min_child_weight": 199.1452870402452, "num_leaves": 61.81363591713625, "reg_alpha": 8.436523895083823, "reg_lambda": 3.9594714439711174}, "datetime": {"datetime": "2019-11-19 08:23:52", "elapsed": 313.585203, "delta": 19.818891}}
{"target": 0.5424514312494756, "params": {"colsample_bytree": 0.29915968051155295, "learning_rate": 0.3439310847019649, "max_bin": 252.9722753633767, "max_depth": 7.479658879725645, "min_child_samples": 1271.8268175990258, "min_child_weight": 408.9104466888988, "num_leaves": 459.52683144153747, "reg_alpha": 5.705124856399502, "reg_lambda": 8.75619139131185}, "datetime": {"datetime": "2019-11-19 08:24:16", "elapsed": 338.347902, "delta": 24.762699}}
{"target": 0.5414187305704641, "params": {"colsample_bytree": 0.5665887696761066, "learning_rate": 0.6384607265574616, "max_bin": 277.47785694916155, "max_depth": 8.634205828600935, "min_child_samples": 1474.8796595944573, "min_child_weight": 587.791658357372, "num_leaves": 324.6267358921241, "reg_alpha": 20.98312121236357, "reg_lambda": 18.60138644747632}, "datetime": {"datetime": "2019-11-19 08:24:43", "elapsed": 364.703767, "delta": 26.355865}}
{"target": 0.5381784859641426, "params": {"colsample_bytree": 0.591099287070298, "learning_rate": 0.8927430720087253, "max_bin": 138.24720376109488, "max_depth": 3.8477928043094356, "min_child_samples": 1187.8688206195834, "min_child_weight": 118.28018136141368, "num_leaves": 481.41370750450074, "reg_alpha": 5.9480757710039045, "reg_lambda": 25.87566563435613}, "datetime": {"datetime": "2019-11-19 08:25:08", "elapsed": 390.029492, "delta": 25.325725}}
{"target": 0.5438249187087966, "params": {"colsample_bytree": 0.5526631876411534, "learning_rate": 0.6728132210882032, "max_bin": 497.9314670280014, "max_depth": 6.044059040500415, "min_child_samples": 331.8154325901218, "min_child_weight": 396.69995510505964, "num_leaves": 458.365757454368, "reg_alpha": 4.350777047549209, "reg_lambda": 2.33332534963804}, "datetime": {"datetime": "2019-11-19 08:25:39", "elapsed": 421.42485, "delta": 31.395358}}
{"target": 0.5406565460252896, "params": {"colsample_bytree": 0.5736093686030757, "learning_rate": 0.7240542732201549, "max_bin": 217.52034951978573, "max_depth": 7.873366187222331, "min_child_samples": 1394.9259322387227, "min_child_weight": 748.8932902007305, "num_leaves": 486.35086941251495, "reg_alpha": 29.30501286469232, "reg_lambda": 18.616594821261224}, "datetime": {"datetime": "2019-11-19 08:26:04", "elapsed": 445.880224, "delta": 24.455374}}
{"target": 0.5432903928176392, "params": {"colsample_bytree": 0.2372385206377483, "learning_rate": 0.3553755327243496, "max_bin": 7.615745270362936, "max_depth": 8.811279056073502, "min_child_samples": 1051.003941363107, "min_child_weight": 872.2096885064061, "num_leaves": 421.5785933047676, "reg_alpha": 6.528826472567776, "reg_lambda": 23.703798664634963}, "datetime": {"datetime": "2019-11-19 08:26:30", "elapsed": 471.520278, "delta": 25.640054}}
{"target": 0.537221122883842, "params": {"colsample_bytree": 0.25300417197572883, "learning_rate": 0.9651930407860927, "max_bin": 14.814680744803427, "max_depth": 3.845147738946762, "min_child_samples": 417.1856564416473, "min_child_weight": 180.42353014121915, "num_leaves": 493.57250599765683, "reg_alpha": 10.222349060856867, "reg_lambda": 24.495073471704217}, "datetime": {"datetime": "2019-11-19 08:26:51", "elapsed": 492.629244, "delta": 21.108966}}
{"target": 0.5465338886467471, "params": {"colsample_bytree": 0.46839050970522306, "learning_rate": 0.34519336604741985, "max_bin": 231.68741352455882, "max_depth": 8.34668302851481, "min_child_samples": 658.4068159089379, "min_child_weight": 724.4317597071835, "num_leaves": 259.19399282016633, "reg_alpha": 1.1366966965339926, "reg_lambda": 8.321008729462864}, "datetime": {"datetime": "2019-11-19 08:27:20", "elapsed": 522.035523, "delta": 29.406279}}
{"target": 0.5469836103808612, "params": {"colsample_bytree": 0.25576543241961214, "learning_rate": 0.198806958293074, "max_bin": 364.40602230897116, "max_depth": 9.645808675600197, "min_child_samples": 246.15895263261154, "min_child_weight": 364.8201262619216, "num_leaves": 466.6582393165858, "reg_alpha": 26.251365862823327, "reg_lambda": 2.0405722869891485}, "datetime": {"datetime": "2019-11-19 08:27:52", "elapsed": 553.579269, "delta": 31.543746}}
{"target": 0.5347886139581147, "params": {"colsample_bytree": 0.15656235487513626, "learning_rate": 0.5025979095865892, "max_bin": 3.80236528925711, "max_depth": 5.924717476992074, "min_child_samples": 1210.1713592959889, "min_child_weight": 915.614931490486, "num_leaves": 16.012015814678435, "reg_alpha": 8.716442054330521, "reg_lambda": 21.254630315490402}, "datetime": {"datetime": "2019-11-19 08:28:14", "elapsed": 576.240357, "delta": 22.661088}}
{"target": 0.5440500484130266, "params": {"colsample_bytree": 0.4189335465488259, "learning_rate": 0.44504804035130263, "max_bin": 436.6761277050006, "max_depth": 6.7437597768241675, "min_child_samples": 663.0548438208576, "min_child_weight": 170.93393201180987, "num_leaves": 393.9483432908362, "reg_alpha": 29.185710096086215, "reg_lambda": 26.23142598945635}, "datetime": {"datetime": "2019-11-19 08:28:39", "elapsed": 601.100938, "delta": 24.860581}}
{"target": 0.5396697869709035, "params": {"colsample_bytree": 0.39774018900226266, "learning_rate": 0.8254034948560914, "max_bin": 148.45947234008648, "max_depth": 3.8062114508380533, "min_child_samples": 1210.546352305547, "min_child_weight": 781.5449092787451, "num_leaves": 268.3291523007071, "reg_alpha": 27.392755075443798, "reg_lambda": 25.651951420936328}, "datetime": {"datetime": "2019-11-19 08:29:02", "elapsed": 624.207257, "delta": 23.106319}}
{"target": 0.5464264510084998, "params": {"colsample_bytree": 0.2295405949000584, "learning_rate": 0.19756537471578192, "max_bin": 438.666842371864, "max_depth": 9.250445766200865, "min_child_samples": 1087.9824643968336, "min_child_weight": 572.8059014779969, "num_leaves": 201.35321129500713, "reg_alpha": 22.73113427280307, "reg_lambda": 6.196252202996557}, "datetime": {"datetime": "2019-11-19 08:29:33", "elapsed": 655.471237, "delta": 31.26398}}
{"target": 0.5434771781904043, "params": {"colsample_bytree": 0.32497801275107135, "learning_rate": 0.40875598205456243, "max_bin": 374.65832726001923, "max_depth": 7.629743951189054, "min_child_samples": 463.4340469795492, "min_child_weight": 812.8313303698749, "num_leaves": 184.94483999693452, "reg_alpha": 20.012004600906526, "reg_lambda": 3.1976750148951356}, "datetime": {"datetime": "2019-11-19 08:30:02", "elapsed": 683.626129, "delta": 28.154892}}
{"target": 0.5378271139755336, "params": {"colsample_bytree": 0.29716310304664345, "learning_rate": 0.7621909154974875, "max_bin": 39.31406752469278, "max_depth": 8.296526023348676, "min_child_samples": 1431.39871562554, "min_child_weight": 684.3225631299873, "num_leaves": 412.8807338267653, "reg_alpha": 9.466361215546483, "reg_lambda": 18.69164323991605}, "datetime": {"datetime": "2019-11-19 08:30:24", "elapsed": 705.664679, "delta": 22.03855}}
{"target": 0.5424363394717594, "params": {"colsample_bytree": 0.4468777708149568, "learning_rate": 0.800857546521798, "max_bin": 139.24720654806995, "max_depth": 3.8516184994952525, "min_child_samples": 644.8645964031924, "min_child_weight": 509.7590656386154, "num_leaves": 323.125262648393, "reg_alpha": 10.281450469537264, "reg_lambda": 6.751897009520946}, "datetime": {"datetime": "2019-11-19 08:30:48", "elapsed": 729.66812, "delta": 24.003441}}
{"target": 0.5214644704813668, "params": {"colsample_bytree": 0.05720282574414264, "learning_rate": 0.6644532661109611, "max_bin": 75.16674333008298, "max_depth": 7.028662644643738, "min_child_samples": 438.34906191184416, "min_child_weight": 83.24840317941069, "num_leaves": 374.56337050422314, "reg_alpha": 3.402398065900465, "reg_lambda": 10.217726668083477}, "datetime": {"datetime": "2019-11-19 08:31:10", "elapsed": 751.595897, "delta": 21.927777}}
{"target": 0.5416408189424406, "params": {"colsample_bytree": 0.46883565940165983, "learning_rate": 0.6535358444702084, "max_bin": 428.0841650941051, "max_depth": 3.82623168196661, "min_child_samples": 1069.7499155089804, "min_child_weight": 251.76265928752338, "num_leaves": 300.5832032448436, "reg_alpha": 19.18291948997439, "reg_lambda": 11.466937205809813}, "datetime": {"datetime": "2019-11-19 08:31:35", "elapsed": 777.165869, "delta": 25.569972}}
{"target": 0.5394433301009183, "params": {"colsample_bytree": 0.5646101885100572, "learning_rate": 0.4714699583808613, "max_bin": 12.529231172233024, "max_depth": 7.230569271712255, "min_child_samples": 228.67267754996627, "min_child_weight": 216.89223040533167, "num_leaves": 455.75354455485376, "reg_alpha": 18.761539429101475, "reg_lambda": 17.853657172575293}, "datetime": {"datetime": "2019-11-19 08:32:01", "elapsed": 802.84295, "delta": 25.677081}}
{"target": 0.5442282567034914, "params": {"colsample_bytree": 0.1079491442793876, "learning_rate": 0.6240834663703834, "max_bin": 252.22147807491382, "max_depth": 4.32954269841692, "min_child_samples": 228.16962831471088, "min_child_weight": 404.18530793868155, "num_leaves": 457.61014987034315, "reg_alpha": 24.636912500784124, "reg_lambda": 13.943535999793404}, "datetime": {"datetime": "2019-11-19 08:32:22", "elapsed": 823.683188, "delta": 20.840238}}
{"target": 0.5458536351705968, "params": {"colsample_bytree": 0.21421916726518225, "learning_rate": 0.03254903194270727, "max_bin": 75.90897882869818, "max_depth": 7.149760364463149, "min_child_samples": 600.7719551362068, "min_child_weight": 174.98382393679438, "num_leaves": 422.86248220583013, "reg_alpha": 2.4135665616209043, "reg_lambda": 26.658576662535868}, "datetime": {"datetime": "2019-11-19 08:33:17", "elapsed": 878.694409, "delta": 55.011221}}
{"target": 0.5443411492671731, "params": {"colsample_bytree": 0.18660950878574362, "learning_rate": 0.301975111531008, "max_bin": 141.82208746217057, "max_depth": 7.919920468161333, "min_child_samples": 390.74974514042253, "min_child_weight": 559.7841184667554, "num_leaves": 499.7989140489097, "reg_alpha": 7.719277909721409, "reg_lambda": 28.508028233508362}, "datetime": {"datetime": "2019-11-19 08:33:41", "elapsed": 903.412397, "delta": 24.717988}}
{"target": 0.5388769319517717, "params": {"colsample_bytree": 0.3356830932593689, "learning_rate": 0.6754271092565416, "max_bin": 376.9045614744899, "max_depth": 6.347176194380038, "min_child_samples": 646.2650254621863, "min_child_weight": 159.09399000996513, "num_leaves": 480.2985088912447, "reg_alpha": 8.341548857561582, "reg_lambda": 29.115725372312482}, "datetime": {"datetime": "2019-11-19 08:34:10", "elapsed": 931.934204, "delta": 28.521807}}
{"target": 0.5272704562967077, "params": {"colsample_bytree": 0.06853504000510095, "learning_rate": 0.9514900909437317, "max_bin": 59.9447120795591, "max_depth": 8.086406637152912, "min_child_samples": 436.98369533703897, "min_child_weight": 19.17373726885024, "num_leaves": 12.88509298958537, "reg_alpha": 8.539135208865291, "reg_lambda": 18.375093411842638}, "datetime": {"datetime": "2019-11-19 08:34:31", "elapsed": 952.59386, "delta": 20.659656}}
{"target": 0.5459331985926213, "params": {"colsample_bytree": 0.335117488447223, "learning_rate": 0.6505546631916544, "max_bin": 127.54899976702377, "max_depth": 6.274876845156184, "min_child_samples": 1253.6056531197034, "min_child_weight": 486.5213892717589, "num_leaves": 62.50488164835187, "reg_alpha": 3.1564519814557164, "reg_lambda": 0.2385071172359437}, "datetime": {"datetime": "2019-11-19 08:34:54", "elapsed": 975.480011, "delta": 22.886151}}
{"target": 0.5444078392750441, "params": {"colsample_bytree": 0.5104105395068836, "learning_rate": 0.8179376255216738, "max_bin": 109.89615623916012, "max_depth": 9.255465861983396, "min_child_samples": 575.4662233728792, "min_child_weight": 923.2913450134986, "num_leaves": 148.09209146269575, "reg_alpha": 22.193496812261866, "reg_lambda": 9.862497188279038}, "datetime": {"datetime": "2019-11-19 08:35:19", "elapsed": 1000.595105, "delta": 25.115094}}
{"target": 0.5420872178327457, "params": {"colsample_bytree": 0.20215078550908372, "learning_rate": 0.7924568536414551, "max_bin": 372.30738383315196, "max_depth": 7.816483387101546, "min_child_samples": 884.334461519551, "min_child_weight": 582.1701776466095, "num_leaves": 275.30113849874385, "reg_alpha": 13.025193295437992, "reg_lambda": 11.230637128571095}, "datetime": {"datetime": "2019-11-19 08:35:42", "elapsed": 1023.546905, "delta": 22.9518}}
{"target": 0.5415028381766602, "params": {"colsample_bytree": 0.051883442611599405, "learning_rate": 0.26210618166042776, "max_bin": 179.3346400959275, "max_depth": 9.48244824392099, "min_child_samples": 498.9233081251264, "min_child_weight": 156.56876817512924, "num_leaves": 150.62274700217714, "reg_alpha": 16.392908869987938, "reg_lambda": 11.127701859595971}, "datetime": {"datetime": "2019-11-19 08:36:09", "elapsed": 1050.815682, "delta": 27.268777}}
{"target": 0.5423241668917501, "params": {"colsample_bytree": 0.5015063226822376, "learning_rate": 0.6259280256281341, "max_bin": 224.60383752252665, "max_depth": 7.258440362061796, "min_child_samples": 1175.6607734192585, "min_child_weight": 971.7949502466737, "num_leaves": 17.379567417522622, "reg_alpha": 21.525940652175723, "reg_lambda": 7.942719099815068}, "datetime": {"datetime": "2019-11-19 08:36:35", "elapsed": 1077.304274, "delta": 26.488592}}
{"target": 0.5375919310680567, "params": {"colsample_bytree": 0.3525922814440562, "learning_rate": 0.9770648475557452, "max_bin": 141.6407137669937, "max_depth": 3.165599698470101, "min_child_samples": 1460.3069578632912, "min_child_weight": 787.4362614789788, "num_leaves": 418.60254842521545, "reg_alpha": 24.93082268310135, "reg_lambda": 26.645738136184637}, "datetime": {"datetime": "2019-11-19 08:36:58", "elapsed": 1099.562057, "delta": 22.257783}}
{"target": 0.5454228089847708, "params": {"colsample_bytree": 0.1994051437280417, "learning_rate": 0.1509529241237565, "max_bin": 426.2081803802703, "max_depth": 8.974698898537536, "min_child_samples": 339.43542156846814, "min_child_weight": 54.2266642933788, "num_leaves": 449.06372168571005, "reg_alpha": 7.034344991593554, "reg_lambda": 21.687140971982963}, "datetime": {"datetime": "2019-11-19 08:37:44", "elapsed": 1145.740558, "delta": 46.178501}}
{"target": 0.5429082356107282, "params": {"colsample_bytree": 0.17422856896465402, "learning_rate": 0.4487577951403664, "max_bin": 435.6870211674321, "max_depth": 9.069174258483306, "min_child_samples": 512.0776628878466, "min_child_weight": 898.4710914217249, "num_leaves": 377.31534998169786, "reg_alpha": 15.005899646580305, "reg_lambda": 11.366300614164958}, "datetime": {"datetime": "2019-11-19 08:38:10", "elapsed": 1172.422998, "delta": 26.68244}}
{"target": 0.549041877303781, "params": {"colsample_bytree": 0.3491768916336345, "learning_rate": 0.28439946815912126, "max_bin": 100.88559396332855, "max_depth": 7.251925245530506, "min_child_samples": 1204.523233355389, "min_child_weight": 334.7398925106687, "num_leaves": 115.5487593701442, "reg_alpha": 0.4754681582423299, "reg_lambda": 5.613953532372431}, "datetime": {"datetime": "2019-11-19 08:38:37", "elapsed": 1198.781598, "delta": 26.3586}}
{"target": 0.545044741073957, "params": {"colsample_bytree": 0.43600065331977267, "learning_rate": 0.3693507242391761, "max_bin": 49.669420924065065, "max_depth": 6.549124301957129, "min_child_samples": 1130.2180473408, "min_child_weight": 498.86443739030875, "num_leaves": 270.7403782892197, "reg_alpha": 9.69821820004753, "reg_lambda": 10.110626971166656}, "datetime": {"datetime": "2019-11-19 08:39:02", "elapsed": 1224.447575, "delta": 25.665977}}
{"target": 0.5412024893101522, "params": {"colsample_bytree": 0.2866416344471368, "learning_rate": 0.9376446649060827, "max_bin": 468.4237248735996, "max_depth": 5.342698685489941, "min_child_samples": 461.96421132632526, "min_child_weight": 988.7860089272192, "num_leaves": 371.477468004589, "reg_alpha": 24.92738686467304, "reg_lambda": 5.421060929136708}, "datetime": {"datetime": "2019-11-19 08:39:26", "elapsed": 1247.676093, "delta": 23.228518}}
{"target": 0.5415242188736273, "params": {"colsample_bytree": 0.2286412228412057, "learning_rate": 0.6241951050952497, "max_bin": 133.45136326772231, "max_depth": 3.8731026183016457, "min_child_samples": 99.72487621878042, "min_child_weight": 994.5769230163262, "num_leaves": 287.0988793082779, "reg_alpha": 15.053208943134491, "reg_lambda": 18.133958418377766}, "datetime": {"datetime": "2019-11-19 08:39:49", "elapsed": 1270.495838, "delta": 22.819745}}
