{"target": -2.6802493134213243, "params": {"colsample_bytree": 0.2766058444535255, "learning_rate": 0.02343079106789821, "max_bin": 14.480797935890157, "max_depth": 9.987378053055334, "min_child_samples": 244.55341024022238, "min_child_weight": 353.8839751381276, "num_leaves": 9.533543415509232, "reg_alpha": 19.232618811297282, "reg_lambda": 28.155298815195057}, "datetime": {"datetime": "2019-11-19 08:09:22", "elapsed": 3357.959012, "delta": 34.17783}}
{"target": -2.7652939047528355, "params": {"colsample_bytree": 0.05654915618403784, "learning_rate": 0.9607880532143239, "max_bin": 490.94890382941134, "max_depth": 4.354967305396924, "min_child_samples": 1168.3067671531194, "min_child_weight": 516.3866554909274, "num_leaves": 347.57199236677957, "reg_alpha": 26.387675375853366, "reg_lambda": 1.3242106165018102}, "datetime": {"datetime": "2019-11-19 08:09:48", "elapsed": 3383.49319, "delta": 25.534178}}
{"target": -2.692496096081223, "params": {"colsample_bytree": 0.3310878241180894, "learning_rate": 0.10195794633687903, "max_bin": 343.2082869984171, "max_depth": 4.029728234783255, "min_child_samples": 1490.571070363359, "min_child_weight": 765.2469973992032, "num_leaves": 489.6491903964348, "reg_alpha": 26.971018995780884, "reg_lambda": 27.388577931638505}, "datetime": {"datetime": "2019-11-19 08:10:17", "elapsed": 3413.052808, "delta": 29.559618}}
{"target": -2.7237832388516505, "params": {"colsample_bytree": 0.45284426833910907, "learning_rate": 0.6653171642909118, "max_bin": 265.7109473511868, "max_depth": 8.43082955777616, "min_child_samples": 1273.6673766133188, "min_child_weight": 991.6353552914369, "num_leaves": 496.53607807976505, "reg_alpha": 6.863342349300765, "reg_lambda": 3.0189994049478344}, "datetime": {"datetime": "2019-11-19 08:10:45", "elapsed": 3441.013128, "delta": 27.96032}}
{"target": -2.684682937802192, "params": {"colsample_bytree": 0.46547390276035866, "learning_rate": 0.19174467743994372, "max_bin": 360.30357564022256, "max_depth": 9.4077415541211, "min_child_samples": 60.28434892235873, "min_child_weight": 372.02116876281684, "num_leaves": 16.55612296641928, "reg_alpha": 2.9136544255469876, "reg_lambda": 29.29756518031491}, "datetime": {"datetime": "2019-11-19 08:11:18", "elapsed": 3473.183185, "delta": 32.170057}}
{"target": -2.6911286504251586, "params": {"colsample_bytree": 0.36439435068432696, "learning_rate": 0.0385831570858009, "max_bin": 495.8962518812211, "max_depth": 3.961752824068308, "min_child_samples": 872.6439854290818, "min_child_weight": 215.58426805066878, "num_leaves": 11.11020079858378, "reg_alpha": 2.565862088600372, "reg_lambda": 14.548530749484044}, "datetime": {"datetime": "2019-11-19 08:11:52", "elapsed": 3508.039285, "delta": 34.8561}}
{"target": -2.7496893663147475, "params": {"colsample_bytree": 0.10271986631123062, "learning_rate": 0.5531417831940562, "max_bin": 128.55759026213178, "max_depth": 3.691667268560989, "min_child_samples": 236.37294637162495, "min_child_weight": 22.596765663452494, "num_leaves": 14.424917136005108, "reg_alpha": 1.1006476245230588, "reg_lambda": 27.81521165175208}, "datetime": {"datetime": "2019-11-19 08:12:18", "elapsed": 3533.733707, "delta": 25.694422}}
{"target": -2.7674471385756187, "params": {"colsample_bytree": 0.27214576234269106, "learning_rate": 0.4225020876294674, "max_bin": 2.599229215618296, "max_depth": 9.528464965213805, "min_child_samples": 406.65153150968615, "min_child_weight": 13.734398982840244, "num_leaves": 305.8380654807189, "reg_alpha": 5.429282296428005, "reg_lambda": 24.75023045553771}, "datetime": {"datetime": "2019-11-19 08:12:45", "elapsed": 3560.545658, "delta": 26.811951}}
{"target": -2.6907453382141027, "params": {"colsample_bytree": 0.4622197855824568, "learning_rate": 0.19037026604356827, "max_bin": 234.1934909924016, "max_depth": 3.039472951888145, "min_child_samples": 964.7028680636708, "min_child_weight": 12.270098009906636, "num_leaves": 491.95692514925133, "reg_alpha": 27.569239911591847, "reg_lambda": 28.96843500776191}, "datetime": {"datetime": "2019-11-19 08:13:13", "elapsed": 3588.402081, "delta": 27.856423}}
{"target": -2.7095864224325688, "params": {"colsample_bytree": 0.33456101245229836, "learning_rate": 0.5635960174956901, "max_bin": 5.939200375713582, "max_depth": 8.486413395007343, "min_child_samples": 533.4886432752352, "min_child_weight": 283.3985758627897, "num_leaves": 497.2237410775664, "reg_alpha": 28.419154823963, "reg_lambda": 5.809590434455655}, "datetime": {"datetime": "2019-11-19 08:13:39", "elapsed": 3614.369844, "delta": 25.967763}}
{"target": -2.738805654006672, "params": {"colsample_bytree": 0.2125461657109619, "learning_rate": 0.8690141161621786, "max_bin": 498.18335037223267, "max_depth": 4.317587678453946, "min_child_samples": 1221.8188601062063, "min_child_weight": 29.117514673636, "num_leaves": 418.9434953833609, "reg_alpha": 29.716574082502458, "reg_lambda": 11.926709839621399}, "datetime": {"datetime": "2019-11-19 08:14:05", "elapsed": 3640.468749, "delta": 26.098905}}
{"target": -2.8229173323846033, "params": {"colsample_bytree": 0.2859157471662235, "learning_rate": 0.9494044371828937, "max_bin": 2.39594450381337, "max_depth": 9.063643269751203, "min_child_samples": 890.4791874169691, "min_child_weight": 607.0778287807483, "num_leaves": 16.242699041232733, "reg_alpha": 5.44935637209546, "reg_lambda": 21.847132395314443}, "datetime": {"datetime": "2019-11-19 08:14:29", "elapsed": 3664.759528, "delta": 24.290779}}
{"target": -2.6897924068355428, "params": {"colsample_bytree": 0.5703882029459036, "learning_rate": 0.12251484609460828, "max_bin": 280.6437552049436, "max_depth": 4.882011753677825, "min_child_samples": 879.4239377426261, "min_child_weight": 238.8289628511612, "num_leaves": 210.09205558912248, "reg_alpha": 1.1931255288675662, "reg_lambda": 26.047478356764024}, "datetime": {"datetime": "2019-11-19 08:14:59", "elapsed": 3694.441761, "delta": 29.682233}}
{"target": -2.8129639059073894, "params": {"colsample_bytree": 0.2950598305559949, "learning_rate": 0.02071041893335962, "max_bin": 2.4645895120734282, "max_depth": 4.543200941521111, "min_child_samples": 1230.9164516745668, "min_child_weight": 878.4706781724705, "num_leaves": 433.49849702264885, "reg_alpha": 27.650606264187143, "reg_lambda": 26.735414926077432}, "datetime": {"datetime": "2019-11-19 08:15:28", "elapsed": 3723.378814, "delta": 28.937053}}
{"target": -2.7204789703039394, "params": {"colsample_bytree": 0.09316470544680658, "learning_rate": 0.3841294472844797, "max_bin": 270.9509690581313, "max_depth": 4.661448626040827, "min_child_samples": 1499.5351755521153, "min_child_weight": 987.1934023251848, "num_leaves": 311.4467907173714, "reg_alpha": 3.8446398702645608, "reg_lambda": 3.8533046682469845}, "datetime": {"datetime": "2019-11-19 08:15:54", "elapsed": 3749.767566, "delta": 26.388752}}
{"target": -2.6958535462731525, "params": {"colsample_bytree": 0.421626232585919, "learning_rate": 0.14469022867293874, "max_bin": 483.0400343478658, "max_depth": 9.55003458481104, "min_child_samples": 1496.1934998936777, "min_child_weight": 1.9285808339428985, "num_leaves": 22.67892038917461, "reg_alpha": 17.63172683743696, "reg_lambda": 23.49944286975057}, "datetime": {"datetime": "2019-11-19 08:16:25", "elapsed": 3780.911168, "delta": 31.143602}}
{"target": -2.727643126900352, "params": {"colsample_bytree": 0.5117491535569058, "learning_rate": 0.7182350742370509, "max_bin": 168.63220504697753, "max_depth": 4.792383169016026, "min_child_samples": 1490.8056263204626, "min_child_weight": 14.114394251988928, "num_leaves": 5.161235301196088, "reg_alpha": 29.305859145820012, "reg_lambda": 18.41577022221786}, "datetime": {"datetime": "2019-11-19 08:16:52", "elapsed": 3807.132148, "delta": 26.22098}}
{"target": -2.703537868348875, "params": {"colsample_bytree": 0.5114318397528932, "learning_rate": 0.4936420690517179, "max_bin": 21.28162160789064, "max_depth": 9.973380307740808, "min_child_samples": 787.121042569856, "min_child_weight": 999.3821795435056, "num_leaves": 478.6006088362566, "reg_alpha": 2.4157692427594384, "reg_lambda": 0.5262021942510245}, "datetime": {"datetime": "2019-11-19 08:17:18", "elapsed": 3834.077104, "delta": 26.944956}}
{"target": -2.7208605166812987, "params": {"colsample_bytree": 0.09052954642789854, "learning_rate": 0.575954019523546, "max_bin": 499.6746198504043, "max_depth": 8.747595543342769, "min_child_samples": 1154.771628697279, "min_child_weight": 9.184668454716835, "num_leaves": 5.863155878725096, "reg_alpha": 29.61061077061778, "reg_lambda": 17.64757811611617}, "datetime": {"datetime": "2019-11-19 08:17:44", "elapsed": 3859.697837, "delta": 25.620733}}
