{"target": 0.7294296880178083, "params": {"colsample_bytree": 0.540364817758421, "learning_rate": 0.027435497856086358, "max_bin": 399.06479953267285, "max_depth": 6.745762240550261, "min_child_samples": 960.3547979009157, "min_child_weight": 1.0537462044359354, "num_leaves": 489.7310870162732, "reg_alpha": 23.862752375494672, "reg_lambda": 3.966194405244398}, "datetime": {"datetime": "2019-11-19 06:59:17", "elapsed": 5089.447833, "delta": 60.711456}}
{"target": 0.7291418018054898, "params": {"colsample_bytree": 0.2790594207548754, "learning_rate": 0.11929848680090732, "max_bin": 380.6359014122869, "max_depth": 5.101776059907053, "min_child_samples": 343.56709785303605, "min_child_weight": 11.669273992268826, "num_leaves": 412.9850692487552, "reg_alpha": 26.842373472889246, "reg_lambda": 28.941558787434108}, "datetime": {"datetime": "2019-11-19 07:00:02", "elapsed": 5133.960919, "delta": 44.513086}}
{"target": 0.7308361782380923, "params": {"colsample_bytree": 0.23788165885260942, "learning_rate": 0.19626058425767667, "max_bin": 388.78823527923066, "max_depth": 5.7395897738562835, "min_child_samples": 56.103766999374784, "min_child_weight": 293.32134227130604, "num_leaves": 13.79621368267356, "reg_alpha": 5.834987163889033, "reg_lambda": 4.384382936911902}, "datetime": {"datetime": "2019-11-19 07:00:48", "elapsed": 5179.632919, "delta": 45.672}}
{"target": 0.7266868958368269, "params": {"colsample_bytree": 0.32150732718927044, "learning_rate": 0.14949201779514165, "max_bin": 344.80056765967333, "max_depth": 4.325345865958964, "min_child_samples": 508.48976137138527, "min_child_weight": 255.7791299373212, "num_leaves": 492.0150325572713, "reg_alpha": 29.88099883907947, "reg_lambda": 28.501015097498627}, "datetime": {"datetime": "2019-11-19 07:01:30", "elapsed": 5222.486714, "delta": 42.853795}}
{"target": 0.7295789411347244, "params": {"colsample_bytree": 0.23695086691895872, "learning_rate": 0.7192181697077721, "max_bin": 399.39265203330655, "max_depth": 7.718625955721398, "min_child_samples": 1495.908697689643, "min_child_weight": 425.283492508448, "num_leaves": 9.04576481129689, "reg_alpha": 25.358346459275477, "reg_lambda": 28.393851884312156}, "datetime": {"datetime": "2019-11-19 07:02:13", "elapsed": 5264.82669, "delta": 42.339976}}
{"target": 0.7254178300322903, "params": {"colsample_bytree": 0.09095593180925551, "learning_rate": 0.4796831461347709, "max_bin": 183.66848780729623, "max_depth": 7.462771507145683, "min_child_samples": 387.43505228067033, "min_child_weight": 9.177961537066416, "num_leaves": 189.03312097597143, "reg_alpha": 28.648799973719296, "reg_lambda": 29.956380590835987}, "datetime": {"datetime": "2019-11-19 07:02:54", "elapsed": 5306.559094, "delta": 41.732404}}
{"target": 0.7292888009029094, "params": {"colsample_bytree": 0.21636502738257374, "learning_rate": 0.11249476594734252, "max_bin": 375.3004502679943, "max_depth": 5.3719082325779395, "min_child_samples": 1188.623539787494, "min_child_weight": 2.8920779807717527, "num_leaves": 172.6404444349516, "reg_alpha": 5.762811557805312, "reg_lambda": 22.05624983802676}, "datetime": {"datetime": "2019-11-19 07:03:40", "elapsed": 5351.763689, "delta": 45.204595}}
{"target": 0.7322083541922116, "params": {"colsample_bytree": 0.53172594604149, "learning_rate": 0.21951731962417018, "max_bin": 9.15263635587082, "max_depth": 4.918620124019711, "min_child_samples": 155.4447919414896, "min_child_weight": 411.71582040737786, "num_leaves": 8.35675574595539, "reg_alpha": 0.24211375562290202, "reg_lambda": 27.57396121975483}, "datetime": {"datetime": "2019-11-19 07:04:25", "elapsed": 5397.180669, "delta": 45.41698}}
{"target": 0.7267527218426133, "params": {"colsample_bytree": 0.40014124117817945, "learning_rate": 0.6531884190441145, "max_bin": 5.847589269956911, "max_depth": 8.254909852744916, "min_child_samples": 993.6893366950306, "min_child_weight": 184.89271474994402, "num_leaves": 492.7369315131616, "reg_alpha": 6.171104623686441, "reg_lambda": 0.651785147585726}, "datetime": {"datetime": "2019-11-19 07:05:08", "elapsed": 5440.428841, "delta": 43.248172}}
{"target": 0.7252207205664742, "params": {"colsample_bytree": 0.11793072424684974, "learning_rate": 0.38181562881325626, "max_bin": 263.84941501528175, "max_depth": 5.173913420167601, "min_child_samples": 644.9266246210681, "min_child_weight": 0.23273416787167092, "num_leaves": 47.54040885747502, "reg_alpha": 29.836808143541422, "reg_lambda": 15.393222679501145}, "datetime": {"datetime": "2019-11-19 07:05:51", "elapsed": 5483.393257, "delta": 42.964416}}
{"target": 0.7345676601513753, "params": {"colsample_bytree": 0.1058805062374284, "learning_rate": 0.7579622385608538, "max_bin": 486.12468040334727, "max_depth": 9.095009655919378, "min_child_samples": 89.06924928416015, "min_child_weight": 282.1664742556927, "num_leaves": 454.04215523406145, "reg_alpha": 0.5912071460561812, "reg_lambda": 29.626611286383746}, "datetime": {"datetime": "2019-11-19 07:06:36", "elapsed": 5528.392751, "delta": 44.999494}}
{"target": 0.7153323152848268, "params": {"colsample_bytree": 0.21609505996862777, "learning_rate": 0.01753645596549705, "max_bin": 17.301102550609087, "max_depth": 9.068927959265396, "min_child_samples": 1060.1746436640078, "min_child_weight": 605.8667102694181, "num_leaves": 498.9036753741439, "reg_alpha": 25.02892521677587, "reg_lambda": 3.4875394113893448}, "datetime": {"datetime": "2019-11-19 07:07:48", "elapsed": 5600.24219, "delta": 71.849439}}
{"target": 0.7276653460365882, "params": {"colsample_bytree": 0.4150219106819089, "learning_rate": 0.2899949824470681, "max_bin": 337.9194741656004, "max_depth": 4.3243268696446915, "min_child_samples": 745.6291398594012, "min_child_weight": 236.45948056890214, "num_leaves": 31.118056111393724, "reg_alpha": 29.288196264913164, "reg_lambda": 29.943059463469307}, "datetime": {"datetime": "2019-11-19 07:08:34", "elapsed": 5645.684052, "delta": 45.441862}}
{"target": 0.7310460465062676, "params": {"colsample_bytree": 0.49014447082530643, "learning_rate": 0.25438987162294646, "max_bin": 148.90998936881616, "max_depth": 8.324420380850722, "min_child_samples": 575.8481634042995, "min_child_weight": 95.73670353394962, "num_leaves": 499.3270372431275, "reg_alpha": 27.49917736646294, "reg_lambda": 21.226470415891153}, "datetime": {"datetime": "2019-11-19 07:09:18", "elapsed": 5689.698378, "delta": 44.014326}}
{"target": 0.7324420941535118, "params": {"colsample_bytree": 0.4159804564555782, "learning_rate": 0.1865079902258387, "max_bin": 193.68927688525787, "max_depth": 4.059501005229939, "min_child_samples": 1494.406547788791, "min_child_weight": 3.818086937293912, "num_leaves": 323.8324064420593, "reg_alpha": 7.128827299574647, "reg_lambda": 29.554473731123288}, "datetime": {"datetime": "2019-11-19 07:10:03", "elapsed": 5735.519481, "delta": 45.821103}}
{"target": 0.7299660301367434, "params": {"colsample_bytree": 0.15453380568051814, "learning_rate": 0.4365850253779257, "max_bin": 315.32670102294304, "max_depth": 3.354708672260972, "min_child_samples": 183.4651132010609, "min_child_weight": 361.56755625096685, "num_leaves": 412.99227980676613, "reg_alpha": 4.805748150871018, "reg_lambda": 28.5402471427532}, "datetime": {"datetime": "2019-11-19 07:10:46", "elapsed": 5778.333915, "delta": 42.814434}}
{"target": 0.7236631875045776, "params": {"colsample_bytree": 0.2289761537926462, "learning_rate": 0.14062051424390318, "max_bin": 129.55500019546983, "max_depth": 5.90948164939282, "min_child_samples": 1498.3881362074924, "min_child_weight": 524.76801495441, "num_leaves": 23.401171018654335, "reg_alpha": 26.68017577112859, "reg_lambda": 29.157333889234252}, "datetime": {"datetime": "2019-11-19 07:11:35", "elapsed": 5826.947345, "delta": 48.61343}}
{"target": 0.7273660263486936, "params": {"colsample_bytree": 0.3878298830651305, "learning_rate": 0.4418655880167225, "max_bin": 496.89913885184586, "max_depth": 3.1126181684490826, "min_child_samples": 345.62009817669, "min_child_weight": 91.27205944595376, "num_leaves": 337.77169487000447, "reg_alpha": 3.171567448588297, "reg_lambda": 24.93548652917851}, "datetime": {"datetime": "2019-11-19 07:12:20", "elapsed": 5872.019564, "delta": 45.072219}}
{"target": 0.7208679667747708, "params": {"colsample_bytree": 0.22601606722921064, "learning_rate": 0.8479180602595595, "max_bin": 255.1915299355396, "max_depth": 3.2153322324118605, "min_child_samples": 1321.3406667826184, "min_child_weight": 18.601888784165094, "num_leaves": 27.860958220520835, "reg_alpha": 0.5163493764058592, "reg_lambda": 26.469633003698576}, "datetime": {"datetime": "2019-11-19 07:13:02", "elapsed": 5914.214973, "delta": 42.195409}}
