{"target": 0.5436302856732773, "params": {"colsample_bytree": 0.26031054912232904, "learning_rate": 0.36051361773434376, "max_bin": 248.01992952107668, "max_depth": 9.770234945567056, "min_child_samples": 918.6674271339679, "min_child_weight": 3.991698691802197, "num_leaves": 497.9522282677891, "reg_alpha": 26.985593599477607, "reg_lambda": 28.19352259089612}, "datetime": {"datetime": "2019-11-19 09:49:49", "elapsed": 5470.985657, "delta": 34.541329}}
{"target": 0.5438749988777579, "params": {"colsample_bytree": 0.16567663087442455, "learning_rate": 0.21562222258094732, "max_bin": 262.1166131711655, "max_depth": 4.8821474333273125, "min_child_samples": 610.474019252507, "min_child_weight": 976.917068654354, "num_leaves": 482.28367104173554, "reg_alpha": 25.414392193539236, "reg_lambda": 1.8092402381067427}, "datetime": {"datetime": "2019-11-19 09:50:29", "elapsed": 5511.338471, "delta": 40.352814}}
{"target": 0.5444011588638595, "params": {"colsample_bytree": 0.4046895349051185, "learning_rate": 0.6185417434666901, "max_bin": 478.92659446224343, "max_depth": 9.370994323178955, "min_child_samples": 1199.8122693494993, "min_child_weight": 209.81304335701654, "num_leaves": 496.0864612245873, "reg_alpha": 15.00039417656106, "reg_lambda": 27.94714244979002}, "datetime": {"datetime": "2019-11-19 09:51:09", "elapsed": 5550.607755, "delta": 39.269284}}
{"target": 0.5397255808114172, "params": {"colsample_bytree": 0.23092031164455445, "learning_rate": 0.8115216974208398, "max_bin": 16.803553358012877, "max_depth": 5.875894029823131, "min_child_samples": 56.97159190018817, "min_child_weight": 984.612376626206, "num_leaves": 480.31737618713277, "reg_alpha": 6.61429450851055, "reg_lambda": 22.843617801351694}, "datetime": {"datetime": "2019-11-19 09:51:41", "elapsed": 5583.373965, "delta": 32.76621}}
{"target": 0.5417685313792897, "params": {"colsample_bytree": 0.3546300031462379, "learning_rate": 0.4756179102280647, "max_bin": 491.5167060676083, "max_depth": 3.291940458659953, "min_child_samples": 439.3632753829785, "min_child_weight": 698.3262388880477, "num_leaves": 499.8430827134364, "reg_alpha": 27.63160643335439, "reg_lambda": 16.76212144221873}, "datetime": {"datetime": "2019-11-19 09:52:18", "elapsed": 5620.013586, "delta": 36.639621}}
{"target": 0.5401201916827588, "params": {"colsample_bytree": 0.3782999785305389, "learning_rate": 0.2427665693043672, "max_bin": 142.2865937961606, "max_depth": 5.663760113514494, "min_child_samples": 975.624963535344, "min_child_weight": 203.99172179636966, "num_leaves": 5.0008126502461705, "reg_alpha": 2.738926245836362, "reg_lambda": 26.299148971888783}, "datetime": {"datetime": "2019-11-19 09:52:55", "elapsed": 5657.076785, "delta": 37.063199}}
{"target": 0.5434286548990505, "params": {"colsample_bytree": 0.5869703784332616, "learning_rate": 0.7254005472343698, "max_bin": 127.50501588238586, "max_depth": 9.927176348850974, "min_child_samples": 1497.898328370509, "min_child_weight": 447.8420863272582, "num_leaves": 275.0663452756406, "reg_alpha": 0.8560295170098693, "reg_lambda": 2.3625147159187603}, "datetime": {"datetime": "2019-11-19 09:53:31", "elapsed": 5693.184187, "delta": 36.107402}}
{"target": 0.545795773867207, "params": {"colsample_bytree": 0.5548445390897278, "learning_rate": 0.3050743427538557, "max_bin": 495.00955626115297, "max_depth": 8.283581121299544, "min_child_samples": 1318.5578107815572, "min_child_weight": 171.9171008757939, "num_leaves": 230.6409610680114, "reg_alpha": 5.128081466748918, "reg_lambda": 29.242690887030868}, "datetime": {"datetime": "2019-11-19 09:54:18", "elapsed": 5740.264725, "delta": 47.080538}}
{"target": 0.540653689634195, "params": {"colsample_bytree": 0.5443504294144301, "learning_rate": 0.20840966964673788, "max_bin": 475.65762486423364, "max_depth": 7.705963816405758, "min_child_samples": 521.7305934329157, "min_child_weight": 996.2058780125852, "num_leaves": 8.43381065281342, "reg_alpha": 28.220000144104475, "reg_lambda": 0.2753902252158795}, "datetime": {"datetime": "2019-11-19 09:55:16", "elapsed": 5797.696814, "delta": 57.432089}}
{"target": 0.5418282925840078, "params": {"colsample_bytree": 0.4606604485363353, "learning_rate": 0.3997953909965367, "max_bin": 30.41800937228819, "max_depth": 3.792735004350195, "min_child_samples": 1257.3056661503358, "min_child_weight": 967.0177841416863, "num_leaves": 491.63822382441634, "reg_alpha": 3.619685586114007, "reg_lambda": 16.676226505597906}, "datetime": {"datetime": "2019-11-19 09:55:53", "elapsed": 5834.578016, "delta": 36.881202}}
{"target": 0.5382275870674607, "params": {"colsample_bytree": 0.08684306203871706, "learning_rate": 0.9855271744660048, "max_bin": 354.37999639766525, "max_depth": 8.845768156212976, "min_child_samples": 298.80455439674483, "min_child_weight": 517.8348179098655, "num_leaves": 96.60002477377981, "reg_alpha": 28.556849052009692, "reg_lambda": 26.451862333718253}, "datetime": {"datetime": "2019-11-19 09:56:23", "elapsed": 5865.460005, "delta": 30.881989}}
{"target": 0.5445571856079203, "params": {"colsample_bytree": 0.24559447427031095, "learning_rate": 0.1235188264100246, "max_bin": 265.8550816799782, "max_depth": 9.973132258887, "min_child_samples": 625.7764119057276, "min_child_weight": 862.6225045575226, "num_leaves": 26.191832475220966, "reg_alpha": 2.3145740185486154, "reg_lambda": 24.317035855780333}, "datetime": {"datetime": "2019-11-19 09:57:11", "elapsed": 5912.998616, "delta": 47.538611}}
{"target": 0.5367167166862571, "params": {"colsample_bytree": 0.27577974317722764, "learning_rate": 0.41971335035434504, "max_bin": 493.10266849978575, "max_depth": 7.814112992570828, "min_child_samples": 388.56210324451496, "min_child_weight": 195.13698330478852, "num_leaves": 179.7101301091072, "reg_alpha": 27.43272148638557, "reg_lambda": 1.371291384047587}, "datetime": {"datetime": "2019-11-19 09:57:48", "elapsed": 5949.523803, "delta": 36.525187}}
{"target": 0.5470963954689843, "params": {"colsample_bytree": 0.4940059741341189, "learning_rate": 0.04472374370409028, "max_bin": 309.8473005731894, "max_depth": 5.94717709343475, "min_child_samples": 1137.6895151428325, "min_child_weight": 23.236842584266167, "num_leaves": 193.71236060453538, "reg_alpha": 2.7983281939134086, "reg_lambda": 26.786477305575715}, "datetime": {"datetime": "2019-11-19 09:59:04", "elapsed": 6025.809938, "delta": 76.286135}}
{"target": 0.5396196033859788, "params": {"colsample_bytree": 0.5429327120196064, "learning_rate": 0.8538148664790214, "max_bin": 199.15681043664225, "max_depth": 8.379665618358112, "min_child_samples": 1492.506173473692, "min_child_weight": 375.6150806081848, "num_leaves": 8.987617420794276, "reg_alpha": 0.8268380742181108, "reg_lambda": 5.587160035141301}, "datetime": {"datetime": "2019-11-19 09:59:42", "elapsed": 6063.683056, "delta": 37.873118}}
{"target": 0.5397324600119453, "params": {"colsample_bytree": 0.5536345707194464, "learning_rate": 0.4664233819373036, "max_bin": 498.99171789629185, "max_depth": 7.196133232004012, "min_child_samples": 319.43279598721574, "min_child_weight": 7.325539707670275, "num_leaves": 10.698842629438182, "reg_alpha": 20.59389328926846, "reg_lambda": 0.3355645327783093}, "datetime": {"datetime": "2019-11-19 10:00:26", "elapsed": 6107.513044, "delta": 43.829988}}
