{"target": 0.7067757759783436, "params": {"colsample_bytree": 0.5290024781881273, "learning_rate": 0.4850543475513091, "max_bin": 212.20130972505257, "max_depth": 3.590977007766469, "min_child_samples": 741.8734429528361, "min_child_weight": 768.0174773369222, "num_leaves": 498.9292044432805, "reg_alpha": 0.9411472847629335, "reg_lambda": 22.13418020690524}, "datetime": {"datetime": "2019-11-19 05:51:19", "elapsed": 1010.663613, "delta": 19.514381}}
{"target": 0.7016810309440817, "params": {"colsample_bytree": 0.2727676331450152, "learning_rate": 0.011753717685624493, "max_bin": 49.1029322393582, "max_depth": 3.516977312679986, "min_child_samples": 531.1975561793105, "min_child_weight": 718.1062164868498, "num_leaves": 53.405323103478125, "reg_alpha": 19.12372479894219, "reg_lambda": 29.863083573630576}, "datetime": {"datetime": "2019-11-19 05:52:15", "elapsed": 1067.400998, "delta": 56.737385}}
{"target": 0.6444186220191448, "params": {"colsample_bytree": 0.07931258921333774, "learning_rate": 0.5990803962193876, "max_bin": 460.8047679469224, "max_depth": 7.175753915485808, "min_child_samples": 230.65188416336224, "min_child_weight": 973.9504357698863, "num_leaves": 213.53071550820417, "reg_alpha": 8.44478244270932, "reg_lambda": 17.756341872826415}, "datetime": {"datetime": "2019-11-19 05:52:33", "elapsed": 1085.023445, "delta": 17.622447}}
{"target": 0.7298320687352728, "params": {"colsample_bytree": 0.4348335870283438, "learning_rate": 0.8946306773512238, "max_bin": 119.54351194605655, "max_depth": 8.543815110679867, "min_child_samples": 440.4123761673052, "min_child_weight": 252.4553548397943, "num_leaves": 103.98618447852216, "reg_alpha": 13.303465835653602, "reg_lambda": 20.99110001993887}, "datetime": {"datetime": "2019-11-19 05:52:51", "elapsed": 1102.717169, "delta": 17.693724}}
{"target": 0.7259260153857319, "params": {"colsample_bytree": 0.5560766233977992, "learning_rate": 0.546114438487877, "max_bin": 376.55189168055585, "max_depth": 7.098840840536601, "min_child_samples": 898.9384462298209, "min_child_weight": 425.10841529522617, "num_leaves": 107.18559244960572, "reg_alpha": 19.368975462970248, "reg_lambda": 11.930867872464843}, "datetime": {"datetime": "2019-11-19 05:53:10", "elapsed": 1122.03175, "delta": 19.314581}}
{"target": 0.7257948782677438, "params": {"colsample_bytree": 0.419205142825085, "learning_rate": 0.9031194275453792, "max_bin": 493.8238704156053, "max_depth": 6.292357419246311, "min_child_samples": 656.336243684455, "min_child_weight": 153.06090537102162, "num_leaves": 352.917547526273, "reg_alpha": 10.57173963458386, "reg_lambda": 11.910906992598028}, "datetime": {"datetime": "2019-11-19 05:53:28", "elapsed": 1140.503332, "delta": 18.471582}}
{"target": 0.7061536512961488, "params": {"colsample_bytree": 0.4225403098177202, "learning_rate": 0.22711451974745653, "max_bin": 45.66885045731488, "max_depth": 6.82402211310648, "min_child_samples": 746.5505004237804, "min_child_weight": 766.754696398961, "num_leaves": 347.6980181688933, "reg_alpha": 18.743349521312044, "reg_lambda": 7.89921690880246}, "datetime": {"datetime": "2019-11-19 05:54:06", "elapsed": 1177.818161, "delta": 37.314829}}
{"target": 0.7320113714391321, "params": {"colsample_bytree": 0.5623701338516932, "learning_rate": 0.10041955058905443, "max_bin": 241.5896363716486, "max_depth": 9.843386480555413, "min_child_samples": 1103.771066877118, "min_child_weight": 279.36680519937556, "num_leaves": 279.69175158895223, "reg_alpha": 6.78903182510523, "reg_lambda": 23.934209670253146}, "datetime": {"datetime": "2019-11-19 05:54:30", "elapsed": 1202.482452, "delta": 24.664291}}
{"target": 0.7255377184478616, "params": {"colsample_bytree": 0.24427163487416947, "learning_rate": 0.5129118758901292, "max_bin": 127.16434978135572, "max_depth": 5.5936619409898665, "min_child_samples": 929.7166396983806, "min_child_weight": 278.9356777560416, "num_leaves": 434.2263691681608, "reg_alpha": 24.937949805771783, "reg_lambda": 2.8985166839205636}, "datetime": {"datetime": "2019-11-19 05:54:47", "elapsed": 1219.239491, "delta": 16.757039}}
{"target": 0.7304841842960658, "params": {"colsample_bytree": 0.5790227643280956, "learning_rate": 0.01632313251564946, "max_bin": 321.90912211203926, "max_depth": 5.2301750876195925, "min_child_samples": 804.6836357143656, "min_child_weight": 411.1953905932652, "num_leaves": 426.8402495990643, "reg_alpha": 26.40790445292033, "reg_lambda": 19.6175808373949}, "datetime": {"datetime": "2019-11-19 05:55:59", "elapsed": 1291.322892, "delta": 72.083401}}
{"target": 0.7248306874674125, "params": {"colsample_bytree": 0.2326393424467162, "learning_rate": 0.1241984914625803, "max_bin": 370.7734852041701, "max_depth": 8.208721061138945, "min_child_samples": 961.5811162903875, "min_child_weight": 509.1681861761946, "num_leaves": 350.8358760198078, "reg_alpha": 24.50810376927014, "reg_lambda": 4.197962722541019}, "datetime": {"datetime": "2019-11-19 05:56:21", "elapsed": 1313.350893, "delta": 22.028001}}
{"target": 0.7138969830817314, "params": {"colsample_bytree": 0.3931456606055439, "learning_rate": 0.3681238884861449, "max_bin": 186.36275607144887, "max_depth": 5.203458978969146, "min_child_samples": 130.17244661139185, "min_child_weight": 671.6682529720509, "num_leaves": 130.2467478088704, "reg_alpha": 2.956655347398956, "reg_lambda": 15.311557482754496}, "datetime": {"datetime": "2019-11-19 05:56:40", "elapsed": 1332.239891, "delta": 18.888998}}
{"target": 0.6277454784772523, "params": {"colsample_bytree": 0.05324187386867662, "learning_rate": 0.9470776177134334, "max_bin": 216.40497017767615, "max_depth": 4.237230243607706, "min_child_samples": 1342.5643102971194, "min_child_weight": 991.4058363320836, "num_leaves": 212.7760913960508, "reg_alpha": 0.8676274765173403, "reg_lambda": 5.085063931987623}, "datetime": {"datetime": "2019-11-19 05:56:56", "elapsed": 1348.367247, "delta": 16.127356}}
{"target": 0.7240600292941458, "params": {"colsample_bytree": 0.4025670813790978, "learning_rate": 0.9974154847258886, "max_bin": 347.1490440145226, "max_depth": 9.601726814562191, "min_child_samples": 1179.8527383084077, "min_child_weight": 234.3568650893524, "num_leaves": 351.30756530197857, "reg_alpha": 5.317280093504342, "reg_lambda": 8.077553634564026}, "datetime": {"datetime": "2019-11-19 05:57:15", "elapsed": 1367.034653, "delta": 18.667406}}
{"target": 0.7092394681410968, "params": {"colsample_bytree": 0.5675440871527974, "learning_rate": 0.5315917907795275, "max_bin": 397.0264877064003, "max_depth": 5.397344505195743, "min_child_samples": 1372.8364944735983, "min_child_weight": 714.2398200951244, "num_leaves": 162.72774809610104, "reg_alpha": 13.887665889583559, "reg_lambda": 28.546352543864273}, "datetime": {"datetime": "2019-11-19 05:57:36", "elapsed": 1387.930876, "delta": 20.896223}}
{"target": 0.7268805737565973, "params": {"colsample_bytree": 0.48011430181392495, "learning_rate": 0.19458381438598543, "max_bin": 229.56991109431434, "max_depth": 9.887661250829403, "min_child_samples": 68.3040466992909, "min_child_weight": 420.5926371422431, "num_leaves": 21.036685812072804, "reg_alpha": 6.162245886051402, "reg_lambda": 21.226913246139}, "datetime": {"datetime": "2019-11-19 05:58:20", "elapsed": 1431.914753, "delta": 43.983877}}
{"target": 0.7306563051433443, "params": {"colsample_bytree": 0.21539132248047893, "learning_rate": 0.3476799544322894, "max_bin": 485.5112158524143, "max_depth": 7.788282924395464, "min_child_samples": 59.296713100384565, "min_child_weight": 285.70800993438684, "num_leaves": 297.2051773073434, "reg_alpha": 18.287887284662073, "reg_lambda": 25.30211312599971}, "datetime": {"datetime": "2019-11-19 05:59:02", "elapsed": 1474.279596, "delta": 42.364843}}
{"target": 0.7077075403097938, "params": {"colsample_bytree": 0.07570827084123063, "learning_rate": 0.6297166722412678, "max_bin": 494.3578192377907, "max_depth": 8.049101103704515, "min_child_samples": 916.8159816028156, "min_child_weight": 729.4723924045641, "num_leaves": 490.3462294033689, "reg_alpha": 1.9570074516021392, "reg_lambda": 29.41014216523916}, "datetime": {"datetime": "2019-11-19 05:59:43", "elapsed": 1514.688249, "delta": 40.408653}}
{"target": 0.7220403341385792, "params": {"colsample_bytree": 0.08734733690923974, "learning_rate": 0.8752411665129077, "max_bin": 491.6480185299733, "max_depth": 5.686546261079259, "min_child_samples": 724.1701214990775, "min_child_weight": 7.7083403331303195, "num_leaves": 468.97773509694554, "reg_alpha": 21.71374244991719, "reg_lambda": 28.904485002673482}, "datetime": {"datetime": "2019-11-19 06:00:22", "elapsed": 1553.926542, "delta": 39.238293}}
{"target": 0.7284280653325494, "params": {"colsample_bytree": 0.21909094880780322, "learning_rate": 0.3634323506758792, "max_bin": 485.1088250150096, "max_depth": 8.831595063580142, "min_child_samples": 545.482612729412, "min_child_weight": 188.49057399686077, "num_leaves": 31.87609318974776, "reg_alpha": 29.439651514502135, "reg_lambda": 21.965654303039457}, "datetime": {"datetime": "2019-11-19 06:01:02", "elapsed": 1593.652824, "delta": 39.726282}}
{"target": 0.7274221492422918, "params": {"colsample_bytree": 0.354392658269594, "learning_rate": 0.06557120415990486, "max_bin": 181.7729013336208, "max_depth": 8.294766038410954, "min_child_samples": 617.2235195419362, "min_child_weight": 193.56980761864978, "num_leaves": 5.387004673468889, "reg_alpha": 21.812884589968462, "reg_lambda": 4.3448464218011145}, "datetime": {"datetime": "2019-11-19 06:01:49", "elapsed": 1641.434869, "delta": 47.782045}}
{"target": 0.7282839664316911, "params": {"colsample_bytree": 0.23358389472572438, "learning_rate": 0.3177845143310105, "max_bin": 497.3418901872002, "max_depth": 4.266090929685551, "min_child_samples": 1375.5400468456587, "min_child_weight": 436.5070988447759, "num_leaves": 489.1675696829302, "reg_alpha": 2.6639463990694563, "reg_lambda": 26.114496963534577}, "datetime": {"datetime": "2019-11-19 06:02:32", "elapsed": 1683.636482, "delta": 42.201613}}
{"target": 0.7306638761447619, "params": {"colsample_bytree": 0.48218168234739894, "learning_rate": 0.1850979238817204, "max_bin": 98.50600471115641, "max_depth": 5.425705207002554, "min_child_samples": 1496.6072100792733, "min_child_weight": 3.0808204566909145, "num_leaves": 161.30923026075877, "reg_alpha": 8.538195933718567, "reg_lambda": 15.799704779751849}, "datetime": {"datetime": "2019-11-19 06:03:16", "elapsed": 1728.085329, "delta": 44.448847}}
{"target": 0.7291359441037804, "params": {"colsample_bytree": 0.3247151041546501, "learning_rate": 0.1075247169901924, "max_bin": 488.1744965354687, "max_depth": 7.259342550894822, "min_child_samples": 1349.1589975371937, "min_child_weight": 1.8041688472652817, "num_leaves": 233.7363345723314, "reg_alpha": 3.5407151581877727, "reg_lambda": 27.803064738320366}, "datetime": {"datetime": "2019-11-19 06:04:02", "elapsed": 1773.808413, "delta": 45.723084}}
{"target": 0.7265034280047262, "params": {"colsample_bytree": 0.11544049661256944, "learning_rate": 0.031220967953141297, "max_bin": 180.20348652729774, "max_depth": 8.973995117666421, "min_child_samples": 1239.162655270368, "min_child_weight": 199.43913283180538, "num_leaves": 24.26558802761019, "reg_alpha": 28.280554190778854, "reg_lambda": 2.277548169280742}, "datetime": {"datetime": "2019-11-19 06:04:49", "elapsed": 1820.926373, "delta": 47.11796}}
{"target": 0.7287172773210663, "params": {"colsample_bytree": 0.5725072822123572, "learning_rate": 0.31662721649022174, "max_bin": 6.988625613406174, "max_depth": 5.758913573745577, "min_child_samples": 997.9405683949298, "min_child_weight": 22.916219722943747, "num_leaves": 497.0045712711251, "reg_alpha": 9.586722240176083, "reg_lambda": 24.154697872667306}, "datetime": {"datetime": "2019-11-19 06:05:31", "elapsed": 1862.864703, "delta": 41.93833}}
{"target": 0.7281702257097111, "params": {"colsample_bytree": 0.4731445141667721, "learning_rate": 0.5176277200111216, "max_bin": 447.26342551076465, "max_depth": 8.694106272707355, "min_child_samples": 1310.062067474375, "min_child_weight": 0.6387006725160129, "num_leaves": 23.160778434107208, "reg_alpha": 28.93914827008404, "reg_lambda": 25.33589802148034}, "datetime": {"datetime": "2019-11-19 06:06:12", "elapsed": 1903.865073, "delta": 41.00037}}
{"target": 0.7225388554891643, "params": {"colsample_bytree": 0.584312797820391, "learning_rate": 0.9750103417367828, "max_bin": 107.65306942110989, "max_depth": 8.89890994098252, "min_child_samples": 340.94119434669284, "min_child_weight": 382.87489420385555, "num_leaves": 259.6327595126878, "reg_alpha": 5.795304693439601, "reg_lambda": 29.600994744022994}, "datetime": {"datetime": "2019-11-19 06:06:52", "elapsed": 1944.019094, "delta": 40.154021}}
{"target": 0.7227843618881631, "params": {"colsample_bytree": 0.5681541864268739, "learning_rate": 0.9997059529825228, "max_bin": 40.80541244837384, "max_depth": 3.6979959309996566, "min_child_samples": 616.4142605795614, "min_child_weight": 230.1716748883065, "num_leaves": 497.0891662028732, "reg_alpha": 6.661518790027497, "reg_lambda": 2.4281593395052754}, "datetime": {"datetime": "2019-11-19 06:07:32", "elapsed": 1984.572481, "delta": 40.553387}}
{"target": 0.7266673411820597, "params": {"colsample_bytree": 0.32213786250768767, "learning_rate": 0.5705687826706837, "max_bin": 68.34369747475279, "max_depth": 6.672951152665078, "min_child_samples": 189.922025283413, "min_child_weight": 508.48528995615726, "num_leaves": 13.274975661963138, "reg_alpha": 4.058833178783623, "reg_lambda": 0.3798412376237257}, "datetime": {"datetime": "2019-11-19 06:08:12", "elapsed": 2024.434363, "delta": 39.861882}}
{"target": 0.7250114895305038, "params": {"colsample_bytree": 0.44949400122222827, "learning_rate": 0.9229407806320614, "max_bin": 20.984406676967282, "max_depth": 3.5970864384219383, "min_child_samples": 1314.3749522539622, "min_child_weight": 231.14823924954405, "num_leaves": 499.1668819629692, "reg_alpha": 5.4450863865309325, "reg_lambda": 28.661074680830165}, "datetime": {"datetime": "2019-11-19 06:08:54", "elapsed": 2066.112361, "delta": 41.677998}}
{"target": 0.7328608240255152, "params": {"colsample_bytree": 0.23486187390377317, "learning_rate": 0.3105657850958498, "max_bin": 5.46321206870944, "max_depth": 7.833542116047175, "min_child_samples": 1498.9533367630365, "min_child_weight": 53.70521373787416, "num_leaves": 5.897588055012071, "reg_alpha": 4.2800826298410914, "reg_lambda": 16.912518629603706}, "datetime": {"datetime": "2019-11-19 06:09:36", "elapsed": 2107.772441, "delta": 41.66008}}
{"target": 0.7214549560517454, "params": {"colsample_bytree": 0.4947917840954761, "learning_rate": 0.8321874030542968, "max_bin": 495.5857124269682, "max_depth": 4.6587717137330635, "min_child_samples": 1497.0487500775216, "min_child_weight": 3.7702837594006975, "num_leaves": 190.81826349484106, "reg_alpha": 13.903458342172433, "reg_lambda": 4.7209237788133995}, "datetime": {"datetime": "2019-11-19 06:10:18", "elapsed": 2149.842962, "delta": 42.070521}}
{"target": 0.7260159608522148, "params": {"colsample_bytree": 0.16722042818091412, "learning_rate": 0.8024989292243889, "max_bin": 170.68062753422018, "max_depth": 4.072478890714002, "min_child_samples": 1496.395368299963, "min_child_weight": 345.0017833164347, "num_leaves": 166.98199441975, "reg_alpha": 6.659928319398497, "reg_lambda": 29.215702943966427}, "datetime": {"datetime": "2019-11-19 06:10:57", "elapsed": 2189.387477, "delta": 39.544515}}
{"target": 0.7320205946726698, "params": {"colsample_bytree": 0.42624798676939163, "learning_rate": 0.2156135059744684, "max_bin": 15.380329804209143, "max_depth": 6.003078599978083, "min_child_samples": 1499.5661801380515, "min_child_weight": 135.78513174658977, "num_leaves": 208.99613211057567, "reg_alpha": 4.868372688630976, "reg_lambda": 0.8518789489078019}, "datetime": {"datetime": "2019-11-19 06:11:39", "elapsed": 2231.410541, "delta": 42.023064}}
{"target": 0.7284470014557713, "params": {"colsample_bytree": 0.4554405203179102, "learning_rate": 0.01949416383556523, "max_bin": 325.415554581777, "max_depth": 6.0110862162797805, "min_child_samples": 135.40661711935056, "min_child_weight": 208.95469301563634, "num_leaves": 499.78904629993576, "reg_alpha": 19.719286284141173, "reg_lambda": 9.977000620015842}, "datetime": {"datetime": "2019-11-19 06:12:50", "elapsed": 2301.741148, "delta": 70.330607}}
{"target": 0.7291970777553154, "params": {"colsample_bytree": 0.2499651209774999, "learning_rate": 0.3921841173532446, "max_bin": 339.4305372653318, "max_depth": 4.507669695605734, "min_child_samples": 1433.2707461883779, "min_child_weight": 212.91269434675337, "num_leaves": 493.75901014829503, "reg_alpha": 27.769043374921402, "reg_lambda": 28.965491488921767}, "datetime": {"datetime": "2019-11-19 06:13:31", "elapsed": 2342.679691, "delta": 40.938543}}
{"target": 0.7236937630107058, "params": {"colsample_bytree": 0.5058337167405981, "learning_rate": 0.38791709158231275, "max_bin": 483.0683558839947, "max_depth": 8.893253515848164, "min_child_samples": 134.6996282828435, "min_child_weight": 507.26926894652786, "num_leaves": 233.98451917093453, "reg_alpha": 5.3145024251625435, "reg_lambda": 29.73465151506057}, "datetime": {"datetime": "2019-11-19 06:14:15", "elapsed": 2387.032493, "delta": 44.352802}}
{"target": 0.7149875045082359, "params": {"colsample_bytree": 0.5168771787436385, "learning_rate": 0.9736937804670704, "max_bin": 239.15374094043227, "max_depth": 8.985146515438206, "min_child_samples": 222.81577661309834, "min_child_weight": 167.1653924604789, "num_leaves": 244.1201613465019, "reg_alpha": 0.8416126714440717, "reg_lambda": 0.34998082288600607}, "datetime": {"datetime": "2019-11-19 06:14:57", "elapsed": 2429.364272, "delta": 42.331779}}
{"target": 0.6680778242020704, "params": {"colsample_bytree": 0.31626971173916585, "learning_rate": 0.8296449732938576, "max_bin": 11.88207619494357, "max_depth": 9.883586988676374, "min_child_samples": 316.47737491782533, "min_child_weight": 946.5081170962953, "num_leaves": 497.1121113337904, "reg_alpha": 6.955752797820815, "reg_lambda": 29.81253569076409}, "datetime": {"datetime": "2019-11-19 06:15:41", "elapsed": 2472.831632, "delta": 43.46736}}
{"target": 0.7307342534299565, "params": {"colsample_bytree": 0.11565480134741912, "learning_rate": 0.36083625109614254, "max_bin": 491.69028880306786, "max_depth": 3.471505314823392, "min_child_samples": 80.2090717182968, "min_child_weight": 258.8459602775738, "num_leaves": 7.177102104748855, "reg_alpha": 26.877190294490624, "reg_lambda": 25.26930867901963}, "datetime": {"datetime": "2019-11-19 06:16:21", "elapsed": 2512.814345, "delta": 39.982713}}
{"target": 0.7276160802821763, "params": {"colsample_bytree": 0.2849556876797392, "learning_rate": 0.30436750315656497, "max_bin": 491.87298321318235, "max_depth": 9.037240484610411, "min_child_samples": 901.3196691020443, "min_child_weight": 296.77651733215555, "num_leaves": 330.4109108129089, "reg_alpha": 12.78719693897875, "reg_lambda": 28.569546478801847}, "datetime": {"datetime": "2019-11-19 06:17:09", "elapsed": 2561.518246, "delta": 48.703901}}
{"target": 0.7296122565175451, "params": {"colsample_bytree": 0.25153272879947125, "learning_rate": 0.12239366232804721, "max_bin": 488.571792493536, "max_depth": 5.4421677676931495, "min_child_samples": 1365.7043161386616, "min_child_weight": 8.536293725402288, "num_leaves": 493.9626730470271, "reg_alpha": 0.3641528840276641, "reg_lambda": 29.09929237424967}, "datetime": {"datetime": "2019-11-19 06:17:53", "elapsed": 2605.38366, "delta": 43.865414}}
{"target": 0.729077501469123, "params": {"colsample_bytree": 0.561285212543059, "learning_rate": 0.047926628383215326, "max_bin": 109.01691496811755, "max_depth": 5.192655885047417, "min_child_samples": 284.58739105999075, "min_child_weight": 431.59467358199976, "num_leaves": 494.95926431110394, "reg_alpha": 0.41914930243538695, "reg_lambda": 2.6221042954275444}, "datetime": {"datetime": "2019-11-19 06:18:50", "elapsed": 2661.78174, "delta": 56.39808}}
{"target": 0.7300638103730245, "params": {"colsample_bytree": 0.5963451762061449, "learning_rate": 0.7105793412436123, "max_bin": 111.1219489140376, "max_depth": 6.21226372098081, "min_child_samples": 489.13056801200923, "min_child_weight": 19.00461916240992, "num_leaves": 36.14472098040139, "reg_alpha": 25.440511194417113, "reg_lambda": 27.50700960472536}, "datetime": {"datetime": "2019-11-19 06:19:31", "elapsed": 2703.063102, "delta": 41.281362}}
{"target": 0.7215909383043639, "params": {"colsample_bytree": 0.29575183138311434, "learning_rate": 0.7579727920712573, "max_bin": 494.48953460912577, "max_depth": 8.064969991323679, "min_child_samples": 1061.3186388348502, "min_child_weight": 537.1880421773452, "num_leaves": 12.686063471487579, "reg_alpha": 28.15572961558008, "reg_lambda": 25.842228253590093}, "datetime": {"datetime": "2019-11-19 06:20:13", "elapsed": 2744.789419, "delta": 41.726317}}
{"target": 0.7282905035884781, "params": {"colsample_bytree": 0.3574081248927365, "learning_rate": 0.21790701826580344, "max_bin": 494.68195811488965, "max_depth": 4.1163061782926365, "min_child_samples": 54.93894785894302, "min_child_weight": 24.13523877015899, "num_leaves": 106.24130555466617, "reg_alpha": 25.609133884465603, "reg_lambda": 26.81541359439354}, "datetime": {"datetime": "2019-11-19 06:20:56", "elapsed": 2787.990495, "delta": 43.201076}}
{"target": 0.7209748547570995, "params": {"colsample_bytree": 0.11118883663541654, "learning_rate": 0.5842735906263236, "max_bin": 87.90540976642815, "max_depth": 4.521254525002602, "min_child_samples": 178.46261622508794, "min_child_weight": 18.47928217120348, "num_leaves": 499.1714946701885, "reg_alpha": 26.20571765295968, "reg_lambda": 25.815072992641127}, "datetime": {"datetime": "2019-11-19 06:21:37", "elapsed": 2829.45714, "delta": 41.466645}}
