{"target": -2.700397438322187, "params": {"colsample_bytree": 0.4492815746114713, "learning_rate": 0.3475386541928271, "max_bin": 293.91418510843306, "max_depth": 7.007521292247196, "min_child_samples": 956.281287599901, "min_child_weight": 992.1862916391367, "num_leaves": 328.13606226471404, "reg_alpha": 9.771546144132785, "reg_lambda": 28.81074789382768}, "datetime": {"datetime": "2019-11-19 07:29:10", "elapsed": 945.725204, "delta": 18.871794}}
{"target": -2.7503099097899977, "params": {"colsample_bytree": 0.5536838252115251, "learning_rate": 0.9134713676011191, "max_bin": 208.7280453028601, "max_depth": 4.606027804945987, "min_child_samples": 1385.776111478981, "min_child_weight": 292.24984683447605, "num_leaves": 423.36295132870526, "reg_alpha": 8.646324824247005, "reg_lambda": 5.777525722973764}, "datetime": {"datetime": "2019-11-19 07:29:27", "elapsed": 962.845683, "delta": 17.120479}}
{"target": -2.7299514307945927, "params": {"colsample_bytree": 0.448286493769173, "learning_rate": 0.6512931875647047, "max_bin": 175.1113557690049, "max_depth": 8.618102987733801, "min_child_samples": 1212.0736964994906, "min_child_weight": 663.8147265103856, "num_leaves": 491.56266557816406, "reg_alpha": 15.702296644890387, "reg_lambda": 11.974762095781752}, "datetime": {"datetime": "2019-11-19 07:29:45", "elapsed": 980.842004, "delta": 17.996321}}
{"target": -2.6895579628085438, "params": {"colsample_bytree": 0.28054559646996363, "learning_rate": 0.12024521519908535, "max_bin": 72.94650403710571, "max_depth": 5.129643691296301, "min_child_samples": 238.32801524322863, "min_child_weight": 29.931291342704284, "num_leaves": 465.3213702225737, "reg_alpha": 1.7175182238145812, "reg_lambda": 28.666272556015315}, "datetime": {"datetime": "2019-11-19 07:30:02", "elapsed": 998.120583, "delta": 17.278579}}
{"target": -2.7218051948407203, "params": {"colsample_bytree": 0.10671054433270483, "learning_rate": 0.43804420935826954, "max_bin": 191.17665054020904, "max_depth": 9.081173357682799, "min_child_samples": 844.834400592768, "min_child_weight": 335.25771677951366, "num_leaves": 492.3492162929021, "reg_alpha": 17.79743527335836, "reg_lambda": 29.397790547187807}, "datetime": {"datetime": "2019-11-19 07:30:20", "elapsed": 1015.320198, "delta": 17.199615}}
{"target": -2.737238211186601, "params": {"colsample_bytree": 0.052285400704415376, "learning_rate": 0.6203009354967891, "max_bin": 4.243878287512485, "max_depth": 5.492810820497271, "min_child_samples": 1023.3448505348396, "min_child_weight": 878.6145817163901, "num_leaves": 98.45842695138843, "reg_alpha": 16.69071469885096, "reg_lambda": 7.711315205661047}, "datetime": {"datetime": "2019-11-19 07:30:35", "elapsed": 1030.681573, "delta": 15.361375}}
{"target": -2.754109011227582, "params": {"colsample_bytree": 0.13474935078867012, "learning_rate": 0.7824093244390627, "max_bin": 100.83499631421729, "max_depth": 9.872242356570645, "min_child_samples": 836.7781696740892, "min_child_weight": 407.6426185883679, "num_leaves": 476.24030771854785, "reg_alpha": 25.44692843802615, "reg_lambda": 8.06711445585191}, "datetime": {"datetime": "2019-11-19 07:30:52", "elapsed": 1047.415627, "delta": 16.734054}}
{"target": -2.6938818644490836, "params": {"colsample_bytree": 0.5050301914746034, "learning_rate": 0.19975938071688631, "max_bin": 72.52357052899104, "max_depth": 3.910014623398651, "min_child_samples": 544.4466246134339, "min_child_weight": 596.8780133661654, "num_leaves": 498.62404201619495, "reg_alpha": 27.64588457534165, "reg_lambda": 23.40633353689111}, "datetime": {"datetime": "2019-11-19 07:31:10", "elapsed": 1065.271843, "delta": 17.856216}}
{"target": -2.7229369831504924, "params": {"colsample_bytree": 0.062147781353982176, "learning_rate": 0.40793870868375925, "max_bin": 291.60559814331344, "max_depth": 5.423854225425779, "min_child_samples": 1181.2626032197638, "min_child_weight": 240.60193874482428, "num_leaves": 178.86985449544213, "reg_alpha": 18.119699424856595, "reg_lambda": 26.313943479033313}, "datetime": {"datetime": "2019-11-19 07:31:26", "elapsed": 1081.390021, "delta": 16.118178}}
{"target": -2.7074938793316807, "params": {"colsample_bytree": 0.29971536406133276, "learning_rate": 0.530721517008492, "max_bin": 79.99587382777494, "max_depth": 6.132791238474777, "min_child_samples": 1453.3624322414987, "min_child_weight": 992.9399629733301, "num_leaves": 452.2740521484593, "reg_alpha": 25.81869543014105, "reg_lambda": 19.96105398292685}, "datetime": {"datetime": "2019-11-19 07:31:42", "elapsed": 1097.583598, "delta": 16.193577}}
{"target": -2.685255859647555, "params": {"colsample_bytree": 0.10927089316541772, "learning_rate": 0.020847466788142657, "max_bin": 351.86611071346874, "max_depth": 7.200702309778139, "min_child_samples": 795.7729457589002, "min_child_weight": 505.4659768315514, "num_leaves": 125.07939016493026, "reg_alpha": 5.6694119311984, "reg_lambda": 5.979620608238532}, "datetime": {"datetime": "2019-11-19 07:32:09", "elapsed": 1124.68053, "delta": 27.096932}}
{"target": -2.691410393546307, "params": {"colsample_bytree": 0.5830700625268838, "learning_rate": 0.14843364826705302, "max_bin": 138.83864477068192, "max_depth": 3.2785467218323774, "min_child_samples": 1052.7330990892854, "min_child_weight": 51.043390245116676, "num_leaves": 223.67075469713797, "reg_alpha": 8.094537228314541, "reg_lambda": 0.16561772065587554}, "datetime": {"datetime": "2019-11-19 07:32:27", "elapsed": 1142.75609, "delta": 18.07556}}
{"target": -2.716969510740298, "params": {"colsample_bytree": 0.10795881198578555, "learning_rate": 0.5337413538084281, "max_bin": 391.8559004059882, "max_depth": 5.227663717346804, "min_child_samples": 963.7341293509666, "min_child_weight": 3.123345586685431, "num_leaves": 112.72297979950163, "reg_alpha": 26.59116528847233, "reg_lambda": 23.851512795483167}, "datetime": {"datetime": "2019-11-19 07:32:44", "elapsed": 1159.453658, "delta": 16.697568}}
{"target": -2.700474270557197, "params": {"colsample_bytree": 0.09429457126997884, "learning_rate": 0.2210872606790167, "max_bin": 400.31742862135854, "max_depth": 8.123530457391425, "min_child_samples": 730.8473431478183, "min_child_weight": 945.948944728348, "num_leaves": 212.14325981777776, "reg_alpha": 3.926879347741535, "reg_lambda": 23.333510552744784}, "datetime": {"datetime": "2019-11-19 07:33:02", "elapsed": 1177.891808, "delta": 18.43815}}
{"target": -2.744174820207664, "params": {"colsample_bytree": 0.45871435154509166, "learning_rate": 0.8338174419904539, "max_bin": 378.17772057040605, "max_depth": 6.623837954387287, "min_child_samples": 1352.8224172647292, "min_child_weight": 567.5827478600482, "num_leaves": 209.5412675603065, "reg_alpha": 2.722643414066838, "reg_lambda": 29.963070307517835}, "datetime": {"datetime": "2019-11-19 07:33:20", "elapsed": 1195.986094, "delta": 18.094286}}
{"target": -2.7516737875006427, "params": {"colsample_bytree": 0.16696494308655505, "learning_rate": 0.8375763356157535, "max_bin": 10.719444775727212, "max_depth": 5.6541170582234415, "min_child_samples": 87.65121074227739, "min_child_weight": 963.4871380842571, "num_leaves": 470.71134503957285, "reg_alpha": 4.185870358622015, "reg_lambda": 22.42579535550785}, "datetime": {"datetime": "2019-11-19 07:33:42", "elapsed": 1217.52373, "delta": 21.537636}}
{"target": -2.726155212816152, "params": {"colsample_bytree": 0.517827558679926, "learning_rate": 0.6868244618863312, "max_bin": 494.42542731650127, "max_depth": 8.819530129505981, "min_child_samples": 1476.483078326169, "min_child_weight": 982.5830429777841, "num_leaves": 17.953447390042918, "reg_alpha": 6.477378771814657, "reg_lambda": 3.1342475040330484}, "datetime": {"datetime": "2019-11-19 07:34:06", "elapsed": 1241.644051, "delta": 24.120321}}
{"target": -2.710545365267285, "params": {"colsample_bytree": 0.08622513780221633, "learning_rate": 0.31357010475601244, "max_bin": 471.1085647332433, "max_depth": 6.759842342423253, "min_child_samples": 961.4297348083993, "min_child_weight": 6.085512533777292, "num_leaves": 477.6648287186974, "reg_alpha": 5.1511765809450605, "reg_lambda": 22.13841291874402}, "datetime": {"datetime": "2019-11-19 07:34:29", "elapsed": 1265.00963, "delta": 23.365579}}
{"target": -2.6954759669941333, "params": {"colsample_bytree": 0.07159077285043594, "learning_rate": 0.013248008529496794, "max_bin": 49.16397292920868, "max_depth": 6.58408043368919, "min_child_samples": 1494.355777888691, "min_child_weight": 977.3979230166257, "num_leaves": 24.019770567085907, "reg_alpha": 8.661699767281693, "reg_lambda": 11.112207449221524}, "datetime": {"datetime": "2019-11-19 07:35:03", "elapsed": 1298.612875, "delta": 33.603245}}
{"target": -2.6979537193556618, "params": {"colsample_bytree": 0.5086247370483449, "learning_rate": 0.20540256930438583, "max_bin": 497.9506455989751, "max_depth": 7.776738047891275, "min_child_samples": 53.31691896208054, "min_child_weight": 14.217980547577682, "num_leaves": 485.3503386423936, "reg_alpha": 2.478670860320564, "reg_lambda": 8.846579698596608}, "datetime": {"datetime": "2019-11-19 07:35:35", "elapsed": 1330.477312, "delta": 31.864437}}
{"target": -2.6975165824814766, "params": {"colsample_bytree": 0.35895056493317634, "learning_rate": 0.25367901408632, "max_bin": 18.193217342839155, "max_depth": 7.7896341357337775, "min_child_samples": 910.5345337297284, "min_child_weight": 7.825986161571803, "num_leaves": 497.54804999619716, "reg_alpha": 0.2777449344220839, "reg_lambda": 18.374762587612604}, "datetime": {"datetime": "2019-11-19 07:35:58", "elapsed": 1353.278105, "delta": 22.800793}}
{"target": -2.7224310413828534, "params": {"colsample_bytree": 0.19315310143242015, "learning_rate": 0.7681121596349059, "max_bin": 14.324543567145028, "max_depth": 9.63636113441731, "min_child_samples": 1484.2940244696856, "min_child_weight": 515.3294697360371, "num_leaves": 8.305805723521825, "reg_alpha": 13.473167285559958, "reg_lambda": 28.214964687302917}, "datetime": {"datetime": "2019-11-19 07:36:19", "elapsed": 1374.956991, "delta": 21.678886}}
{"target": -2.6959048888608472, "params": {"colsample_bytree": 0.0664740466708699, "learning_rate": 0.16825514784130244, "max_bin": 489.4568106002219, "max_depth": 6.34729795088902, "min_child_samples": 66.12675095780176, "min_child_weight": 989.7025201673188, "num_leaves": 487.60496921597945, "reg_alpha": 2.0653033692268727, "reg_lambda": 17.482677024658543}, "datetime": {"datetime": "2019-11-19 07:36:43", "elapsed": 1399.013547, "delta": 24.056556}}
{"target": -2.7048136404135357, "params": {"colsample_bytree": 0.3998456598193938, "learning_rate": 0.666519188703444, "max_bin": 29.07561067772733, "max_depth": 3.443751388079961, "min_child_samples": 556.7973559498482, "min_child_weight": 982.3120785256764, "num_leaves": 497.3972551749745, "reg_alpha": 16.16104365762777, "reg_lambda": 5.662332698238974}, "datetime": {"datetime": "2019-11-19 07:37:05", "elapsed": 1420.944645, "delta": 21.931098}}
{"target": -2.708833277734418, "params": {"colsample_bytree": 0.12246634673523742, "learning_rate": 0.19432026026695035, "max_bin": 7.2608689690537265, "max_depth": 8.203248675498429, "min_child_samples": 94.89676438958658, "min_child_weight": 4.77299585940402, "num_leaves": 6.182722186555527, "reg_alpha": 21.84212559954229, "reg_lambda": 14.002535292564737}, "datetime": {"datetime": "2019-11-19 07:37:27", "elapsed": 1442.808298, "delta": 21.863653}}
{"target": -2.741688967361346, "params": {"colsample_bytree": 0.06982449327014592, "learning_rate": 0.7002017933868684, "max_bin": 482.93940665140417, "max_depth": 3.682995411141342, "min_child_samples": 1498.321956525652, "min_child_weight": 974.1590821546796, "num_leaves": 471.22052756981765, "reg_alpha": 20.422114144538366, "reg_lambda": 26.052310227816406}, "datetime": {"datetime": "2019-11-19 07:37:49", "elapsed": 1464.28898, "delta": 21.480682}}
{"target": -2.689503420774171, "params": {"colsample_bytree": 0.06351237480965818, "learning_rate": 0.032459214909335496, "max_bin": 10.238085664694179, "max_depth": 9.498544834841976, "min_child_samples": 62.48771201959097, "min_child_weight": 915.1785326720994, "num_leaves": 24.723181531127672, "reg_alpha": 17.86903270216089, "reg_lambda": 14.40751956756996}, "datetime": {"datetime": "2019-11-19 07:38:19", "elapsed": 1495.122929, "delta": 30.833949}}
{"target": -2.7344584616137104, "params": {"colsample_bytree": 0.5478262312882912, "learning_rate": 0.812702221261435, "max_bin": 499.03705346787683, "max_depth": 3.9111359171411837, "min_child_samples": 57.05917275469911, "min_child_weight": 552.3987876857614, "num_leaves": 487.7960801261406, "reg_alpha": 21.26917070888669, "reg_lambda": 15.008362188455324}, "datetime": {"datetime": "2019-11-19 07:38:45", "elapsed": 1520.209436, "delta": 25.086507}}
{"target": -2.7201575992055416, "params": {"colsample_bytree": 0.1864065722971882, "learning_rate": 0.27193783137466454, "max_bin": 499.5301438581684, "max_depth": 7.70555570589091, "min_child_samples": 50.56784888766513, "min_child_weight": 19.20092778566394, "num_leaves": 96.58837843410994, "reg_alpha": 1.327366614745528, "reg_lambda": 15.209276504574762}, "datetime": {"datetime": "2019-11-19 07:39:11", "elapsed": 1547.07341, "delta": 26.863974}}
{"target": -2.736931054146025, "params": {"colsample_bytree": 0.38130830841315927, "learning_rate": 0.8814690848102955, "max_bin": 495.34746323914254, "max_depth": 7.125059840662935, "min_child_samples": 1085.578820782442, "min_child_weight": 997.2961955374161, "num_leaves": 61.10308614940651, "reg_alpha": 25.32262531353972, "reg_lambda": 9.922790225692633}, "datetime": {"datetime": "2019-11-19 07:39:35", "elapsed": 1571.046098, "delta": 23.972688}}
{"target": -2.708490641182388, "params": {"colsample_bytree": 0.40122834884803305, "learning_rate": 0.41365474115798784, "max_bin": 4.938189935249881, "max_depth": 4.680180795276414, "min_child_samples": 70.35477109858712, "min_child_weight": 523.7805285763712, "num_leaves": 16.615001458383237, "reg_alpha": 17.15610228562675, "reg_lambda": 5.458798799819172}, "datetime": {"datetime": "2019-11-19 07:39:58", "elapsed": 1594.026676, "delta": 22.980578}}
{"target": -2.721453861692778, "params": {"colsample_bytree": 0.2871031020671668, "learning_rate": 0.7434176136288048, "max_bin": 8.45276196902928, "max_depth": 5.308483677772186, "min_child_samples": 725.6065744539542, "min_child_weight": 6.722050698080282, "num_leaves": 33.3042580814474, "reg_alpha": 1.0035281959480882, "reg_lambda": 19.32721436934206}, "datetime": {"datetime": "2019-11-19 07:40:20", "elapsed": 1615.575212, "delta": 21.548536}}
{"target": -2.7041589620959687, "params": {"colsample_bytree": 0.4813876759020288, "learning_rate": 0.305295954355762, "max_bin": 485.5152872306856, "max_depth": 8.649138914899227, "min_child_samples": 519.3904320583582, "min_child_weight": 994.013830525139, "num_leaves": 482.5650822143359, "reg_alpha": 29.654055363895406, "reg_lambda": 25.569399600018382}, "datetime": {"datetime": "2019-11-19 07:40:49", "elapsed": 1644.485045, "delta": 28.909833}}
{"target": -2.694624368606969, "params": {"colsample_bytree": 0.3757079759585858, "learning_rate": 0.17676193394997605, "max_bin": 499.70898770591003, "max_depth": 6.561319045248147, "min_child_samples": 397.0371238769462, "min_child_weight": 11.216785907979848, "num_leaves": 488.0101035063876, "reg_alpha": 15.994295100510048, "reg_lambda": 27.41034372240638}, "datetime": {"datetime": "2019-11-19 07:41:17", "elapsed": 1672.186975, "delta": 27.70193}}
{"target": -2.761937121711207, "params": {"colsample_bytree": 0.31531739665091213, "learning_rate": 0.9316137748796154, "max_bin": 42.831911840100844, "max_depth": 5.524695282064533, "min_child_samples": 51.479122852420396, "min_child_weight": 47.11249286996172, "num_leaves": 498.21111437120334, "reg_alpha": 14.171580624587756, "reg_lambda": 15.307363878310811}, "datetime": {"datetime": "2019-11-19 07:41:40", "elapsed": 1695.326425, "delta": 23.13945}}
{"target": -2.706297242686664, "params": {"colsample_bytree": 0.38947438354599767, "learning_rate": 0.4114733057695508, "max_bin": 496.9428758299881, "max_depth": 4.315624165508638, "min_child_samples": 85.32690425383191, "min_child_weight": 995.7146291849795, "num_leaves": 89.40106605527531, "reg_alpha": 25.715778793996392, "reg_lambda": 5.191180759052574}, "datetime": {"datetime": "2019-11-19 07:42:04", "elapsed": 1719.456302, "delta": 24.129877}}
{"target": -2.7101978957685686, "params": {"colsample_bytree": 0.13209468460747809, "learning_rate": 0.2962400849241737, "max_bin": 212.26737444306505, "max_depth": 8.537963877982842, "min_child_samples": 1318.9216113016116, "min_child_weight": 998.2684148081353, "num_leaves": 30.1874078085409, "reg_alpha": 0.7962954528274939, "reg_lambda": 24.485837243349966}, "datetime": {"datetime": "2019-11-19 07:42:26", "elapsed": 1741.560615, "delta": 22.104313}}
{"target": -2.70738463634169, "params": {"colsample_bytree": 0.522487404408733, "learning_rate": 0.40571821418249954, "max_bin": 9.707744451244164, "max_depth": 3.688582034512489, "min_child_samples": 1496.6495521820934, "min_child_weight": 493.8667493973846, "num_leaves": 467.02717898186296, "reg_alpha": 27.005339093742304, "reg_lambda": 27.07939489639648}, "datetime": {"datetime": "2019-11-19 07:42:49", "elapsed": 1764.16934, "delta": 22.608725}}
{"target": -2.7140281925524854, "params": {"colsample_bytree": 0.12634530710535902, "learning_rate": 0.3662254149699156, "max_bin": 216.32913146182523, "max_depth": 8.998711344597712, "min_child_samples": 734.0433070804976, "min_child_weight": 13.631941312974776, "num_leaves": 330.727815679299, "reg_alpha": 2.6894660780220065, "reg_lambda": 23.55710663572419}, "datetime": {"datetime": "2019-11-19 07:43:12", "elapsed": 1787.54849, "delta": 23.37915}}
{"target": -2.696833165498038, "params": {"colsample_bytree": 0.11841528744042183, "learning_rate": 0.15370403544525615, "max_bin": 267.9451635828919, "max_depth": 6.109405726875454, "min_child_samples": 216.85228715712896, "min_child_weight": 993.4220040550274, "num_leaves": 342.76841228997773, "reg_alpha": 28.313394521953846, "reg_lambda": 9.482380269119867}, "datetime": {"datetime": "2019-11-19 07:43:36", "elapsed": 1811.970665, "delta": 24.422175}}
{"target": -2.69384581809733, "params": {"colsample_bytree": 0.3908986108987698, "learning_rate": 0.16456716342847472, "max_bin": 495.5352947789581, "max_depth": 8.079897159392335, "min_child_samples": 791.4095689261591, "min_child_weight": 200.8565023840358, "num_leaves": 264.52971029033705, "reg_alpha": 4.269679853324602, "reg_lambda": 29.225454605630905}, "datetime": {"datetime": "2019-11-19 07:44:04", "elapsed": 1840.048516, "delta": 28.077851}}
{"target": -2.723998134901452, "params": {"colsample_bytree": 0.11861846927249343, "learning_rate": 0.48604128160306204, "max_bin": 479.3380073557057, "max_depth": 8.462696861088407, "min_child_samples": 1454.6779130055013, "min_child_weight": 17.40990086091815, "num_leaves": 490.57133934498427, "reg_alpha": 17.37106331802202, "reg_lambda": 26.030068894707064}, "datetime": {"datetime": "2019-11-19 07:44:27", "elapsed": 1862.651725, "delta": 22.603209}}
{"target": -2.7551077005174656, "params": {"colsample_bytree": 0.24067208227895143, "learning_rate": 0.9154787508438657, "max_bin": 36.80464039971841, "max_depth": 7.6479470451039795, "min_child_samples": 1258.999967423725, "min_child_weight": 0.12011877533623742, "num_leaves": 485.14834506998085, "reg_alpha": 15.276210429263214, "reg_lambda": 28.744220362255785}, "datetime": {"datetime": "2019-11-19 07:44:48", "elapsed": 1884.019948, "delta": 21.368223}}
{"target": -2.7024700517314235, "params": {"colsample_bytree": 0.2823938578898215, "learning_rate": 0.4452350001614483, "max_bin": 499.5949739252988, "max_depth": 9.57455589548126, "min_child_samples": 1220.8051054165383, "min_child_weight": 343.07180453210464, "num_leaves": 486.29208782091405, "reg_alpha": 27.177099656108087, "reg_lambda": 21.162299550681997}, "datetime": {"datetime": "2019-11-19 07:45:14", "elapsed": 1909.452898, "delta": 25.43295}}
{"target": -2.7064772628665827, "params": {"colsample_bytree": 0.07430526833556333, "learning_rate": 0.291455824601051, "max_bin": 15.974343062301768, "max_depth": 4.154042886075022, "min_child_samples": 1005.3986417052489, "min_child_weight": 989.1308315862278, "num_leaves": 496.09643491897725, "reg_alpha": 4.308181317575819, "reg_lambda": 21.86750789432865}, "datetime": {"datetime": "2019-11-19 07:45:35", "elapsed": 1930.730618, "delta": 21.27772}}
{"target": -2.732795227797458, "params": {"colsample_bytree": 0.3381363618331175, "learning_rate": 0.8061950373882132, "max_bin": 470.50553723948275, "max_depth": 5.560233599686658, "min_child_samples": 589.7524549135964, "min_child_weight": 628.2449802680228, "num_leaves": 13.578423690292597, "reg_alpha": 24.21841138628338, "reg_lambda": 21.69245396226354}, "datetime": {"datetime": "2019-11-19 07:45:59", "elapsed": 1954.425786, "delta": 23.695168}}
{"target": -2.7229226109141336, "params": {"colsample_bytree": 0.20546659034586634, "learning_rate": 0.5177539915339637, "max_bin": 6.888581711413325, "max_depth": 6.825215654614816, "min_child_samples": 579.7444915144155, "min_child_weight": 43.80188392578854, "num_leaves": 493.63592630718244, "reg_alpha": 3.319586661915549, "reg_lambda": 19.551542402665223}, "datetime": {"datetime": "2019-11-19 07:46:20", "elapsed": 1975.99436, "delta": 21.568574}}
{"target": -2.8305299833377093, "params": {"colsample_bytree": 0.06437483916445916, "learning_rate": 0.8929340352603322, "max_bin": 494.77343703523053, "max_depth": 7.892948694716502, "min_child_samples": 238.29567845856053, "min_child_weight": 256.95854457368966, "num_leaves": 308.2619526796159, "reg_alpha": 1.2069020350801485, "reg_lambda": 2.7154872042948486}, "datetime": {"datetime": "2019-11-19 07:46:45", "elapsed": 2000.329184, "delta": 24.334824}}
