{"target": -2.69188262829892, "params": {"colsample_bytree": 0.3885796025348852, "learning_rate": 0.09146678093888543, "max_bin": 298.03316385733507, "max_depth": 7.439908933764865, "min_child_samples": 274.88036337243125, "min_child_weight": 361.1130703470717, "num_leaves": 317.361765580482, "reg_alpha": 5.2603473767855515, "reg_lambda": 28.75196606940299}, "datetime": {"datetime": "2019-11-19 07:13:24", "elapsed": 0.0, "delta": 0.0}}
{"target": -2.6932877864612985, "params": {"colsample_bytree": 0.47037170385250415, "learning_rate": 0.012162585925199094, "max_bin": 25.980553497754865, "max_depth": 5.786974861042519, "min_child_samples": 1463.1282815050479, "min_child_weight": 131.64426437899147, "num_leaves": 471.97671065831497, "reg_alpha": 12.371956179828944, "reg_lambda": 19.2948688659447}, "datetime": {"datetime": "2019-11-19 07:14:07", "elapsed": 43.119639, "delta": 43.119639}}
{"target": -2.6961114545117737, "params": {"colsample_bytree": 0.3903008048793679, "learning_rate": 0.15882978384614804, "max_bin": 351.9710071636617, "max_depth": 9.379019489701598, "min_child_samples": 1304.882469005186, "min_child_weight": 498.0164877147689, "num_leaves": 16.041409064329585, "reg_alpha": 2.5843001310082196, "reg_lambda": 18.35238370653897}, "datetime": {"datetime": "2019-11-19 07:14:28", "elapsed": 64.017131, "delta": 20.897492}}
{"target": -2.7323894233845474, "params": {"colsample_bytree": 0.44456224081076334, "learning_rate": 0.7236438248407422, "max_bin": 466.5048795950818, "max_depth": 9.334253963497869, "min_child_samples": 846.5193178070507, "min_child_weight": 691.0540203891217, "num_leaves": 333.49532991949724, "reg_alpha": 12.24875542545649, "reg_lambda": 29.630311729325527}, "datetime": {"datetime": "2019-11-19 07:14:49", "elapsed": 84.694794, "delta": 20.677663}}
{"target": -2.710535988056436, "params": {"colsample_bytree": 0.5652413703590233, "learning_rate": 0.4136771233815762, "max_bin": 111.5680912740239, "max_depth": 3.5664754532826777, "min_child_samples": 1356.1855392830296, "min_child_weight": 129.96013932245287, "num_leaves": 23.052038209795455, "reg_alpha": 11.786041696068867, "reg_lambda": 17.68286323185863}, "datetime": {"datetime": "2019-11-19 07:15:07", "elapsed": 102.288688, "delta": 17.593894}}
{"target": -2.7416807165612633, "params": {"colsample_bytree": 0.4208882260302583, "learning_rate": 0.7962264831318455, "max_bin": 338.4385106597012, "max_depth": 3.182711494186199, "min_child_samples": 635.1374832078169, "min_child_weight": 140.964007530398, "num_leaves": 98.36269706293147, "reg_alpha": 11.994618850422912, "reg_lambda": 24.939754101749568}, "datetime": {"datetime": "2019-11-19 07:15:24", "elapsed": 119.467572, "delta": 17.178884}}
{"target": -2.7312034989538594, "params": {"colsample_bytree": 0.18182869953397035, "learning_rate": 0.8537773379945047, "max_bin": 67.84165661406584, "max_depth": 9.314473220810573, "min_child_samples": 713.6964922043184, "min_child_weight": 858.0067130650302, "num_leaves": 65.07586774120054, "reg_alpha": 29.848147649027545, "reg_lambda": 9.699406057376372}, "datetime": {"datetime": "2019-11-19 07:15:41", "elapsed": 136.165525, "delta": 16.697953}}
{"target": -2.692745940352084, "params": {"colsample_bytree": 0.5774632680347019, "learning_rate": 0.046328524585253064, "max_bin": 243.19491860860558, "max_depth": 7.61702184518303, "min_child_samples": 1330.6655032765693, "min_child_weight": 214.17923264782917, "num_leaves": 73.7876513194193, "reg_alpha": 20.793880566385955, "reg_lambda": 22.820692718843684}, "datetime": {"datetime": "2019-11-19 07:16:10", "elapsed": 165.203053, "delta": 29.037528}}
{"target": -2.7038310217444876, "params": {"colsample_bytree": 0.26885857214991005, "learning_rate": 0.35772518466283987, "max_bin": 181.07324344047953, "max_depth": 6.273155942949532, "min_child_samples": 1192.6148994305706, "min_child_weight": 803.4033239920369, "num_leaves": 345.56955911981294, "reg_alpha": 7.3625344214090775, "reg_lambda": 1.4056309214015388}, "datetime": {"datetime": "2019-11-19 07:16:28", "elapsed": 183.259338, "delta": 18.056285}}
{"target": -2.708574592091377, "params": {"colsample_bytree": 0.47015858795238086, "learning_rate": 0.46382195827791156, "max_bin": 206.11539798130062, "max_depth": 9.4324331297721, "min_child_samples": 1000.867427070326, "min_child_weight": 909.6686594229878, "num_leaves": 227.23447774785595, "reg_alpha": 14.98289057032059, "reg_lambda": 29.57580583143196}, "datetime": {"datetime": "2019-11-19 07:16:46", "elapsed": 201.818854, "delta": 18.559516}}
{"target": -2.6970166252542485, "params": {"colsample_bytree": 0.09083754499687421, "learning_rate": 0.08119647563286085, "max_bin": 433.57387031615195, "max_depth": 3.039759327315234, "min_child_samples": 1157.755842632441, "min_child_weight": 794.7772462450513, "num_leaves": 440.4410512753659, "reg_alpha": 5.224750839849078, "reg_lambda": 0.9527595874169362}, "datetime": {"datetime": "2019-11-19 07:17:04", "elapsed": 219.790398, "delta": 17.971544}}
{"target": -2.725992106328777, "params": {"colsample_bytree": 0.12312198523156745, "learning_rate": 0.6218915493260777, "max_bin": 270.9198745645618, "max_depth": 7.204709843885917, "min_child_samples": 949.8208758562099, "min_child_weight": 613.1323765256759, "num_leaves": 122.34804066338626, "reg_alpha": 22.123679923404, "reg_lambda": 19.762953112509678}, "datetime": {"datetime": "2019-11-19 07:17:21", "elapsed": 236.765742, "delta": 16.975344}}
{"target": -2.690785246102325, "params": {"colsample_bytree": 0.34571456743520806, "learning_rate": 0.13401435128088404, "max_bin": 28.111950713964394, "max_depth": 4.124147338151442, "min_child_samples": 1105.2818065472436, "min_child_weight": 539.2090946519423, "num_leaves": 357.61160812483945, "reg_alpha": 2.111824614666253, "reg_lambda": 23.643163438795366}, "datetime": {"datetime": "2019-11-19 07:17:39", "elapsed": 254.720272, "delta": 17.95453}}
{"target": -2.761952314137975, "params": {"colsample_bytree": 0.0721169611003518, "learning_rate": 0.9211253715553899, "max_bin": 235.31945923454296, "max_depth": 3.5665555135265348, "min_child_samples": 1415.3194052828323, "min_child_weight": 271.0956524034869, "num_leaves": 346.6336014607715, "reg_alpha": 23.326192347764955, "reg_lambda": 13.809689130163235}, "datetime": {"datetime": "2019-11-19 07:17:55", "elapsed": 270.448089, "delta": 15.727817}}
{"target": -2.692875619175596, "params": {"colsample_bytree": 0.4728019050989977, "learning_rate": 0.12120565897388208, "max_bin": 299.38318988758806, "max_depth": 6.220797254291386, "min_child_samples": 1140.505305916851, "min_child_weight": 316.25093010962706, "num_leaves": 388.93041162243617, "reg_alpha": 17.445211207433474, "reg_lambda": 27.556663672699386}, "datetime": {"datetime": "2019-11-19 07:18:17", "elapsed": 292.270778, "delta": 21.822689}}
{"target": -2.720640928344264, "params": {"colsample_bytree": 0.38522340713336645, "learning_rate": 0.48495465995723175, "max_bin": 142.7543192433828, "max_depth": 7.737393607380966, "min_child_samples": 1039.896336403259, "min_child_weight": 327.9377042058475, "num_leaves": 13.2030549914687, "reg_alpha": 11.393746735530216, "reg_lambda": 19.82071224137297}, "datetime": {"datetime": "2019-11-19 07:18:34", "elapsed": 309.418162, "delta": 17.147384}}
{"target": -2.736935595812844, "params": {"colsample_bytree": 0.3588312748438604, "learning_rate": 0.8147558286559209, "max_bin": 13.70675391382141, "max_depth": 9.738540598412547, "min_child_samples": 182.7529859937757, "min_child_weight": 295.5711201733041, "num_leaves": 215.3096751214012, "reg_alpha": 20.43078132154324, "reg_lambda": 12.03436041303899}, "datetime": {"datetime": "2019-11-19 07:18:52", "elapsed": 327.387974, "delta": 17.969812}}
{"target": -2.6915230664964307, "params": {"colsample_bytree": 0.3427213234587666, "learning_rate": 0.02871321559668942, "max_bin": 314.98643941708616, "max_depth": 4.259997440100307, "min_child_samples": 875.9390720081639, "min_child_weight": 901.2740400883339, "num_leaves": 202.76182240482808, "reg_alpha": 21.7954088450922, "reg_lambda": 24.77229250073977}, "datetime": {"datetime": "2019-11-19 07:19:18", "elapsed": 353.218507, "delta": 25.830533}}
{"target": -2.6954205788501886, "params": {"colsample_bytree": 0.1755112007342814, "learning_rate": 0.29781140350790286, "max_bin": 188.4020769554318, "max_depth": 9.673974275281529, "min_child_samples": 788.9516876428106, "min_child_weight": 743.2069780151079, "num_leaves": 265.3821097277268, "reg_alpha": 25.384602050865656, "reg_lambda": 28.485132516773398}, "datetime": {"datetime": "2019-11-19 07:19:35", "elapsed": 370.862745, "delta": 17.644238}}
{"target": -2.7119962472009473, "params": {"colsample_bytree": 0.3764532593918575, "learning_rate": 0.5388030280238191, "max_bin": 437.81042572630184, "max_depth": 4.107436558155918, "min_child_samples": 104.52535779495246, "min_child_weight": 784.0920822372872, "num_leaves": 130.00238049074602, "reg_alpha": 10.696258061886462, "reg_lambda": 15.525050872393813}, "datetime": {"datetime": "2019-11-19 07:19:53", "elapsed": 388.657141, "delta": 17.794396}}
{"target": -2.7046361021663774, "params": {"colsample_bytree": 0.06281919583487726, "learning_rate": 0.37525668623314073, "max_bin": 336.52482340466645, "max_depth": 5.504042205941473, "min_child_samples": 303.9306513977167, "min_child_weight": 665.0184189089839, "num_leaves": 484.5259224804656, "reg_alpha": 23.369898540923142, "reg_lambda": 16.57139177393292}, "datetime": {"datetime": "2019-11-19 07:20:10", "elapsed": 405.834039, "delta": 17.176898}}
{"target": -2.744892869330686, "params": {"colsample_bytree": 0.20368893377160907, "learning_rate": 0.7293807387537807, "max_bin": 226.78722108455034, "max_depth": 9.075042208085886, "min_child_samples": 61.644329806886745, "min_child_weight": 351.43261771093194, "num_leaves": 249.9303509362345, "reg_alpha": 23.167362683017508, "reg_lambda": 12.359042496644088}, "datetime": {"datetime": "2019-11-19 07:20:29", "elapsed": 424.768838, "delta": 18.934799}}
{"target": -2.6902503798995, "params": {"colsample_bytree": 0.34375761948057376, "learning_rate": 0.0739331612782591, "max_bin": 346.96432205467374, "max_depth": 9.21290217803507, "min_child_samples": 330.6160665407665, "min_child_weight": 388.15761778148374, "num_leaves": 360.7685278259343, "reg_alpha": 6.488708070065798, "reg_lambda": 16.966360925816293}, "datetime": {"datetime": "2019-11-19 07:20:53", "elapsed": 449.100442, "delta": 24.331604}}
{"target": -2.7023442412320926, "params": {"colsample_bytree": 0.31841607991581355, "learning_rate": 0.2771120627173896, "max_bin": 333.73330294940956, "max_depth": 8.65834596176436, "min_child_samples": 350.91867596344434, "min_child_weight": 180.52867687026534, "num_leaves": 390.35571304305586, "reg_alpha": 21.224252559045283, "reg_lambda": 14.478835808186046}, "datetime": {"datetime": "2019-11-19 07:21:15", "elapsed": 470.550784, "delta": 21.450342}}
{"target": -2.7115184107343704, "params": {"colsample_bytree": 0.31975898467291636, "learning_rate": 0.6308228413824373, "max_bin": 60.68346988791921, "max_depth": 8.61616734294605, "min_child_samples": 1318.8312766686252, "min_child_weight": 191.91318038271194, "num_leaves": 399.9664327181216, "reg_alpha": 20.413847680670425, "reg_lambda": 9.16516023568474}, "datetime": {"datetime": "2019-11-19 07:21:32", "elapsed": 487.256149, "delta": 16.705365}}
{"target": -2.7300734698211877, "params": {"colsample_bytree": 0.1158903695983587, "learning_rate": 0.4553799577902341, "max_bin": 286.20398705134534, "max_depth": 3.913696026816068, "min_child_samples": 127.7469941593972, "min_child_weight": 279.4124328138253, "num_leaves": 164.7556734388999, "reg_alpha": 24.779204534387198, "reg_lambda": 26.492945006956305}, "datetime": {"datetime": "2019-11-19 07:21:48", "elapsed": 503.965022, "delta": 16.708873}}
{"target": -2.6884662388979477, "params": {"colsample_bytree": 0.38897126301320634, "learning_rate": 0.04403475237137988, "max_bin": 137.01349285193623, "max_depth": 5.48765091701775, "min_child_samples": 151.85289853718973, "min_child_weight": 459.5279214903416, "num_leaves": 70.35016089638886, "reg_alpha": 5.277895046458853, "reg_lambda": 7.246090682318289}, "datetime": {"datetime": "2019-11-19 07:22:10", "elapsed": 525.285882, "delta": 21.32086}}
{"target": -2.697811024954676, "params": {"colsample_bytree": 0.40905799320621117, "learning_rate": 0.3155600128022909, "max_bin": 214.29135581501617, "max_depth": 3.1429622161340895, "min_child_samples": 562.4337856064542, "min_child_weight": 699.3755445908075, "num_leaves": 307.88709194253545, "reg_alpha": 17.84267765141171, "reg_lambda": 12.750561679508339}, "datetime": {"datetime": "2019-11-19 07:22:27", "elapsed": 542.46176, "delta": 17.175878}}
{"target": -2.7377199107218644, "params": {"colsample_bytree": 0.4495339009436458, "learning_rate": 0.8972637096098992, "max_bin": 69.21606911906716, "max_depth": 9.128824714785797, "min_child_samples": 594.2783702051671, "min_child_weight": 487.29874693839906, "num_leaves": 146.54551982432199, "reg_alpha": 29.08693755705561, "reg_lambda": 7.187571163329609}, "datetime": {"datetime": "2019-11-19 07:22:44", "elapsed": 559.83423, "delta": 17.37247}}
{"target": -2.6845097806466107, "params": {"colsample_bytree": 0.19303611892373207, "learning_rate": 0.010624920329295205, "max_bin": 383.5995313435049, "max_depth": 9.677745973496846, "min_child_samples": 293.782672162902, "min_child_weight": 868.337930148765, "num_leaves": 132.9283942099715, "reg_alpha": 17.38704316258182, "reg_lambda": 22.083052483146552}, "datetime": {"datetime": "2019-11-19 07:23:29", "elapsed": 604.727397, "delta": 44.893167}}
{"target": -2.7022372877721503, "params": {"colsample_bytree": 0.4580927344718805, "learning_rate": 0.4600460123822957, "max_bin": 478.3624964274781, "max_depth": 8.087920956930192, "min_child_samples": 140.86227833948345, "min_child_weight": 528.0728970458225, "num_leaves": 61.71021767464657, "reg_alpha": 24.883819580473794, "reg_lambda": 13.533744144686832}, "datetime": {"datetime": "2019-11-19 07:23:51", "elapsed": 626.357573, "delta": 21.630176}}
{"target": -2.8131644626358794, "params": {"colsample_bytree": 0.08992647039545722, "learning_rate": 0.9623888462209104, "max_bin": 335.3577677502108, "max_depth": 8.354240425420542, "min_child_samples": 624.6283244834174, "min_child_weight": 503.28776420542977, "num_leaves": 458.72632859560395, "reg_alpha": 1.2821956872386504, "reg_lambda": 24.880356268920853}, "datetime": {"datetime": "2019-11-19 07:24:09", "elapsed": 644.225159, "delta": 17.867586}}
{"target": -2.6940074866953854, "params": {"colsample_bytree": 0.4890994142873927, "learning_rate": 0.2640714381559172, "max_bin": 329.81977226911073, "max_depth": 8.241152672069592, "min_child_samples": 222.20915391542252, "min_child_weight": 473.401539774386, "num_leaves": 194.16601101498236, "reg_alpha": 7.116476402729915, "reg_lambda": 3.1182530641697572}, "datetime": {"datetime": "2019-11-19 07:24:31", "elapsed": 666.162119, "delta": 21.93696}}
{"target": -2.6896006712627183, "params": {"colsample_bytree": 0.25663373632339964, "learning_rate": 0.1475189413759502, "max_bin": 315.106186547671, "max_depth": 6.7847741144639615, "min_child_samples": 669.2184718641097, "min_child_weight": 250.28276936310093, "num_leaves": 252.69199425874652, "reg_alpha": 9.237766145459581, "reg_lambda": 10.848396112868894}, "datetime": {"datetime": "2019-11-19 07:24:50", "elapsed": 685.868852, "delta": 19.706733}}
{"target": -2.7264568402988503, "params": {"colsample_bytree": 0.47973906953609496, "learning_rate": 0.7416246450211426, "max_bin": 182.0970169895675, "max_depth": 5.075971213098878, "min_child_samples": 1135.7000153790786, "min_child_weight": 646.4098415247386, "num_leaves": 233.844223632589, "reg_alpha": 23.958653336596957, "reg_lambda": 24.025028878573504}, "datetime": {"datetime": "2019-11-19 07:25:07", "elapsed": 702.899853, "delta": 17.031001}}
{"target": -2.6984132306530575, "params": {"colsample_bytree": 0.32091866904533856, "learning_rate": 0.27652522624586834, "max_bin": 491.47188709590523, "max_depth": 8.475209281080696, "min_child_samples": 195.42895259714226, "min_child_weight": 598.2967539622042, "num_leaves": 35.343479061890605, "reg_alpha": 0.2859106728555343, "reg_lambda": 7.542332201693716}, "datetime": {"datetime": "2019-11-19 07:25:28", "elapsed": 723.307794, "delta": 20.407941}}
{"target": -2.728153061955883, "params": {"colsample_bytree": 0.5908996676681271, "learning_rate": 0.6392455919042989, "max_bin": 136.37784157690115, "max_depth": 4.271474574079933, "min_child_samples": 283.2160056314841, "min_child_weight": 479.25632309913743, "num_leaves": 411.4743700104038, "reg_alpha": 11.530948212066441, "reg_lambda": 24.841079139927007}, "datetime": {"datetime": "2019-11-19 07:25:45", "elapsed": 740.585692, "delta": 17.277898}}
{"target": -2.714888009097965, "params": {"colsample_bytree": 0.207829859135311, "learning_rate": 0.6154414498625018, "max_bin": 13.153463831379279, "max_depth": 4.673284582022898, "min_child_samples": 434.2901704913313, "min_child_weight": 699.0128027041536, "num_leaves": 181.98679297777326, "reg_alpha": 25.67081441901011, "reg_lambda": 26.72288112137993}, "datetime": {"datetime": "2019-11-19 07:26:01", "elapsed": 756.626873, "delta": 16.041181}}
{"target": -2.7050915755461244, "params": {"colsample_bytree": 0.3085428019844604, "learning_rate": 0.3926801509208245, "max_bin": 373.237514135117, "max_depth": 3.226396021173119, "min_child_samples": 1197.0403464924552, "min_child_weight": 353.4298880346184, "num_leaves": 236.03571194779408, "reg_alpha": 14.560262162206161, "reg_lambda": 28.596632796319213}, "datetime": {"datetime": "2019-11-19 07:26:18", "elapsed": 773.374957, "delta": 16.748084}}
{"target": -2.693976819189513, "params": {"colsample_bytree": 0.2628059876770139, "learning_rate": 0.1951104075123935, "max_bin": 222.63679176058326, "max_depth": 6.392504583202097, "min_child_samples": 1055.0574044210052, "min_child_weight": 826.1732539520297, "num_leaves": 70.81466959026464, "reg_alpha": 15.722075780218507, "reg_lambda": 14.142956031324815}, "datetime": {"datetime": "2019-11-19 07:26:36", "elapsed": 791.646967, "delta": 18.27201}}
{"target": -2.7084699178023195, "params": {"colsample_bytree": 0.4402490682388988, "learning_rate": 0.3124638412549407, "max_bin": 344.38025665274716, "max_depth": 7.570395757489143, "min_child_samples": 1273.557210747518, "min_child_weight": 699.4610318378932, "num_leaves": 379.40254872454915, "reg_alpha": 5.259101292232417, "reg_lambda": 25.335603136827817}, "datetime": {"datetime": "2019-11-19 07:26:55", "elapsed": 810.936097, "delta": 19.28913}}
{"target": -2.7287765439995577, "params": {"colsample_bytree": 0.089303003077053, "learning_rate": 0.48616627983950894, "max_bin": 36.154896283271825, "max_depth": 3.4954019608292084, "min_child_samples": 323.4642986699915, "min_child_weight": 582.319507996651, "num_leaves": 323.57947903754706, "reg_alpha": 22.76957281326874, "reg_lambda": 21.21256308747109}, "datetime": {"datetime": "2019-11-19 07:27:11", "elapsed": 826.552052, "delta": 15.615955}}
{"target": -2.7276314780462707, "params": {"colsample_bytree": 0.28627105279433074, "learning_rate": 0.7783103878751811, "max_bin": 27.560165221788978, "max_depth": 7.206352869525411, "min_child_samples": 821.1373574030526, "min_child_weight": 411.6101462528655, "num_leaves": 333.67305954690096, "reg_alpha": 24.382975470677835, "reg_lambda": 10.187157817994938}, "datetime": {"datetime": "2019-11-19 07:27:27", "elapsed": 842.897538, "delta": 16.345486}}
{"target": -2.722986894766561, "params": {"colsample_bytree": 0.38614705499483604, "learning_rate": 0.607405106653705, "max_bin": 35.462020703651454, "max_depth": 3.952697518906839, "min_child_samples": 219.1070670437528, "min_child_weight": 532.7891433789409, "num_leaves": 297.48710860156376, "reg_alpha": 25.56254499088368, "reg_lambda": 17.086664350640394}, "datetime": {"datetime": "2019-11-19 07:27:44", "elapsed": 859.244497, "delta": 16.346959}}
{"target": -2.7553233576628604, "params": {"colsample_bytree": 0.05585607943775994, "learning_rate": 0.9076525151091442, "max_bin": 428.9586094934786, "max_depth": 4.001098344637378, "min_child_samples": 1048.3559152186044, "min_child_weight": 502.336958623985, "num_leaves": 20.915070003717382, "reg_alpha": 2.42672010422427, "reg_lambda": 3.723874444861195}, "datetime": {"datetime": "2019-11-19 07:27:59", "elapsed": 874.999675, "delta": 15.755178}}
{"target": -2.6993115523441644, "params": {"colsample_bytree": 0.4910810140835283, "learning_rate": 0.46884989088660717, "max_bin": 308.2202362572436, "max_depth": 3.540204227036781, "min_child_samples": 308.0800709247159, "min_child_weight": 865.8880986691245, "num_leaves": 34.99178508243334, "reg_alpha": 10.23493524301942, "reg_lambda": 7.3391962577824685}, "datetime": {"datetime": "2019-11-19 07:28:17", "elapsed": 892.888437, "delta": 17.888762}}
{"target": -2.716551743674284, "params": {"colsample_bytree": 0.18216202862621272, "learning_rate": 0.5265813241779727, "max_bin": 290.61304537956306, "max_depth": 6.87578111713334, "min_child_samples": 363.359762529858, "min_child_weight": 363.0054394364482, "num_leaves": 254.39003694084576, "reg_alpha": 22.17973764820062, "reg_lambda": 25.885995725080047}, "datetime": {"datetime": "2019-11-19 07:28:35", "elapsed": 910.576419, "delta": 17.687982}}
{"target": -2.7491310991401052, "params": {"colsample_bytree": 0.057212474299830264, "learning_rate": 0.6724461624635671, "max_bin": 390.0405397632723, "max_depth": 8.388942110302645, "min_child_samples": 1363.6053678050357, "min_child_weight": 116.72570452265361, "num_leaves": 33.99944001933132, "reg_alpha": 3.7325441203683782, "reg_lambda": 9.47085112928806}, "datetime": {"datetime": "2019-11-19 07:28:51", "elapsed": 926.85341, "delta": 16.276991}}
