{"target": 0.5483995842113147, "params": {"colsample_bytree": 0.5551535508116036, "learning_rate": 0.01859880300849997, "max_depth": 6.0, "min_child_samples": 55.0, "min_child_weight": 27.418512657045937, "n_splits": 8.0, "num_leaves": 6.0, "reg_alpha": 7.554123013819799, "reg_lambda": 4.4094812663177265, "subsample": 0.9493215701448805}, "datetime": {"datetime": "2019-11-09 16:12:19", "elapsed": 0.0, "delta": 0.0}}
{"target": 0.5480152085203218, "params": {"colsample_bytree": 0.9974207467015628, "learning_rate": 0.09457251862150583, "max_depth": 4.287505152934905, "min_child_samples": 235.96595327927636, "min_child_weight": 740.377329550728, "n_splits": 10.753527732090827, "num_leaves": 32.68231937625514, "reg_alpha": 6.185306531126206, "reg_lambda": 6.743799326472962, "subsample": 0.31501841595636504}, "datetime": {"datetime": "2019-11-09 16:15:18", "elapsed": 179.396387, "delta": 179.396387}}
{"target": 0.5476803057107205, "params": {"colsample_bytree": 0.41385014925536134, "learning_rate": 0.08004282191864374, "max_depth": 4.914329644231998, "min_child_samples": 997.5138688648696, "min_child_weight": 325.64049495658014, "n_splits": 8.074816979860694, "num_leaves": 11.486308556982728, "reg_alpha": 8.727984282573955, "reg_lambda": 4.385789191258907, "subsample": 0.4762714862384053}, "datetime": {"datetime": "2019-11-09 16:16:08", "elapsed": 228.78371, "delta": 49.387323}}
{"target": 0.5466841967088454, "params": {"colsample_bytree": 0.265046765915688, "learning_rate": 0.046549579917126806, "max_depth": 6.693849952058088, "min_child_samples": 930.5694381149676, "min_child_weight": 997.7973766593133, "n_splits": 9.881255836345352, "num_leaves": 10.913002324939555, "reg_alpha": 2.6183191413386444, "reg_lambda": 4.0046611213680325, "subsample": 0.25503552254513195}, "datetime": {"datetime": "2019-11-09 16:17:43", "elapsed": 324.235446, "delta": 95.451736}}
{"target": 0.5422910979111708, "params": {"colsample_bytree": 0.6343453103253865, "learning_rate": 0.06654714058149219, "max_depth": 5.679428931787429, "min_child_samples": 569.2884215718232, "min_child_weight": 22.490685829102233, "n_splits": 9.452886404588291, "num_leaves": 51.13363166199654, "reg_alpha": 8.915526185227119, "reg_lambda": 9.257626086065446, "subsample": 0.46179973840707456}, "datetime": {"datetime": "2019-11-09 16:19:35", "elapsed": 436.171797, "delta": 111.936351}}
{"target": 0.5429013759838163, "params": {"colsample_bytree": 0.6266304611318348, "learning_rate": 0.09811843290905291, "max_depth": 7.0577245215609405, "min_child_samples": 149.78967619650004, "min_child_weight": 998.2149984106417, "n_splits": 6.00508543104595, "num_leaves": 57.68667335094655, "reg_alpha": 4.512629876230525, "reg_lambda": 4.189745158024538, "subsample": 0.5318141751601949}, "datetime": {"datetime": "2019-11-09 16:20:38", "elapsed": 499.363607, "delta": 63.19181}}
{"target": 0.5466148392434467, "params": {"colsample_bytree": 0.497826274233681, "learning_rate": 0.024630758149495564, "max_depth": 4.777478467466249, "min_child_samples": 570.8174569179397, "min_child_weight": 259.9074443971093, "n_splits": 8.117695637686964, "num_leaves": 5.522170695912324, "reg_alpha": 7.526855536191111, "reg_lambda": 2.9202447736962487, "subsample": 0.1689183653882784}, "datetime": {"datetime": "2019-11-09 16:23:08", "elapsed": 648.804629, "delta": 149.441022}}
{"target": 0.5483284959842456, "params": {"colsample_bytree": 0.8599881972672301, "learning_rate": 0.012339467859476276, "max_depth": 4.211807035173074, "min_child_samples": 684.8095676049428, "min_child_weight": 465.27374419880545, "n_splits": 7.500188263491116, "num_leaves": 19.197804557535655, "reg_alpha": 5.164437752451329, "reg_lambda": 5.598418356019076, "subsample": 0.7348765424097168}, "datetime": {"datetime": "2019-11-09 16:28:49", "elapsed": 989.852104, "delta": 341.047475}}
{"target": 0.5489488939775838, "params": {"colsample_bytree": 0.24955373019957205, "learning_rate": 0.03858178936291168, "max_depth": 7.785313049529261, "min_child_samples": 863.5198013647167, "min_child_weight": 207.71669804179, "n_splits": 7.315631706737969, "num_leaves": 12.327365670233622, "reg_alpha": 8.706413046325798, "reg_lambda": 8.355886741308773, "subsample": 0.281432635526212}, "datetime": {"datetime": "2019-11-09 16:29:43", "elapsed": 1044.560926, "delta": 54.708822}}
{"target": 0.5480190824440718, "params": {"colsample_bytree": 0.391590485741811, "learning_rate": 0.07646568117299322, "max_depth": 6.378872087138162, "min_child_samples": 933.649896024912, "min_child_weight": 184.78728498893852, "n_splits": 8.344199722699297, "num_leaves": 5.435327048364995, "reg_alpha": 2.459310256605783, "reg_lambda": 0.8121356341869324, "subsample": 0.9363721319703892}, "datetime": {"datetime": "2019-11-09 16:30:40", "elapsed": 1100.822487, "delta": 56.261561}}
{"target": 0.5437723834815756, "params": {"colsample_bytree": 0.16790147499211663, "learning_rate": 0.016233695835008742, "max_depth": 3.0245300080215936, "min_child_samples": 682.1396422496075, "min_child_weight": 518.6299248982461, "n_splits": 10.187218638387105, "num_leaves": 27.26627184556147, "reg_alpha": 0.6891634747477882, "reg_lambda": 0.9852844350172663, "subsample": 0.8926289369831958}, "datetime": {"datetime": "2019-11-09 16:33:11", "elapsed": 1251.954258, "delta": 151.131771}}
{"target": 0.5479918194362067, "params": {"colsample_bytree": 0.4722326681433854, "learning_rate": 0.08642939675394602, "max_depth": 3.6573542910109276, "min_child_samples": 65.56031830299797, "min_child_weight": 966.6631183600173, "n_splits": 7.606832188483053, "num_leaves": 5.281050635736179, "reg_alpha": 9.932935670304175, "reg_lambda": 9.794135890215365, "subsample": 0.7040114392411473}, "datetime": {"datetime": "2019-11-09 16:34:50", "elapsed": 1351.194995, "delta": 99.240737}}
{"target": 0.5436716088652651, "params": {"colsample_bytree": 0.9277411388361534, "learning_rate": 0.03624029176021787, "max_depth": 7.351441638998942, "min_child_samples": 52.89453777928709, "min_child_weight": 594.1796076867332, "n_splits": 5.70494286180626, "num_leaves": 5.543939027262076, "reg_alpha": 0.8759908845322995, "reg_lambda": 9.23705640263888, "subsample": 0.6493708450239968}, "datetime": {"datetime": "2019-11-09 16:36:41", "elapsed": 1461.794095, "delta": 110.5991}}
