{"target": 0.7292884812554526, "params": {"colsample_bytree": 0.19465929623887102, "learning_rate": 0.26979835066497404, "max_bin": 492.55259093535267, "max_depth": 4.496620247844874, "min_child_samples": 588.6500223056346, "min_child_weight": 148.50650286818117, "num_leaves": 499.8161911819958, "reg_alpha": 15.351048882102194, "reg_lambda": 29.28237744729471}, "datetime": {"datetime": "2019-11-19 05:34:28", "elapsed": 0.0, "delta": 0.0}}
{"target": 0.7292884812554526, "params": {"colsample_bytree": 0.19465929623887102, "learning_rate": 0.26979835066497404, "max_bin": 492.55259093535267, "max_depth": 4.496620247844874, "min_child_samples": 588.6500223056346, "min_child_weight": 148.50650286818117, "num_leaves": 499.8161911819958, "reg_alpha": 15.351048882102194, "reg_lambda": 29.28237744729471}, "datetime": {"datetime": "2019-11-19 05:34:28", "elapsed": 0.000558, "delta": 0.000558}}
{"target": 0.7292884812554526, "params": {"colsample_bytree": 0.19465929623887102, "learning_rate": 0.26979835066497404, "max_bin": 492.55259093535267, "max_depth": 4.496620247844874, "min_child_samples": 588.6500223056346, "min_child_weight": 148.50650286818117, "num_leaves": 499.8161911819958, "reg_alpha": 15.351048882102194, "reg_lambda": 29.28237744729471}, "datetime": {"datetime": "2019-11-19 05:34:28", "elapsed": 0.001057, "delta": 0.000499}}
{"target": 0.708766603903231, "params": {"colsample_bytree": 0.05797585590287345, "learning_rate": 0.6401516897904485, "max_bin": 81.71895969287108, "max_depth": 9.072866722811655, "min_child_samples": 132.74512588945424, "min_child_weight": 757.3920465148987, "num_leaves": 351.05153332735057, "reg_alpha": 6.030991050765918, "reg_lambda": 8.564717540033012}, "datetime": {"datetime": "2019-11-19 05:34:45", "elapsed": 17.130031, "delta": 17.128974}}
{"target": 0.7272938292063459, "params": {"colsample_bytree": 0.2737776994616805, "learning_rate": 0.9857420688242589, "max_bin": 5.4499944388477815, "max_depth": 4.264228955925825, "min_child_samples": 358.72141350381463, "min_child_weight": 423.072632430793, "num_leaves": 191.60048232096855, "reg_alpha": 19.066020741826673, "reg_lambda": 3.059999881147228}, "datetime": {"datetime": "2019-11-19 05:35:02", "elapsed": 33.835244, "delta": 16.705213}}
{"target": 0.7019944636152244, "params": {"colsample_bytree": 0.08220760502600648, "learning_rate": 0.284349823863728, "max_bin": 231.01738251601662, "max_depth": 9.092808068049811, "min_child_samples": 71.67564353657954, "min_child_weight": 786.4210083606706, "num_leaves": 279.71008648437754, "reg_alpha": 2.774851058615887, "reg_lambda": 14.305973044607095}, "datetime": {"datetime": "2019-11-19 05:35:20", "elapsed": 52.121283, "delta": 18.286039}}
{"target": 0.7074484160262009, "params": {"colsample_bytree": 0.45323207544817606, "learning_rate": 0.07876816227774816, "max_bin": 118.5775180727221, "max_depth": 3.1325856593703403, "min_child_samples": 147.31399770420296, "min_child_weight": 724.7147136238382, "num_leaves": 467.40324707783094, "reg_alpha": 24.829424500700483, "reg_lambda": 21.246916410939125}, "datetime": {"datetime": "2019-11-19 05:36:15", "elapsed": 107.47944, "delta": 55.358157}}
{"target": 0.7246446093438526, "params": {"colsample_bytree": 0.4070912600497157, "learning_rate": 0.5945569685611402, "max_bin": 19.190399822305686, "max_depth": 6.338162718904205, "min_child_samples": 1331.983607585171, "min_child_weight": 397.5410251767444, "num_leaves": 384.0020025845373, "reg_alpha": 1.8213315764530627, "reg_lambda": 20.856550363262773}, "datetime": {"datetime": "2019-11-19 05:36:33", "elapsed": 124.732813, "delta": 17.253373}}
{"target": 0.68871012559277, "params": {"colsample_bytree": 0.47678382737996344, "learning_rate": 0.8203541352036167, "max_bin": 117.80635338180443, "max_depth": 8.53965646517527, "min_child_samples": 652.6204728384914, "min_child_weight": 894.7831445418078, "num_leaves": 446.84789343854163, "reg_alpha": 10.481089756656685, "reg_lambda": 15.762700857364514}, "datetime": {"datetime": "2019-11-19 05:36:53", "elapsed": 144.988303, "delta": 20.25549}}
{"target": 0.727713097919277, "params": {"colsample_bytree": 0.3185810915843603, "learning_rate": 0.681805363837661, "max_bin": 381.66862702272346, "max_depth": 5.768030798550846, "min_child_samples": 1066.2614334420423, "min_child_weight": 452.03952273437363, "num_leaves": 74.69454917611257, "reg_alpha": 19.548425775212312, "reg_lambda": 16.62399222911975}, "datetime": {"datetime": "2019-11-19 05:37:12", "elapsed": 163.650016, "delta": 18.661713}}
{"target": 0.7196598845879143, "params": {"colsample_bytree": 0.5117289945041816, "learning_rate": 0.8482404530833983, "max_bin": 353.87138832569565, "max_depth": 8.292732510391204, "min_child_samples": 642.851456149993, "min_child_weight": 89.85116006508538, "num_leaves": 305.0460730595612, "reg_alpha": 3.0519091910703278, "reg_lambda": 20.031977172270953}, "datetime": {"datetime": "2019-11-19 05:37:32", "elapsed": 183.866704, "delta": 20.216688}}
{"target": 0.7223585927601515, "params": {"colsample_bytree": 0.13677178095596482, "learning_rate": 0.6940794722384637, "max_bin": 306.44517477287724, "max_depth": 9.778001569916732, "min_child_samples": 513.9875272630686, "min_child_weight": 466.870161498233, "num_leaves": 336.6886698874448, "reg_alpha": 24.414655593910243, "reg_lambda": 29.097552496674748}, "datetime": {"datetime": "2019-11-19 05:37:49", "elapsed": 201.458239, "delta": 17.591535}}
{"target": 0.7058467108916838, "params": {"colsample_bytree": 0.4383532600589947, "learning_rate": 0.31962105346948366, "max_bin": 51.754082968126525, "max_depth": 9.915565242295221, "min_child_samples": 765.028528691777, "min_child_weight": 791.7710059015604, "num_leaves": 30.18035569562895, "reg_alpha": 9.507430505056696, "reg_lambda": 6.881434330027954}, "datetime": {"datetime": "2019-11-19 05:38:10", "elapsed": 222.065665, "delta": 20.607426}}
{"target": 0.7059678764027224, "params": {"colsample_bytree": 0.4515650160429161, "learning_rate": 0.44305851006860747, "max_bin": 130.0177344425734, "max_depth": 8.403118137935724, "min_child_samples": 503.29379408915173, "min_child_weight": 721.37189654609, "num_leaves": 453.15584034399774, "reg_alpha": 22.11902968402261, "reg_lambda": 20.46833665208604}, "datetime": {"datetime": "2019-11-19 05:38:51", "elapsed": 263.333032, "delta": 41.267367}}
{"target": 0.7261338936812939, "params": {"colsample_bytree": 0.05034283575372542, "learning_rate": 0.13285180699470986, "max_bin": 190.9142343141677, "max_depth": 5.17213987796673, "min_child_samples": 1311.9042203846075, "min_child_weight": 205.75510337703443, "num_leaves": 191.72070855461527, "reg_alpha": 26.791466618225876, "reg_lambda": 24.879862749534944}, "datetime": {"datetime": "2019-11-19 05:39:10", "elapsed": 282.058096, "delta": 18.725064}}
{"target": 0.7274820524397637, "params": {"colsample_bytree": 0.32157352920224697, "learning_rate": 0.30412162595123077, "max_bin": 265.68668330411884, "max_depth": 6.0523052261640675, "min_child_samples": 715.2663316196345, "min_child_weight": 85.04854863609324, "num_leaves": 211.86414321625207, "reg_alpha": 8.9460998373358, "reg_lambda": 4.222945202722268}, "datetime": {"datetime": "2019-11-19 05:39:29", "elapsed": 301.187233, "delta": 19.129137}}
{"target": 0.7181283447834796, "params": {"colsample_bytree": 0.5025101755785674, "learning_rate": 0.8624617381530801, "max_bin": 145.01739805622145, "max_depth": 8.626843420318087, "min_child_samples": 710.1086281264342, "min_child_weight": 510.10673231604744, "num_leaves": 96.75130632923418, "reg_alpha": 25.59847389982119, "reg_lambda": 18.38089841386194}, "datetime": {"datetime": "2019-11-19 05:39:47", "elapsed": 318.766054, "delta": 17.578821}}
{"target": 0.7214528532010036, "params": {"colsample_bytree": 0.5522320796205622, "learning_rate": 0.9410659675314867, "max_bin": 162.25932145510654, "max_depth": 3.273566201516854, "min_child_samples": 554.1166344899775, "min_child_weight": 507.0084160519191, "num_leaves": 38.71136486337992, "reg_alpha": 2.9414297510239615, "reg_lambda": 14.036848288332328}, "datetime": {"datetime": "2019-11-19 05:40:04", "elapsed": 336.530962, "delta": 17.764908}}
{"target": 0.722453312574657, "params": {"colsample_bytree": 0.0740723911926524, "learning_rate": 0.9729762614300915, "max_bin": 220.74817327397554, "max_depth": 4.133450545606239, "min_child_samples": 1118.6650269959787, "min_child_weight": 586.1515239938826, "num_leaves": 57.80313494890689, "reg_alpha": 13.217974515804237, "reg_lambda": 26.670548528210976}, "datetime": {"datetime": "2019-11-19 05:40:21", "elapsed": 353.075887, "delta": 16.544925}}
{"target": 0.7132465706491052, "params": {"colsample_bytree": 0.13949113491084442, "learning_rate": 0.9881064674265023, "max_bin": 443.05490920227464, "max_depth": 4.0575281297591825, "min_child_samples": 1477.4771527682892, "min_child_weight": 501.1954971903215, "num_leaves": 224.76356536347316, "reg_alpha": 9.317931106527002, "reg_lambda": 5.170458028535387}, "datetime": {"datetime": "2019-11-19 05:40:37", "elapsed": 369.368437, "delta": 16.29255}}
{"target": 0.7274036831353242, "params": {"colsample_bytree": 0.24539714474935964, "learning_rate": 0.3798585101743411, "max_bin": 219.14686424306103, "max_depth": 5.296426808814016, "min_child_samples": 1107.8928681728307, "min_child_weight": 37.05066528459786, "num_leaves": 270.97047502365234, "reg_alpha": 5.714052066999337, "reg_lambda": 1.1161028861762046}, "datetime": {"datetime": "2019-11-19 05:40:55", "elapsed": 386.663985, "delta": 17.295548}}
{"target": 0.7250617018023705, "params": {"colsample_bytree": 0.5685833132290989, "learning_rate": 0.4461806267405646, "max_bin": 60.278839440306314, "max_depth": 9.361052282148108, "min_child_samples": 214.9817532384097, "min_child_weight": 470.0546689512858, "num_leaves": 233.79298293791146, "reg_alpha": 10.358726176354704, "reg_lambda": 15.112653299162764}, "datetime": {"datetime": "2019-11-19 05:41:13", "elapsed": 405.215361, "delta": 18.551376}}
{"target": 0.7011892555144467, "params": {"colsample_bytree": 0.54857031615479, "learning_rate": 0.5197904235395554, "max_bin": 267.5022849052059, "max_depth": 6.66116930077802, "min_child_samples": 770.6853747047547, "min_child_weight": 820.0743237305244, "num_leaves": 383.8017427026885, "reg_alpha": 24.36312080130483, "reg_lambda": 20.784775586012653}, "datetime": {"datetime": "2019-11-19 05:41:48", "elapsed": 439.983801, "delta": 34.76844}}
{"target": 0.7057109714388176, "params": {"colsample_bytree": 0.5912644700694847, "learning_rate": 0.2117997283900786, "max_bin": 70.07932127698572, "max_depth": 7.136574804395458, "min_child_samples": 683.9222755456101, "min_child_weight": 770.9570053076376, "num_leaves": 69.6254478558151, "reg_alpha": 5.940463043521558, "reg_lambda": 7.6234022901133445}, "datetime": {"datetime": "2019-11-19 05:42:12", "elapsed": 463.870927, "delta": 23.887126}}
{"target": 0.7182114203223934, "params": {"colsample_bytree": 0.15127885268356386, "learning_rate": 0.06940949946621552, "max_bin": 11.006238287995117, "max_depth": 6.115790368191796, "min_child_samples": 381.1478679951495, "min_child_weight": 548.8966056280922, "num_leaves": 195.25958595739314, "reg_alpha": 25.927294719402248, "reg_lambda": 6.73703984400182}, "datetime": {"datetime": "2019-11-19 05:42:37", "elapsed": 488.884771, "delta": 25.013844}}
{"target": 0.7019007198777389, "params": {"colsample_bytree": 0.19817359711139743, "learning_rate": 0.36594781056016645, "max_bin": 119.51933687814493, "max_depth": 3.665249935924211, "min_child_samples": 267.9009403976795, "min_child_weight": 853.4606180271716, "num_leaves": 107.1934191452566, "reg_alpha": 1.2254283374748034, "reg_lambda": 5.735958863920705}, "datetime": {"datetime": "2019-11-19 05:42:54", "elapsed": 506.282707, "delta": 17.397936}}
{"target": 0.702696156557508, "params": {"colsample_bytree": 0.22094101220678375, "learning_rate": 0.9466989289351214, "max_bin": 99.27803300481375, "max_depth": 6.989094989533022, "min_child_samples": 771.5012946795227, "min_child_weight": 833.6312733937493, "num_leaves": 139.1791532252331, "reg_alpha": 4.958153345093396, "reg_lambda": 17.008125737361066}, "datetime": {"datetime": "2019-11-19 05:43:11", "elapsed": 523.03653, "delta": 16.753823}}
{"target": 0.6948893949648006, "params": {"colsample_bytree": 0.46513058787992234, "learning_rate": 0.9886256896232556, "max_bin": 110.34899337545646, "max_depth": 7.903522308434609, "min_child_samples": 390.0732168047326, "min_child_weight": 880.0512630859622, "num_leaves": 146.13904191690972, "reg_alpha": 28.95938206586381, "reg_lambda": 19.0748786162749}, "datetime": {"datetime": "2019-11-19 05:43:32", "elapsed": 543.699039, "delta": 20.662509}}
{"target": 0.6887647765656743, "params": {"colsample_bytree": 0.5561598300039193, "learning_rate": 0.631904211257738, "max_bin": 194.39809018548564, "max_depth": 9.773246895268816, "min_child_samples": 814.5848359589783, "min_child_weight": 909.7510552095601, "num_leaves": 463.077169677757, "reg_alpha": 25.733909278408245, "reg_lambda": 17.28758189499214}, "datetime": {"datetime": "2019-11-19 05:44:00", "elapsed": 572.216962, "delta": 28.517923}}
{"target": 0.7046245836854704, "params": {"colsample_bytree": 0.12519972250589007, "learning_rate": 0.4949542799485203, "max_bin": 497.74249873254684, "max_depth": 6.857977320843542, "min_child_samples": 554.74792876377, "min_child_weight": 707.8388421468038, "num_leaves": 256.12460830063594, "reg_alpha": 27.662319059931594, "reg_lambda": 16.55877095660771}, "datetime": {"datetime": "2019-11-19 05:44:24", "elapsed": 595.938168, "delta": 23.721206}}
{"target": 0.6974072299604932, "params": {"colsample_bytree": 0.48008838730673603, "learning_rate": 0.1457962361645061, "max_bin": 228.67494881506494, "max_depth": 6.599645639279147, "min_child_samples": 755.9926600914793, "min_child_weight": 813.6058460615111, "num_leaves": 161.71218435636067, "reg_alpha": 27.611219766270448, "reg_lambda": 1.3818773573140017}, "datetime": {"datetime": "2019-11-19 05:45:15", "elapsed": 647.071896, "delta": 51.133728}}
{"target": 0.7131196660581989, "params": {"colsample_bytree": 0.10198590320728748, "learning_rate": 0.32578870697812135, "max_bin": 350.1886112115102, "max_depth": 3.9678015149729875, "min_child_samples": 308.3423069692578, "min_child_weight": 591.8558033432467, "num_leaves": 385.005192577359, "reg_alpha": 28.05254802604915, "reg_lambda": 3.044441021122991}, "datetime": {"datetime": "2019-11-19 05:45:45", "elapsed": 677.55783, "delta": 30.485934}}
{"target": 0.7303718989554919, "params": {"colsample_bytree": 0.17782340975331368, "learning_rate": 0.2187822958684657, "max_bin": 351.06471073145156, "max_depth": 5.670443901297571, "min_child_samples": 609.866829530794, "min_child_weight": 371.82595289677084, "num_leaves": 257.80551555383494, "reg_alpha": 18.926871032030927, "reg_lambda": 19.014877901136963}, "datetime": {"datetime": "2019-11-19 05:46:04", "elapsed": 696.529649, "delta": 18.971819}}
{"target": 0.7193317798213194, "params": {"colsample_bytree": 0.19686790222873657, "learning_rate": 0.5676642412611307, "max_bin": 260.5193309839453, "max_depth": 7.720086858983342, "min_child_samples": 1435.6968494155365, "min_child_weight": 584.9074977952358, "num_leaves": 67.62544187951838, "reg_alpha": 15.662399259379635, "reg_lambda": 11.943697389691888}, "datetime": {"datetime": "2019-11-19 05:46:22", "elapsed": 714.150242, "delta": 17.620593}}
{"target": 0.7260495599666053, "params": {"colsample_bytree": 0.10467528557906881, "learning_rate": 0.2740116885978448, "max_bin": 236.9674741520343, "max_depth": 3.165676287754909, "min_child_samples": 519.8778385817031, "min_child_weight": 13.9378533234005, "num_leaves": 156.51038515366574, "reg_alpha": 6.427709782169333, "reg_lambda": 7.803309990375434}, "datetime": {"datetime": "2019-11-19 05:46:39", "elapsed": 731.378904, "delta": 17.228662}}
{"target": 0.7236020565264809, "params": {"colsample_bytree": 0.38041674788535323, "learning_rate": 0.5899325993874995, "max_bin": 11.521654776514843, "max_depth": 7.186770019306137, "min_child_samples": 1159.196979954518, "min_child_weight": 69.09420047796985, "num_leaves": 59.88392962272367, "reg_alpha": 4.223743801152621, "reg_lambda": 0.8972323466455365}, "datetime": {"datetime": "2019-11-19 05:46:57", "elapsed": 748.670692, "delta": 17.291788}}
{"target": 0.724188455314645, "params": {"colsample_bytree": 0.2591793783206678, "learning_rate": 0.6404418830368439, "max_bin": 228.90085103104215, "max_depth": 3.394826073345615, "min_child_samples": 794.0376568118513, "min_child_weight": 22.052236598547786, "num_leaves": 143.7942254842094, "reg_alpha": 14.70213578499936, "reg_lambda": 5.928998539272806}, "datetime": {"datetime": "2019-11-19 05:47:13", "elapsed": 765.493542, "delta": 16.82285}}
{"target": 0.7292361339410054, "params": {"colsample_bytree": 0.32445838435912255, "learning_rate": 0.07598122872832892, "max_bin": 496.6953335204132, "max_depth": 5.416556207114802, "min_child_samples": 237.85290550599416, "min_child_weight": 408.7683553736056, "num_leaves": 384.06187893381707, "reg_alpha": 7.890712428092456, "reg_lambda": 1.1589456474194746}, "datetime": {"datetime": "2019-11-19 05:47:38", "elapsed": 790.506822, "delta": 25.01328}}
{"target": 0.7326451132023265, "params": {"colsample_bytree": 0.5145285162365926, "learning_rate": 0.14430506085841263, "max_bin": 27.50004887888405, "max_depth": 7.803980936342279, "min_child_samples": 1485.1821497662731, "min_child_weight": 103.2405412146404, "num_leaves": 90.44464802503234, "reg_alpha": 12.850237528383621, "reg_lambda": 24.756716326541337}, "datetime": {"datetime": "2019-11-19 05:47:58", "elapsed": 810.577803, "delta": 20.070981}}
{"target": 0.722755550140857, "params": {"colsample_bytree": 0.14703935371180282, "learning_rate": 0.8063239569794848, "max_bin": 402.57065887659945, "max_depth": 7.616347975194438, "min_child_samples": 1204.2268835015886, "min_child_weight": 205.093560734591, "num_leaves": 211.02650818219198, "reg_alpha": 11.297145237628271, "reg_lambda": 10.841350871885329}, "datetime": {"datetime": "2019-11-19 05:48:16", "elapsed": 827.76789, "delta": 17.190087}}
{"target": 0.7260962992345478, "params": {"colsample_bytree": 0.4911910921249797, "learning_rate": 0.35212791933263077, "max_bin": 7.392877624404628, "max_depth": 9.319927420835183, "min_child_samples": 315.56378292868084, "min_child_weight": 243.22801107225908, "num_leaves": 5.9332759068116445, "reg_alpha": 18.158999489017877, "reg_lambda": 19.974345958738926}, "datetime": {"datetime": "2019-11-19 05:48:34", "elapsed": 846.002811, "delta": 18.234921}}
{"target": 0.7189396962459556, "params": {"colsample_bytree": 0.39393805529109294, "learning_rate": 0.9381805887042758, "max_bin": 458.28635749280147, "max_depth": 4.2068915387107815, "min_child_samples": 1422.437888208841, "min_child_weight": 637.5640279540102, "num_leaves": 94.0512741751187, "reg_alpha": 26.648876426455846, "reg_lambda": 27.592384077928354}, "datetime": {"datetime": "2019-11-19 05:49:00", "elapsed": 871.851191, "delta": 25.84838}}
{"target": 0.6853739411259896, "params": {"colsample_bytree": 0.25244497826288254, "learning_rate": 0.5331337824069523, "max_bin": 17.864319904997735, "max_depth": 7.129607811923455, "min_child_samples": 998.5715405043959, "min_child_weight": 934.2473091000315, "num_leaves": 338.15508268415056, "reg_alpha": 13.101741190584997, "reg_lambda": 20.80250505990153}, "datetime": {"datetime": "2019-11-19 05:49:27", "elapsed": 898.61255, "delta": 26.761359}}
{"target": 0.6568249030850829, "params": {"colsample_bytree": 0.11540373377187588, "learning_rate": 0.9737470181454062, "max_bin": 474.43482174571176, "max_depth": 5.037783377247594, "min_child_samples": 834.1405800942108, "min_child_weight": 943.5847612788465, "num_leaves": 27.249891393606664, "reg_alpha": 22.896578099612498, "reg_lambda": 27.849138947305793}, "datetime": {"datetime": "2019-11-19 05:49:44", "elapsed": 916.39178, "delta": 17.77923}}
{"target": 0.732503290027352, "params": {"colsample_bytree": 0.5841977937979456, "learning_rate": 0.583745957980748, "max_bin": 109.08123402965474, "max_depth": 5.915008873110819, "min_child_samples": 456.95466099323056, "min_child_weight": 194.1309885567308, "num_leaves": 213.28609303088427, "reg_alpha": 20.97445794704245, "reg_lambda": 19.45013547222598}, "datetime": {"datetime": "2019-11-19 05:50:02", "elapsed": 934.429894, "delta": 18.038114}}
{"target": 0.7281306946685712, "params": {"colsample_bytree": 0.10556467731810099, "learning_rate": 0.09196142856974951, "max_bin": 223.65050679950818, "max_depth": 6.219966992909869, "min_child_samples": 974.266129132002, "min_child_weight": 345.7201941543893, "num_leaves": 210.2280873111198, "reg_alpha": 28.63378743510626, "reg_lambda": 15.700488832677976}, "datetime": {"datetime": "2019-11-19 05:50:23", "elapsed": 955.060331, "delta": 20.630437}}
{"target": 0.7182668543441585, "params": {"colsample_bytree": 0.28742000737408635, "learning_rate": 0.8283953700320256, "max_bin": 303.49461983533917, "max_depth": 4.288117923216884, "min_child_samples": 378.35987295912537, "min_child_weight": 545.0674660472258, "num_leaves": 384.3284495868717, "reg_alpha": 10.409253611069083, "reg_lambda": 17.01093510715291}, "datetime": {"datetime": "2019-11-19 05:50:40", "elapsed": 972.401592, "delta": 17.341261}}
{"target": 0.7208189554440108, "params": {"colsample_bytree": 0.3629102003443384, "learning_rate": 0.4617515099501267, "max_bin": 462.03461873217697, "max_depth": 4.297084504349861, "min_child_samples": 1391.6506300309222, "min_child_weight": 544.0953707661063, "num_leaves": 372.40073384514847, "reg_alpha": 22.19657847730216, "reg_lambda": 12.519430191353027}, "datetime": {"datetime": "2019-11-19 05:50:59", "elapsed": 991.149232, "delta": 18.74764}}
