{"target": 0.5438773577490268, "params": {"colsample_bytree": 0.44225843952686833, "learning_rate": 0.4067294318267309, "max_bin": 356.3261141046083, "max_depth": 6.90670453173598, "min_child_samples": 1430.7932350813767, "min_child_weight": 737.5799012948755, "num_leaves": 424.4001316292712, "reg_alpha": 15.303837232420863, "reg_lambda": 23.950464531379353}, "datetime": {"datetime": "2019-11-19 08:40:18", "elapsed": 1300.330109, "delta": 29.834271}}
{"target": 0.5438435588893469, "params": {"colsample_bytree": 0.42397200011534114, "learning_rate": 0.43792175402937633, "max_bin": 81.64295734752167, "max_depth": 4.359144701518202, "min_child_samples": 742.6576693098546, "min_child_weight": 408.9423496869568, "num_leaves": 470.79241285996505, "reg_alpha": 23.535736003548465, "reg_lambda": 21.184877754547912}, "datetime": {"datetime": "2019-11-19 08:40:43", "elapsed": 1324.75264, "delta": 24.422531}}
{"target": 0.5474118073090735, "params": {"colsample_bytree": 0.34777064151131304, "learning_rate": 0.17501266839028706, "max_bin": 420.67122460351146, "max_depth": 6.5798216547708215, "min_child_samples": 586.1267906443471, "min_child_weight": 73.40227951730931, "num_leaves": 38.97775731699535, "reg_alpha": 25.880561279510346, "reg_lambda": 17.181726657216988}, "datetime": {"datetime": "2019-11-19 08:41:16", "elapsed": 1357.783751, "delta": 33.031111}}
{"target": 0.5458218844994287, "params": {"colsample_bytree": 0.40610994333530875, "learning_rate": 0.5139009402073554, "max_bin": 87.48655007953063, "max_depth": 9.644160533609337, "min_child_samples": 814.2069650636398, "min_child_weight": 642.2093295328522, "num_leaves": 349.1996460881978, "reg_alpha": 18.00068308765814, "reg_lambda": 17.614130722283484}, "datetime": {"datetime": "2019-11-19 08:41:42", "elapsed": 1383.5506, "delta": 25.766849}}
{"target": 0.5436715054591247, "params": {"colsample_bytree": 0.16482145333179765, "learning_rate": 0.29212147476922856, "max_bin": 449.4257949564801, "max_depth": 6.340350067194441, "min_child_samples": 903.596283109552, "min_child_weight": 781.1320429969088, "num_leaves": 428.6234413046998, "reg_alpha": 29.14484148457744, "reg_lambda": 25.328519087520164}, "datetime": {"datetime": "2019-11-19 08:42:09", "elapsed": 1410.95658, "delta": 27.40598}}
{"target": 0.5384680632554613, "params": {"colsample_bytree": 0.21485374219791248, "learning_rate": 0.93016310182031, "max_bin": 152.2928711741416, "max_depth": 8.28925822329429, "min_child_samples": 540.2174669557937, "min_child_weight": 620.3399252885976, "num_leaves": 171.89331269477992, "reg_alpha": 6.9198764427579675, "reg_lambda": 9.784487473437752}, "datetime": {"datetime": "2019-11-19 08:42:30", "elapsed": 1432.27262, "delta": 21.31604}}
{"target": 0.543324823706431, "params": {"colsample_bytree": 0.20633170288327313, "learning_rate": 0.3624940454852483, "max_bin": 347.22002528387634, "max_depth": 4.7428426197878775, "min_child_samples": 1181.088917227194, "min_child_weight": 485.92453828792975, "num_leaves": 152.6006414413772, "reg_alpha": 6.941228657475486, "reg_lambda": 25.963821501509337}, "datetime": {"datetime": "2019-11-19 08:42:55", "elapsed": 1456.820831, "delta": 24.548211}}
{"target": 0.5443961123627924, "params": {"colsample_bytree": 0.3591863798643049, "learning_rate": 0.16225820156188417, "max_bin": 276.1809778676624, "max_depth": 4.178898479322383, "min_child_samples": 132.24817390374213, "min_child_weight": 263.00862264818886, "num_leaves": 114.02020945286023, "reg_alpha": 17.70481915182283, "reg_lambda": 15.360724973374959}, "datetime": {"datetime": "2019-11-19 08:43:29", "elapsed": 1490.561696, "delta": 33.740865}}
{"target": 0.5376167382265303, "params": {"colsample_bytree": 0.1176461703106062, "learning_rate": 0.8103928660812145, "max_bin": 202.44228485823857, "max_depth": 8.196942948334687, "min_child_samples": 915.4014399505442, "min_child_weight": 998.0983705558214, "num_leaves": 251.89377274539518, "reg_alpha": 15.951564927950555, "reg_lambda": 9.974380776048998}, "datetime": {"datetime": "2019-11-19 08:43:49", "elapsed": 1511.36798, "delta": 20.806284}}
{"target": 0.540954502812793, "params": {"colsample_bytree": 0.5281118281990416, "learning_rate": 0.8741421885712081, "max_bin": 94.99440181905014, "max_depth": 7.366567935991101, "min_child_samples": 168.64652077968745, "min_child_weight": 468.7485665799492, "num_leaves": 146.75607340366898, "reg_alpha": 11.109588962330726, "reg_lambda": 4.590527612758675}, "datetime": {"datetime": "2019-11-19 08:44:14", "elapsed": 1536.244202, "delta": 24.876222}}
{"target": 0.5421188723072098, "params": {"colsample_bytree": 0.2591150424637027, "learning_rate": 0.9636130111638241, "max_bin": 103.09535384144313, "max_depth": 9.087325677519733, "min_child_samples": 761.0479623866672, "min_child_weight": 988.1749613940574, "num_leaves": 37.910234754875574, "reg_alpha": 16.572432931196722, "reg_lambda": 9.477756901286467}, "datetime": {"datetime": "2019-11-19 08:44:35", "elapsed": 1557.167933, "delta": 20.923731}}
{"target": 0.5406247595968303, "params": {"colsample_bytree": 0.2872668519777365, "learning_rate": 0.7982384320884683, "max_bin": 149.05836113498844, "max_depth": 9.522570485448174, "min_child_samples": 1277.5502928281376, "min_child_weight": 141.96909582802505, "num_leaves": 217.37706108621785, "reg_alpha": 6.169596694422832, "reg_lambda": 4.053171613734172}, "datetime": {"datetime": "2019-11-19 08:44:58", "elapsed": 1580.008873, "delta": 22.84094}}
{"target": 0.5433822633192988, "params": {"colsample_bytree": 0.49916183358484617, "learning_rate": 0.02062048134485896, "max_bin": 475.47643430215174, "max_depth": 5.798253927457503, "min_child_samples": 54.07131381632624, "min_child_weight": 139.90136067638414, "num_leaves": 498.23730645220024, "reg_alpha": 5.037800224086602, "reg_lambda": 7.487070721280274}, "datetime": {"datetime": "2019-11-19 08:47:52", "elapsed": 1754.457205, "delta": 174.448332}}
{"target": 0.541606676510125, "params": {"colsample_bytree": 0.5255579063422564, "learning_rate": 0.6404978143888777, "max_bin": 474.94707142889035, "max_depth": 4.039404855239296, "min_child_samples": 1481.412258908129, "min_child_weight": 979.9000259588485, "num_leaves": 72.04837837719862, "reg_alpha": 26.22374753502679, "reg_lambda": 1.1375316695145812}, "datetime": {"datetime": "2019-11-19 08:48:36", "elapsed": 1798.248433, "delta": 43.791228}}
{"target": 0.5417984791708764, "params": {"colsample_bytree": 0.5403686133615032, "learning_rate": 0.15374770280297748, "max_bin": 482.0521643975118, "max_depth": 8.66243352994788, "min_child_samples": 71.10311185325203, "min_child_weight": 988.7783932614083, "num_leaves": 47.03168026640927, "reg_alpha": 24.739170888161517, "reg_lambda": 9.566892060196738}, "datetime": {"datetime": "2019-11-19 08:49:49", "elapsed": 1871.122129, "delta": 72.873696}}
{"target": 0.5461455455775779, "params": {"colsample_bytree": 0.47619587787500545, "learning_rate": 0.28795645864930175, "max_bin": 485.6533497957514, "max_depth": 3.6771400306403788, "min_child_samples": 1454.1032655705253, "min_child_weight": 8.36001509089541, "num_leaves": 450.95723937507404, "reg_alpha": 20.204908398614485, "reg_lambda": 29.178407370233142}, "datetime": {"datetime": "2019-11-19 08:50:37", "elapsed": 1918.714103, "delta": 47.591974}}
{"target": 0.5378818133427146, "params": {"colsample_bytree": 0.5700957501066184, "learning_rate": 0.9771051308891944, "max_bin": 18.38894619169601, "max_depth": 7.203528106171651, "min_child_samples": 72.5998235359322, "min_child_weight": 768.5685088270562, "num_leaves": 496.3007023983414, "reg_alpha": 20.92977494144575, "reg_lambda": 29.827313800219294}, "datetime": {"datetime": "2019-11-19 08:51:16", "elapsed": 1958.287365, "delta": 39.573262}}
{"target": 0.5444064814641703, "params": {"colsample_bytree": 0.5651435168457457, "learning_rate": 0.7016613153684937, "max_bin": 16.10490060632922, "max_depth": 8.19851245088023, "min_child_samples": 994.4194102660142, "min_child_weight": 41.698860118486714, "num_leaves": 7.506105556686702, "reg_alpha": 27.68920838023055, "reg_lambda": 29.97332322022886}, "datetime": {"datetime": "2019-11-19 08:51:52", "elapsed": 1994.036432, "delta": 35.749067}}
{"target": 0.4368825597914393, "params": {"colsample_bytree": 0.21406338871737118, "learning_rate": 0.04391355844209132, "max_bin": 2.2917447033933254, "max_depth": 4.193920761503101, "min_child_samples": 59.98436228987899, "min_child_weight": 961.2798576734017, "num_leaves": 9.34667900694009, "reg_alpha": 22.147198204103653, "reg_lambda": 9.700724903864842}, "datetime": {"datetime": "2019-11-19 08:52:49", "elapsed": 2050.518566, "delta": 56.482134}}
{"target": 0.5422254635541677, "params": {"colsample_bytree": 0.34936647114312264, "learning_rate": 0.45588972953571516, "max_bin": 462.2763039603658, "max_depth": 6.706636594563799, "min_child_samples": 63.80698088575716, "min_child_weight": 976.1547229770869, "num_leaves": 449.22874681157197, "reg_alpha": 24.722751366656443, "reg_lambda": 22.28996025840492}, "datetime": {"datetime": "2019-11-19 08:53:32", "elapsed": 2094.155067, "delta": 43.636501}}
{"target": 0.5406810211977117, "params": {"colsample_bytree": 0.5256810731410285, "learning_rate": 0.7502644385371934, "max_bin": 10.219799439280802, "max_depth": 8.534839525418855, "min_child_samples": 522.8576855009655, "min_child_weight": 994.5602034740709, "num_leaves": 470.64139635073894, "reg_alpha": 0.2896295539380395, "reg_lambda": 27.856384137384048}, "datetime": {"datetime": "2019-11-19 08:54:12", "elapsed": 2133.718938, "delta": 39.563871}}
{"target": 0.541320618289911, "params": {"colsample_bytree": 0.5844028482447687, "learning_rate": 0.4114510679054437, "max_bin": 492.4415706056367, "max_depth": 4.208171883848292, "min_child_samples": 728.1592648814642, "min_child_weight": 990.6522497480247, "num_leaves": 39.62803176103777, "reg_alpha": 1.2511846928736647, "reg_lambda": 29.01500293229002}, "datetime": {"datetime": "2019-11-19 08:54:56", "elapsed": 2177.971022, "delta": 44.252084}}
{"target": 0.5299682579276065, "params": {"colsample_bytree": 0.42503405107903014, "learning_rate": 0.9858046489697811, "max_bin": 496.6208223753139, "max_depth": 9.21823344263563, "min_child_samples": 74.42624876032878, "min_child_weight": 39.58960445538628, "num_leaves": 22.53170199718915, "reg_alpha": 29.50717796557148, "reg_lambda": 23.62970002148355}, "datetime": {"datetime": "2019-11-19 08:55:34", "elapsed": 2215.621588, "delta": 37.650566}}
{"target": 0.5465223996445984, "params": {"colsample_bytree": 0.24779671415013804, "learning_rate": 0.21458307583030792, "max_bin": 8.608751586305315, "max_depth": 5.888185577313226, "min_child_samples": 1496.0854928233753, "min_child_weight": 89.3124594021371, "num_leaves": 480.94461184216993, "reg_alpha": 8.887563248441586, "reg_lambda": 19.526803542149153}, "datetime": {"datetime": "2019-11-19 08:56:13", "elapsed": 2255.216029, "delta": 39.594441}}
{"target": 0.543953479316527, "params": {"colsample_bytree": 0.4573316959072196, "learning_rate": 0.11777419147109856, "max_bin": 6.8031007606352505, "max_depth": 6.13019046951581, "min_child_samples": 1498.236050930613, "min_child_weight": 26.385460666250044, "num_leaves": 18.785796728215907, "reg_alpha": 23.50660904474225, "reg_lambda": 14.24257901186742}, "datetime": {"datetime": "2019-11-19 08:57:02", "elapsed": 2304.279451, "delta": 49.063422}}
{"target": 0.5430385643436374, "params": {"colsample_bytree": 0.3853963755051422, "learning_rate": 0.5144134833214211, "max_bin": 488.1123763580086, "max_depth": 8.517733227754928, "min_child_samples": 1488.6899601961481, "min_child_weight": 353.70956897822975, "num_leaves": 495.714959733302, "reg_alpha": 7.284851862675229, "reg_lambda": 20.69771655107555}, "datetime": {"datetime": "2019-11-19 08:57:47", "elapsed": 2348.537551, "delta": 44.2581}}
{"target": 0.5411473591722681, "params": {"colsample_bytree": 0.42942299139178153, "learning_rate": 0.3423702600938167, "max_bin": 495.8078063498456, "max_depth": 8.856597446538082, "min_child_samples": 54.90076830492087, "min_child_weight": 400.0875735015225, "num_leaves": 226.30617494861085, "reg_alpha": 6.864939563495126, "reg_lambda": 22.092605065973853}, "datetime": {"datetime": "2019-11-19 08:58:36", "elapsed": 2397.64951, "delta": 49.111959}}
{"target": 0.5439842589701386, "params": {"colsample_bytree": 0.1468137331795309, "learning_rate": 0.3963094908345297, "max_bin": 486.59714975439084, "max_depth": 3.7384923357889233, "min_child_samples": 1458.3617487618476, "min_child_weight": 983.0035966118511, "num_leaves": 498.00018746977213, "reg_alpha": 4.3304418194964125, "reg_lambda": 7.3733587053105385}, "datetime": {"datetime": "2019-11-19 08:59:12", "elapsed": 2434.387828, "delta": 36.738318}}
{"target": 0.5354342214647456, "params": {"colsample_bytree": 0.10987344535704562, "learning_rate": 0.7970408121748453, "max_bin": 8.171166780853426, "max_depth": 7.560326277076962, "min_child_samples": 1494.1654905505507, "min_child_weight": 397.1657178556608, "num_leaves": 28.453664091979817, "reg_alpha": 1.9691434355555582, "reg_lambda": 25.577156987321814}, "datetime": {"datetime": "2019-11-19 08:59:46", "elapsed": 2467.998825, "delta": 33.610997}}
{"target": 0.5486408679327907, "params": {"colsample_bytree": 0.4532601258300128, "learning_rate": 0.047195166159250984, "max_bin": 483.23891078517056, "max_depth": 4.600297662640079, "min_child_samples": 1398.1317871506528, "min_child_weight": 2.4846415253166043, "num_leaves": 6.620403085326489, "reg_alpha": 1.5753305218419846, "reg_lambda": 15.28506752064749}, "datetime": {"datetime": "2019-11-19 09:01:08", "elapsed": 2549.869982, "delta": 81.871157}}
{"target": 0.5337246432275043, "params": {"colsample_bytree": 0.3026494973269199, "learning_rate": 0.25699599680232205, "max_bin": 3.654710727618933, "max_depth": 8.15815741990631, "min_child_samples": 1498.0062027393342, "min_child_weight": 999.540732756377, "num_leaves": 475.90105198511407, "reg_alpha": 29.29050032311082, "reg_lambda": 22.343361080509798}, "datetime": {"datetime": "2019-11-19 09:01:56", "elapsed": 2597.757213, "delta": 47.887231}}
{"target": 0.5438724837858135, "params": {"colsample_bytree": 0.30619827431722746, "learning_rate": 0.20293272325903638, "max_bin": 482.1759734130352, "max_depth": 9.858228644563987, "min_child_samples": 397.78570974964714, "min_child_weight": 314.73185781413633, "num_leaves": 5.2618606123235665, "reg_alpha": 7.207377633846378, "reg_lambda": 25.731582097345488}, "datetime": {"datetime": "2019-11-19 09:02:42", "elapsed": 2643.852999, "delta": 46.095786}}
{"target": 0.5437194940347445, "params": {"colsample_bytree": 0.13909652053242966, "learning_rate": 0.09901685848087642, "max_bin": 290.567973509063, "max_depth": 3.049858191108186, "min_child_samples": 313.74903169126736, "min_child_weight": 993.1631966726027, "num_leaves": 306.3137289536953, "reg_alpha": 1.1769367876894696, "reg_lambda": 29.9138866774989}, "datetime": {"datetime": "2019-11-19 09:03:29", "elapsed": 2690.915924, "delta": 47.062925}}
{"target": 0.5252519193095677, "params": {"colsample_bytree": 0.4050101619035218, "learning_rate": 0.7523228720262607, "max_bin": 2.7918118176536377, "max_depth": 5.028038242281912, "min_child_samples": 777.5228297669391, "min_child_weight": 383.66489760102917, "num_leaves": 10.504418861872484, "reg_alpha": 1.39134783798074, "reg_lambda": 28.619660049985974}, "datetime": {"datetime": "2019-11-19 09:04:06", "elapsed": 2727.692479, "delta": 36.776555}}
{"target": 0.5461573519484181, "params": {"colsample_bytree": 0.550666524749921, "learning_rate": 0.5105736994388355, "max_bin": 497.7788910633638, "max_depth": 6.427896333069148, "min_child_samples": 979.0063183601476, "min_child_weight": 15.698016931499973, "num_leaves": 39.52501045265647, "reg_alpha": 28.72415086786821, "reg_lambda": 27.00456996881239}, "datetime": {"datetime": "2019-11-19 09:04:46", "elapsed": 2768.004047, "delta": 40.311568}}
{"target": 0.5245384375175489, "params": {"colsample_bytree": 0.46477304207058145, "learning_rate": 0.1756835278421528, "max_bin": 2.7006569672911676, "max_depth": 9.644018592452783, "min_child_samples": 938.9762422683538, "min_child_weight": 142.42499965667764, "num_leaves": 495.8851191457789, "reg_alpha": 2.7332280999010194, "reg_lambda": 20.44017442323149}, "datetime": {"datetime": "2019-11-19 09:05:28", "elapsed": 2810.23163, "delta": 42.227583}}
{"target": 0.5410067350394407, "params": {"colsample_bytree": 0.22926488568819164, "learning_rate": 0.29387005421730933, "max_bin": 495.7534059073366, "max_depth": 9.66903889661933, "min_child_samples": 1243.42297833418, "min_child_weight": 964.6200979456682, "num_leaves": 186.52475033258622, "reg_alpha": 28.58826813935653, "reg_lambda": 17.95290076617644}, "datetime": {"datetime": "2019-11-19 09:06:13", "elapsed": 2855.043528, "delta": 44.811898}}
{"target": 0.5418656164487746, "params": {"colsample_bytree": 0.09677901835454067, "learning_rate": 0.11659358633444923, "max_bin": 98.1733680722213, "max_depth": 8.915812312134381, "min_child_samples": 1490.2943088942582, "min_child_weight": 993.564163732763, "num_leaves": 12.250796557216336, "reg_alpha": 27.961944455300664, "reg_lambda": 8.599119680987357}, "datetime": {"datetime": "2019-11-19 09:07:04", "elapsed": 2906.008176, "delta": 50.964648}}
{"target": 0.5417447629401367, "params": {"colsample_bytree": 0.321970122642493, "learning_rate": 0.5539889558443409, "max_bin": 497.6272942275746, "max_depth": 8.23153426771773, "min_child_samples": 231.4482900596464, "min_child_weight": 178.51091752143992, "num_leaves": 487.98701046190024, "reg_alpha": 19.730109079788114, "reg_lambda": 29.31026522109425}, "datetime": {"datetime": "2019-11-19 09:07:47", "elapsed": 2948.657714, "delta": 42.649538}}
{"target": 0.5410730836661977, "params": {"colsample_bytree": 0.05876593099857564, "learning_rate": 0.05070068564214012, "max_bin": 5.156161451292617, "max_depth": 7.136165513794269, "min_child_samples": 50.06971388912328, "min_child_weight": 83.11549455222321, "num_leaves": 495.9116880084361, "reg_alpha": 18.6132184682496, "reg_lambda": 12.383722390916885}, "datetime": {"datetime": "2019-11-19 09:08:57", "elapsed": 3019.3582, "delta": 70.700486}}
{"target": 0.5468971777852367, "params": {"colsample_bytree": 0.1447013077962846, "learning_rate": 0.5292270456939371, "max_bin": 493.5526906591545, "max_depth": 5.845379427839926, "min_child_samples": 1480.004460229749, "min_child_weight": 583.8457626652084, "num_leaves": 16.59447859460355, "reg_alpha": 26.261709722355796, "reg_lambda": 24.48665943543509}, "datetime": {"datetime": "2019-11-19 09:09:34", "elapsed": 3055.866669, "delta": 36.508469}}
{"target": 0.5454241899093709, "params": {"colsample_bytree": 0.4486816793122545, "learning_rate": 0.014939186939225892, "max_bin": 241.94658420582726, "max_depth": 9.691826821591738, "min_child_samples": 68.9034770768072, "min_child_weight": 275.95293366978547, "num_leaves": 355.63026215514515, "reg_alpha": 1.572209431894316, "reg_lambda": 27.73708760748776}, "datetime": {"datetime": "2019-11-19 09:12:15", "elapsed": 3216.682733, "delta": 160.816064}}
{"target": 0.5403251106988562, "params": {"colsample_bytree": 0.07666321889981365, "learning_rate": 0.6086427105916098, "max_bin": 209.3894169321835, "max_depth": 7.386040713486604, "min_child_samples": 108.78140638357019, "min_child_weight": 995.9410951925571, "num_leaves": 485.0327021634973, "reg_alpha": 29.547430952095326, "reg_lambda": 23.217736596425176}, "datetime": {"datetime": "2019-11-19 09:12:51", "elapsed": 3252.597717, "delta": 35.914984}}
{"target": 0.540260131837214, "params": {"colsample_bytree": 0.3252819441059437, "learning_rate": 0.43020283155812195, "max_bin": 451.02551187179864, "max_depth": 8.235828880140122, "min_child_samples": 63.28066675602101, "min_child_weight": 991.2679483584315, "num_leaves": 234.8470007177924, "reg_alpha": 25.692403048807595, "reg_lambda": 2.3585034923706183}, "datetime": {"datetime": "2019-11-19 09:13:39", "elapsed": 3300.557789, "delta": 47.960072}}
{"target": 0.5499896702088775, "params": {"colsample_bytree": 0.2686978554082726, "learning_rate": 0.07263813269069366, "max_bin": 223.90629358719266, "max_depth": 4.94235332295063, "min_child_samples": 1475.7876261118722, "min_child_weight": 0.5320564323239574, "num_leaves": 498.7927934442127, "reg_alpha": 1.4172516873609635, "reg_lambda": 18.262105390329562}, "datetime": {"datetime": "2019-11-19 09:14:32", "elapsed": 3353.523399, "delta": 52.96561}}
{"target": 0.5442734461261003, "params": {"colsample_bytree": 0.4915167945697773, "learning_rate": 0.7022453292022194, "max_bin": 497.8487683981028, "max_depth": 5.555499898027163, "min_child_samples": 926.4318151628928, "min_child_weight": 5.526548504238821, "num_leaves": 421.91836899305866, "reg_alpha": 1.7060743188335923, "reg_lambda": 28.14700809551294}, "datetime": {"datetime": "2019-11-19 09:15:19", "elapsed": 3400.992007, "delta": 47.468608}}
{"target": 0.542999394154237, "params": {"colsample_bytree": 0.4145684601653839, "learning_rate": 0.9139956452254467, "max_bin": 491.9522722615848, "max_depth": 4.230288964049109, "min_child_samples": 822.285226554936, "min_child_weight": 552.7942337924904, "num_leaves": 10.623483260213458, "reg_alpha": 27.823662252434954, "reg_lambda": 21.018323376040037}, "datetime": {"datetime": "2019-11-19 09:15:57", "elapsed": 3438.796202, "delta": 37.804195}}
{"target": 0.5451780281937502, "params": {"colsample_bytree": 0.3645400330866025, "learning_rate": 0.0952889399411094, "max_bin": 481.64122338079045, "max_depth": 5.690106230634688, "min_child_samples": 1348.8719241445617, "min_child_weight": 661.0501333746708, "num_leaves": 474.22589914977243, "reg_alpha": 29.125841049691225, "reg_lambda": 0.3258503185105469}, "datetime": {"datetime": "2019-11-19 09:17:04", "elapsed": 3506.252859, "delta": 67.456657}}
